[2025-09-13T18:59:54.091Z] [LOG] [Startup] Logging to C:\Users\Hp\Desktop\codevail-app\logs\electron-2025-09-13T18-59-54-090Z.log
[2025-09-13T18:59:56.689Z] [LOG] Loading dev URL: http://localhost:3000
[2025-09-13T19:00:00.950Z] [LOG] [AntiCheat] Setting up monitoring system...
[2025-09-13T19:00:01.069Z] [LOG] [AntiCheat] Monitoring system initialized
[2025-09-13T19:00:01.116Z] [LOG] [AntiCheat] SESSION_START: {"candidateName":"DevAutoCandidate","interviewId":"auto-1757790001116","sessionId":"auto-1757790001116_1757790001116","role":"candidate","testStarted":true,"timestamp":"2025-09-13T19:00:01.116Z"}
[2025-09-13T19:00:01.182Z] [LOG] [AntiCheat] Session started: auto-1757790001116_1757790001116
[2025-09-13T19:00:01.185Z] [LOG] [AntiCheat][AUTO] Dev auto session initialized
[2025-09-13T19:00:01.213Z] [LOG] [AntiCheat][IPC] Test marked started in logger
[2025-09-13T19:00:01.224Z] [LOG] [AntiCheat][IPC] Grace period active until 2025-09-13T19:00:11.224Z
[2025-09-13T19:00:01.241Z] [LOG] [AntiCheat] Monitoring ACTIVATED (state=active)
[2025-09-13T19:00:01.243Z] [LOG] [AntiCheat][IPC] startMonitoring invoked (previous state=idle, current=active)
[2025-09-13T19:00:01.259Z] [LOG] [AntiCheat][IPC] Logger status after markTestStarted: {"isActive":true,"sessionId":"auto-1757790001116_1757790001116","eventCount":1,"suspiciousActivity":{"windowSwitches":0,"suspiciousProcesses":[],"clipboardEvents":0,"pasteAttempts":0},"riskLevel":"NONE","score":0,"role":"candidate","testStarted":true}
[2025-09-13T19:00:01.850Z] [LOG] [AntiCheat] Running process check (active)...
[2025-09-13T19:00:02.116Z] [LOG] [AntiCheat] startMonitoring called but interval already exists
[2025-09-13T19:00:06.257Z] [LOG] [AntiCheat] CLIPBOARD_CHANGE: {"contentLength":1517,"isLargePaste":true,"containsCode":true,"timestamp":"2025-09-13T19:00:06.256Z"}
[2025-09-13T19:00:06.558Z] [LOG] [AntiCheat] LARGE_PASTE_DETECTED: {"contentLength":1517,"preview":"1️⃣ Suppress repeated navigation logs\n\nRight now, ...","timestamp":"2025-09-13T19:00:06.558Z"}
[2025-09-13T19:00:08.257Z] [LOG] [AntiCheat] Running process check (active)...
[2025-09-13T19:00:12.879Z] [LOG] [AntiCheat] SUSPICIOUS_PROCESS: {"processes":["chrome.exe","discord.exe","whatsapp.exe"],"criticalViolations":[],"highSeverityViolations":["discord.exe"],"threatLevel":"high","shouldTerminate":true}
[2025-09-13T19:00:12.968Z] [LOG] [AntiCheat][DECIDE] willTerminate= true isCandidate= true loggerTestStarted= true testState= active sessionActive= true role= candidate terminationInProgress= false eventData= {"processes":["chrome.exe","discord.exe","whatsapp.exe"],"criticalViolations":[],"highSeverityViolations":["discord.exe"],"threatLevel":"high","shouldTerminate":true}
[2025-09-13T19:00:12.984Z] [LOG] [AntiCheat] Terminating due to violation: {"processes":["chrome.exe","discord.exe","whatsapp.exe"],"criticalViolations":[],"highSeverityViolations":["discord.exe"],"threatLevel":"high","shouldTerminate":true}
[2025-09-13T19:00:13.095Z] [LOG] [AntiCheat] TERMINATING INTERVIEW SESSION due to violations: ["chrome.exe","discord.exe","whatsapp.exe"]
[2025-09-13T19:00:13.116Z] [LOG] [AntiCheat] Monitoring STOPPED
[2025-09-13T19:00:13.130Z] [LOG] [AntiCheat] INTERVIEW_TERMINATED: {"reason":"Critical security violations detected","violations":["chrome.exe","discord.exe","whatsapp.exe"],"filteredViolations":["discord.exe","whatsapp.exe"],"criticalViolations":[],"highSeverityViolations":["discord.exe"],"threatLevel":"high","timestamp":"2025-09-13T19:00:13.130Z","terminationTriggered":true}
[2025-09-13T19:00:14.437Z] [LOG] [AntiCheat] Redirecting to termination page: http://localhost:3000/interview-terminated
[2025-09-13T19:00:17.251Z] [LOG] [AntiCheat] SUSPICIOUS_PROCESS: {"processes":["chrome.exe","discord.exe","whatsapp.exe"],"criticalViolations":[],"highSeverityViolations":["discord.exe"],"threatLevel":"high","shouldTerminate":true}
[2025-09-13T19:00:17.291Z] [LOG] [AntiCheat][DECIDE] willTerminate= true isCandidate= true loggerTestStarted= true testState= completed sessionActive= true role= candidate terminationInProgress= true eventData= {"processes":["chrome.exe","discord.exe","whatsapp.exe"],"criticalViolations":[],"highSeverityViolations":["discord.exe"],"threatLevel":"high","shouldTerminate":true}
[2025-09-13T19:00:17.331Z] [WARN] [AntiCheat] Termination already in progress; ignoring duplicate trigger.
[2025-09-13T19:00:17.367Z] [LOG] [AntiCheat] PROCESS_SCAN: {"banned":["chrome.exe","discord.exe","whatsapp.exe"],"criticalViolations":[],"highSeverityViolations":["discord.exe"],"threatLevel":"high","shouldTerminate":true}
[2025-09-13T19:00:17.382Z] [LOG] [AntiCheat][BOOT] Terminating via bootstrap scan...
[2025-09-13T19:00:17.417Z] [LOG] [AntiCheat] TERMINATING INTERVIEW SESSION due to violations: ["chrome.exe","discord.exe","whatsapp.exe"]
[2025-09-13T19:00:17.464Z] [LOG] [AntiCheat] INTERVIEW_TERMINATED: {"reason":"Critical security violations detected","violations":["chrome.exe","discord.exe","whatsapp.exe"],"filteredViolations":["discord.exe","whatsapp.exe"],"criticalViolations":[],"highSeverityViolations":["discord.exe"],"threatLevel":"high","timestamp":"2025-09-13T19:00:17.464Z","terminationTriggered":true}
[2025-09-13T19:00:18.689Z] [LOG] [AntiCheat] Redirecting to termination page: http://localhost:3000/interview-terminated
[2025-09-13T19:00:33.073Z] [LOG] [AntiCheat] terminationInProgress cleared (termination page loaded)
[2025-09-13T19:00:33.122Z] [LOG] [AntiCheat][IPC] Test marked started in logger
[2025-09-13T19:00:33.124Z] [LOG] [AntiCheat][IPC] Grace period active until 2025-09-13T19:00:43.124Z
[2025-09-13T19:00:33.130Z] [LOG] [AntiCheat] startMonitoring from completed -> rearming (new session assumed)
[2025-09-13T19:00:33.131Z] [LOG] [AntiCheat] Monitoring ACTIVATED (state=active)
[2025-09-13T19:00:33.141Z] [LOG] [AntiCheat][IPC] startMonitoring invoked (previous state=completed, current=active)
[2025-09-13T19:00:33.146Z] [LOG] [AntiCheat][IPC] Logger status after markTestStarted: {"isActive":true,"sessionId":"auto-1757790001116_1757790001116","eventCount":8,"suspiciousActivity":{"windowSwitches":0,"suspiciousProcesses":[null],"clipboardEvents":1,"pasteAttempts":1},"riskLevel":"MEDIUM","score":16,"role":"candidate","testStarted":true}
[2025-09-13T19:00:33.754Z] [LOG] [AntiCheat] Running process check (active)...
[2025-09-13T19:00:33.914Z] [LOG] [AntiCheat] startMonitoring called but interval already exists
[2025-09-13T19:00:36.397Z] [LOG] [AntiCheat] SUSPICIOUS_PROCESS: {"processes":["chrome.exe","discord.exe","whatsapp.exe"],"criticalViolations":[],"highSeverityViolations":["discord.exe"],"threatLevel":"high","shouldTerminate":true}
[2025-09-13T19:00:36.403Z] [LOG] [AntiCheat][DECIDE] willTerminate= true isCandidate= true loggerTestStarted= true testState= active sessionActive= true role= candidate terminationInProgress= false eventData= {"processes":["chrome.exe","discord.exe","whatsapp.exe"],"criticalViolations":[],"highSeverityViolations":["discord.exe"],"threatLevel":"high","shouldTerminate":true}
[2025-09-13T19:00:36.409Z] [LOG] [AntiCheat][GRACE] Suppressing termination inside periodic process check until 2025-09-13T19:00:43.124Z
[2025-09-13T19:00:37.180Z] [LOG] [AntiCheat][IPC] Test marked started in logger
[2025-09-13T19:00:37.187Z] [LOG] [AntiCheat][IPC] Grace period active until 2025-09-13T19:00:47.187Z
[2025-09-13T19:00:37.188Z] [LOG] [AntiCheat] startMonitoring called but interval already exists
[2025-09-13T19:00:37.264Z] [LOG] [AntiCheat][IPC] startMonitoring invoked (previous state=active, current=active)
[2025-09-13T19:00:37.274Z] [LOG] [AntiCheat][IPC] Logger status after markTestStarted: {"isActive":true,"sessionId":"auto-1757790001116_1757790001116","eventCount":9,"suspiciousActivity":{"windowSwitches":0,"suspiciousProcesses":[null],"clipboardEvents":1,"pasteAttempts":1},"riskLevel":"MEDIUM","score":16,"role":"candidate","testStarted":true}
[2025-09-13T19:00:37.895Z] [LOG] [AntiCheat] startMonitoring called but interval already exists
[2025-09-13T19:00:38.149Z] [LOG] [AntiCheat] CLIPBOARD_CHANGE: {"contentLength":1517,"isLargePaste":true,"containsCode":true,"timestamp":"2025-09-13T19:00:38.149Z"}
[2025-09-13T19:00:38.192Z] [LOG] [AntiCheat] LARGE_PASTE_DETECTED: {"contentLength":1517,"preview":"1️⃣ Suppress repeated navigation logs\n\nRight now, ...","timestamp":"2025-09-13T19:00:38.192Z"}
[2025-09-13T19:00:40.145Z] [LOG] [AntiCheat] Running process check (active)...
[2025-09-13T19:00:42.677Z] [LOG] [AntiCheat] PROCESS_SCAN: {"banned":["chrome.exe","discord.exe","whatsapp.exe"],"criticalViolations":[],"highSeverityViolations":["discord.exe"],"threatLevel":"high","shouldTerminate":true}
[2025-09-13T19:00:42.694Z] [LOG] [AntiCheat][BOOT][GRACE] Violation detected but within grace window; suppression active
[2025-09-13T19:00:44.769Z] [LOG] [AntiCheat] SUSPICIOUS_PROCESS: {"processes":["chrome.exe","discord.exe","whatsapp.exe"],"criticalViolations":[],"highSeverityViolations":["discord.exe"],"threatLevel":"high","shouldTerminate":true}
[2025-09-13T19:00:44.777Z] [LOG] [AntiCheat][DECIDE] willTerminate= true isCandidate= true loggerTestStarted= true testState= active sessionActive= true role= candidate terminationInProgress= false eventData= {"processes":["chrome.exe","discord.exe","whatsapp.exe"],"criticalViolations":[],"highSeverityViolations":["discord.exe"],"threatLevel":"high","shouldTerminate":true}
[2025-09-13T19:00:44.811Z] [LOG] [AntiCheat][GRACE] Suppressing termination inside periodic process check until 2025-09-13T19:00:47.187Z
[2025-09-13T19:00:47.155Z] [LOG] [AntiCheat] Running process check (active)...
[2025-09-13T19:00:47.572Z] [LOG] [AntiCheat] PROCESS_SCAN: {"banned":["chrome.exe","discord.exe","whatsapp.exe"],"criticalViolations":[],"highSeverityViolations":["discord.exe"],"threatLevel":"high","shouldTerminate":true}
[2025-09-13T19:00:47.583Z] [LOG] [AntiCheat][BOOT] Terminating via bootstrap scan...
[2025-09-13T19:00:47.589Z] [LOG] [AntiCheat] TERMINATING INTERVIEW SESSION due to violations: ["chrome.exe","discord.exe","whatsapp.exe"]
[2025-09-13T19:00:47.600Z] [LOG] [AntiCheat] Monitoring STOPPED
[2025-09-13T19:00:47.602Z] [LOG] [AntiCheat] INTERVIEW_TERMINATED: {"reason":"Critical security violations detected","violations":["chrome.exe","discord.exe","whatsapp.exe"],"filteredViolations":["discord.exe","whatsapp.exe"],"criticalViolations":[],"highSeverityViolations":["discord.exe"],"threatLevel":"high","timestamp":"2025-09-13T19:00:47.602Z","terminationTriggered":true}
[2025-09-13T19:00:48.425Z] [LOG] [AntiCheat] SUSPICIOUS_PROCESS: {"processes":["chrome.exe","discord.exe","whatsapp.exe"],"criticalViolations":[],"highSeverityViolations":["discord.exe"],"threatLevel":"high","shouldTerminate":true}
[2025-09-13T19:00:48.429Z] [LOG] [AntiCheat][DECIDE] willTerminate= true isCandidate= true loggerTestStarted= true testState= completed sessionActive= true role= candidate terminationInProgress= false eventData= {"processes":["chrome.exe","discord.exe","whatsapp.exe"],"criticalViolations":[],"highSeverityViolations":["discord.exe"],"threatLevel":"high","shouldTerminate":true}
[2025-09-13T19:00:48.448Z] [LOG] [AntiCheat] Terminating due to violation: {"processes":["chrome.exe","discord.exe","whatsapp.exe"],"criticalViolations":[],"highSeverityViolations":["discord.exe"],"threatLevel":"high","shouldTerminate":true}
[2025-09-13T19:00:48.453Z] [LOG] [AntiCheat] TERMINATING INTERVIEW SESSION due to violations: ["chrome.exe","discord.exe","whatsapp.exe"]
[2025-09-13T19:00:48.459Z] [LOG] [AntiCheat] INTERVIEW_TERMINATED: {"reason":"Critical security violations detected","violations":["chrome.exe","discord.exe","whatsapp.exe"],"filteredViolations":["discord.exe","whatsapp.exe"],"criticalViolations":[],"highSeverityViolations":["discord.exe"],"threatLevel":"high","timestamp":"2025-09-13T19:00:48.459Z","terminationTriggered":true}
[2025-09-13T19:00:48.834Z] [LOG] [AntiCheat] Redirecting to termination page: http://localhost:3000/interview-terminated
[2025-09-13T19:00:49.685Z] [LOG] [AntiCheat] Redirecting to termination page: http://localhost:3000/interview-terminated
[2025-09-13T19:00:50.869Z] [ERROR] [App] Failed to load URL: {"errorCode":-3,"errorDesc":"","validatedURL":"http://localhost:3000/interview-terminated","attempt":0}
[2025-09-13T19:00:50.900Z] [WARN] [App] Retry loading (1/5) in 1200ms...
[2025-09-13T19:00:52.238Z] [ERROR] [App] Failed to load URL: {"errorCode":-3,"errorDesc":"","validatedURL":"http://localhost:3000/interview-terminated","attempt":1}
[2025-09-13T19:00:52.256Z] [WARN] [App] Retry loading (2/5) in 1500ms...
[2025-09-13T19:00:53.770Z] [ERROR] [App] Retry load failed: ERR_ABORTED (-3) loading 'http://localhost:3000/'
[2025-09-13T19:00:54.050Z] [LOG] [AntiCheat][IPC] Test marked started in logger
[2025-09-13T19:00:54.054Z] [LOG] [AntiCheat][IPC] Grace period active until 2025-09-13T19:01:04.054Z
[2025-09-13T19:00:54.055Z] [LOG] [AntiCheat] startMonitoring from completed -> rearming (new session assumed)
[2025-09-13T19:00:54.057Z] [LOG] [AntiCheat] Monitoring ACTIVATED (state=active)
[2025-09-13T19:00:54.058Z] [LOG] [AntiCheat][IPC] startMonitoring invoked (previous state=completed, current=active)
[2025-09-13T19:00:54.059Z] [LOG] [AntiCheat][IPC] Logger status after markTestStarted: {"isActive":true,"sessionId":"auto-1757790001116_1757790001116","eventCount":17,"suspiciousActivity":{"windowSwitches":0,"suspiciousProcesses":[null],"clipboardEvents":2,"pasteAttempts":2},"riskLevel":"HIGH","score":22,"role":"candidate","testStarted":true}
[2025-09-13T19:00:54.687Z] [LOG] [AntiCheat] startMonitoring called but interval already exists
[2025-09-13T19:00:57.160Z] [LOG] [AntiCheat][IPC] Test marked started in logger
[2025-09-13T19:00:57.166Z] [LOG] [AntiCheat][IPC] Grace period active until 2025-09-13T19:01:07.166Z
[2025-09-13T19:00:57.168Z] [LOG] [AntiCheat] startMonitoring called but interval already exists
[2025-09-13T19:00:57.170Z] [LOG] [AntiCheat][IPC] startMonitoring invoked (previous state=active, current=active)
[2025-09-13T19:00:57.174Z] [LOG] [AntiCheat][IPC] Logger status after markTestStarted: {"isActive":true,"sessionId":"auto-1757790001116_1757790001116","eventCount":17,"suspiciousActivity":{"windowSwitches":0,"suspiciousProcesses":[null],"clipboardEvents":2,"pasteAttempts":2},"riskLevel":"HIGH","score":22,"role":"candidate","testStarted":true}
[2025-09-13T19:00:57.821Z] [LOG] [AntiCheat] startMonitoring called but interval already exists
[2025-09-13T19:00:59.067Z] [LOG] [AntiCheat] CLIPBOARD_CHANGE: {"contentLength":1517,"isLargePaste":true,"containsCode":true,"timestamp":"2025-09-13T19:00:59.067Z"}
[2025-09-13T19:00:59.237Z] [LOG] [AntiCheat] LARGE_PASTE_DETECTED: {"contentLength":1517,"preview":"1️⃣ Suppress repeated navigation logs\n\nRight now, ...","timestamp":"2025-09-13T19:00:59.237Z"}
[2025-09-13T19:01:11.349Z] [LOG] [AntiCheat] WINDOW_LOST_FOCUS: {"duration":0,"timestamp":"2025-09-13T19:01:11.349Z"}
[2025-09-13T19:01:13.281Z] [LOG] [AntiCheat] WINDOW_REGAINED_FOCUS: {"duration":1932,"awayTimeSeconds":2,"timestamp":"2025-09-13T19:01:13.281Z"}
[2025-09-13T19:01:20.136Z] [LOG] [AntiCheat] PROCESS_SCAN: {"banned":["chrome.exe","discord.exe","whatsapp.exe"],"criticalViolations":[],"highSeverityViolations":["discord.exe"],"threatLevel":"high","shouldTerminate":true}
[2025-09-13T19:01:20.143Z] [LOG] [AntiCheat][BOOT] Terminating via bootstrap scan...
[2025-09-13T19:01:20.145Z] [LOG] [AntiCheat] TERMINATING INTERVIEW SESSION due to violations: ["chrome.exe","discord.exe","whatsapp.exe"]
[2025-09-13T19:01:20.147Z] [LOG] [AntiCheat] Monitoring STOPPED
[2025-09-13T19:01:20.149Z] [LOG] [AntiCheat] INTERVIEW_TERMINATED: {"reason":"Critical security violations detected","violations":["chrome.exe","discord.exe","whatsapp.exe"],"filteredViolations":["discord.exe","whatsapp.exe"],"criticalViolations":[],"highSeverityViolations":["discord.exe"],"threatLevel":"high","timestamp":"2025-09-13T19:01:20.149Z","terminationTriggered":true}
[2025-09-13T19:01:21.362Z] [LOG] [AntiCheat] Redirecting to termination page: http://localhost:3000/interview-terminated
[2025-09-13T19:01:22.977Z] [LOG] [AntiCheat][IPC] Test marked started in logger
[2025-09-13T19:01:22.979Z] [LOG] [AntiCheat][IPC] Grace period active until 2025-09-13T19:01:32.979Z
[2025-09-13T19:01:22.981Z] [LOG] [AntiCheat] startMonitoring from completed -> rearming (new session assumed)
[2025-09-13T19:01:22.984Z] [LOG] [AntiCheat] Monitoring ACTIVATED (state=active)
[2025-09-13T19:01:22.986Z] [LOG] [AntiCheat][IPC] startMonitoring invoked (previous state=completed, current=active)
[2025-09-13T19:01:22.992Z] [LOG] [AntiCheat][IPC] Logger status after markTestStarted: {"isActive":true,"sessionId":"auto-1757790001116_1757790001116","eventCount":23,"suspiciousActivity":{"windowSwitches":1,"suspiciousProcesses":[null],"clipboardEvents":3,"pasteAttempts":3},"riskLevel":"HIGH","score":30,"role":"candidate","testStarted":true}
[2025-09-13T19:01:23.598Z] [LOG] [AntiCheat] Running process check (active)...
[2025-09-13T19:01:23.802Z] [LOG] [AntiCheat] startMonitoring called but interval already exists
[2025-09-13T19:01:26.503Z] [LOG] [AntiCheat] SESSION_END: {"sessionId":"auto-1757790001116_1757790001116","totalEvents":23,"suspiciousActivity":{"windowSwitches":1,"suspiciousProcesses":[null],"clipboardEvents":3,"pasteAttempts":3},"timestamp":"2025-09-13T19:01:26.503Z"}
[2025-09-13T19:01:26.557Z] [LOG] [AntiCheat] Session log saved: C:\Users\Hp\Desktop\codevail-app\logs\session_auto-1757790001116_1757790001116.json
[2025-09-13T19:01:26.603Z] [LOG] [AntiCheat] Session ended: auto-1757790001116_1757790001116
[2025-09-13T19:01:26.614Z] [LOG] [Diag] Process exiting with code 0
