[2025-09-13T17:51:44.415Z] [LOG] [Startup] Logging to C:\Users\Hp\Desktop\codevail-app\logs\electron-2025-09-13T17-51-44-414Z.log
[2025-09-13T17:51:56.244Z] [LOG] Loading dev URL: http://localhost:3000
[2025-09-13T17:51:57.264Z] [LOG] [Nav] did-navigate http://localhost:3000/
[2025-09-13T17:51:58.455Z] [LOG] [AntiCheat] Setting up monitoring system...
[2025-09-13T17:51:58.499Z] [LOG] [AntiCheat] Monitoring system initialized
[2025-09-13T17:51:58.583Z] [LOG] [Nav] did-navigate-in-page http://localhost:3000/
[2025-09-13T17:52:05.050Z] [LOG] [Nav] did-navigate-in-page http://localhost:3000/login
[2025-09-13T17:52:06.504Z] [LOG] [Nav] did-navigate-in-page http://localhost:3000/login
[2025-09-13T17:52:08.859Z] [LOG] [Nav] did-navigate-in-page http://localhost:3000/login
[2025-09-13T17:52:10.213Z] [LOG] [Nav] did-navigate-in-page http://localhost:3000/login
[2025-09-13T17:52:13.176Z] [LOG] [Nav] did-navigate-in-page http://localhost:3000/candidate-dashboard
[2025-09-13T17:52:14.512Z] [LOG] [Nav] did-navigate-in-page http://localhost:3000/candidate-dashboard
[2025-09-13T17:52:15.284Z] [LOG] [Nav] did-navigate-in-page http://localhost:3000/candidate-dashboard
[2025-09-13T17:52:17.400Z] [LOG] [Nav] did-navigate-in-page http://localhost:3000/interview
[2025-09-13T17:52:19.018Z] [LOG] [Nav] did-navigate-in-page http://localhost:3000/interview
[2025-09-13T17:52:21.352Z] [LOG] [Nav] did-navigate-in-page http://localhost:3000/interview
[2025-09-13T17:52:25.204Z] [LOG] [Nav] did-navigate-in-page http://localhost:3000/interview
[2025-09-13T17:52:26.974Z] [LOG] [Nav] did-navigate-in-page http://localhost:3000/interview
[2025-09-13T17:52:27.937Z] [LOG] [Nav] did-navigate-in-page http://localhost:3000/interview
[2025-09-13T17:52:29.306Z] [LOG] [Nav] did-navigate-in-page http://localhost:3000/interview
[2025-09-13T17:52:30.688Z] [LOG] [Nav] did-navigate-in-page http://localhost:3000/interview
[2025-09-13T17:52:32.532Z] [LOG] [Nav] did-navigate-in-page http://localhost:3000/interview
[2025-09-13T17:52:34.288Z] [LOG] [Nav] did-navigate-in-page http://localhost:3000/interview
[2025-09-13T17:52:36.023Z] [LOG] [Nav] did-navigate-in-page http://localhost:3000/interview
[2025-09-13T17:52:37.388Z] [LOG] [Nav] did-navigate-in-page http://localhost:3000/interview
[2025-09-13T17:52:38.818Z] [LOG] [Nav] did-navigate-in-page http://localhost:3000/interview
[2025-09-13T17:52:40.109Z] [LOG] [Nav] did-navigate-in-page http://localhost:3000/interview
[2025-09-13T17:52:42.750Z] [LOG] [Nav] did-navigate-in-page http://localhost:3000/interview
[2025-09-13T17:52:44.729Z] [LOG] [Nav] did-navigate-in-page http://localhost:3000/interview
[2025-09-13T17:52:50.317Z] [LOG] [Nav] did-navigate-in-page http://localhost:3000/interview
[2025-09-13T17:52:51.579Z] [LOG] [Nav] did-navigate-in-page http://localhost:3000/interview
[2025-09-13T17:52:55.359Z] [LOG] [Nav] did-navigate-in-page http://localhost:3000/interview
[2025-09-13T17:52:57.045Z] [LOG] [Nav] did-navigate-in-page http://localhost:3000/interview
[2025-09-13T17:52:57.902Z] [LOG] [Nav] did-navigate-in-page http://localhost:3000/interview
[2025-09-13T17:52:58.788Z] [LOG] [Nav] did-navigate-in-page http://localhost:3000/interview
[2025-09-13T17:53:00.122Z] [LOG] [Nav] did-navigate-in-page http://localhost:3000/interview
[2025-09-13T17:53:00.888Z] [LOG] [Nav] did-navigate-in-page http://localhost:3000/interview
[2025-09-13T17:53:02.290Z] [LOG] [Nav] did-navigate-in-page http://localhost:3000/interview
[2025-09-13T17:53:03.450Z] [LOG] [Nav] did-navigate-in-page http://localhost:3000/interview
[2025-09-13T17:53:04.202Z] [LOG] [Nav] did-navigate-in-page http://localhost:3000/interview
[2025-09-13T17:53:05.143Z] [LOG] [Nav] did-navigate-in-page http://localhost:3000/interview
[2025-09-13T17:53:06.115Z] [LOG] [Nav] did-navigate-in-page http://localhost:3000/interview
[2025-09-13T17:53:06.904Z] [LOG] [Nav] did-navigate-in-page http://localhost:3000/interview
[2025-09-13T17:53:07.514Z] [LOG] [Nav] did-navigate-in-page http://localhost:3000/interview
[2025-09-13T17:53:08.233Z] [LOG] [Nav] did-navigate-in-page http://localhost:3000/interview
[2025-09-13T17:53:09.210Z] [LOG] [Nav] did-navigate-in-page http://localhost:3000/interview
[2025-09-13T17:53:10.175Z] [LOG] [Nav] did-navigate-in-page http://localhost:3000/interview
[2025-09-13T17:53:10.988Z] [LOG] [Nav] did-navigate-in-page http://localhost:3000/interview
[2025-09-13T17:53:11.730Z] [LOG] [Nav] did-navigate-in-page http://localhost:3000/interview
[2025-09-13T17:53:12.660Z] [LOG] [Nav] did-navigate-in-page http://localhost:3000/interview
[2025-09-13T17:53:13.940Z] [LOG] [Nav] did-navigate-in-page http://localhost:3000/interview
[2025-09-13T17:53:15.604Z] [LOG] [Nav] did-navigate-in-page http://localhost:3000/interview
[2025-09-13T17:53:20.434Z] [LOG] [Nav] did-navigate-in-page http://localhost:3000/interview
[2025-09-13T17:53:21.906Z] [LOG] [Nav] did-navigate-in-page http://localhost:3000/interview
[2025-09-13T17:53:23.163Z] [LOG] [Nav] did-navigate-in-page http://localhost:3000/interview
[2025-09-13T17:53:24.143Z] [LOG] [Nav] did-navigate-in-page http://localhost:3000/interview
[2025-09-13T17:53:25.071Z] [LOG] [Nav] did-navigate-in-page http://localhost:3000/interview
[2025-09-13T17:53:25.685Z] [LOG] [Nav] did-navigate-in-page http://localhost:3000/interview
[2025-09-13T17:53:26.284Z] [LOG] [Nav] did-navigate-in-page http://localhost:3000/interview
[2025-09-13T17:53:26.909Z] [LOG] [Nav] did-navigate-in-page http://localhost:3000/interview
[2025-09-13T17:53:27.748Z] [LOG] [Nav] did-navigate-in-page http://localhost:3000/interview
[2025-09-13T17:53:28.370Z] [LOG] [Nav] did-navigate-in-page http://localhost:3000/interview
[2025-09-13T17:53:29.363Z] [LOG] [Nav] did-navigate-in-page http://localhost:3000/interview
