[2025-09-13T19:23:16.205Z] [LOG] [Startup] Logging to C:\Users\Hp\Desktop\codevail-app\logs\electron-2025-09-13T19-23-16-204Z.log
[2025-09-13T19:23:18.433Z] [LOG] Loading dev URL: http://localhost:3000
[2025-09-13T19:23:22.388Z] [LOG] [AntiCheat] PROCESS_SCAN: {"banned":["chrome.exe","discord.exe","whatsapp.exe"],"criticalViolations":[],"highSeverityViolations":["discord.exe"],"threatLevel":"high","shouldTerminate":true}
[2025-09-13T19:23:22.405Z] [LOG] [AntiCheat][Startup] Detected violations at startup: ["chrome.exe","discord.exe","whatsapp.exe"]
[2025-09-13T19:23:22.409Z] [LOG] [AntiCheat][Startup] Blocking startup due to critical violations
[2025-09-13T19:23:28.497Z] [LOG] [AntiCheat] Setting up monitoring system...
[2025-09-13T19:23:28.508Z] [LOG] [AntiCheat] Monitoring system initialized
[2025-09-13T19:23:28.513Z] [LOG] [AntiCheat] SESSION_START: {"candidateName":"DevAutoCandidate","interviewId":"auto-1757791408513","sessionId":"auto-1757791408513_1757791408513","role":"candidate","testStarted":true,"timestamp":"2025-09-13T19:23:28.513Z"}
[2025-09-13T19:23:28.521Z] [LOG] [AntiCheat] Session started: auto-1757791408513_1757791408513
[2025-09-13T19:23:28.524Z] [LOG] [AntiCheat][AUTO] Dev auto session initialized
[2025-09-13T19:23:28.531Z] [LOG] [AntiCheat][IPC] Test marked started in logger
[2025-09-13T19:23:28.532Z] [LOG] [AntiCheat][IPC] Grace period active until 2025-09-13T19:23:38.532Z
[2025-09-13T19:23:28.550Z] [LOG] [AntiCheat] Monitoring ACTIVATED (state=active)
[2025-09-13T19:23:28.577Z] [LOG] [AntiCheat][IPC] startMonitoring invoked (previous state=idle, current=active)
[2025-09-13T19:23:28.583Z] [LOG] [AntiCheat][IPC] Logger status after markTestStarted: {"isActive":true,"sessionId":"auto-1757791408513_1757791408513","eventCount":1,"suspiciousActivity":{"windowSwitches":0,"suspiciousProcesses":[],"clipboardEvents":0,"pasteAttempts":0},"riskLevel":"NONE","score":0,"role":"candidate","testStarted":true}
[2025-09-13T19:23:29.180Z] [LOG] [AntiCheat] Running process check (active)...
[2025-09-13T19:23:29.344Z] [LOG] [AntiCheat] startMonitoring called but interval already exists
[2025-09-13T19:23:32.728Z] [LOG] [AntiCheat] SUSPICIOUS_PROCESS: {"processes":["chrome.exe","discord.exe","whatsapp.exe"],"criticalViolations":[],"highSeverityViolations":["discord.exe"],"threatLevel":"high","shouldTerminate":true}
[2025-09-13T19:23:32.732Z] [LOG] [AntiCheat][DECIDE] willTerminate= true isCandidate= true loggerTestStarted= true testState= active sessionActive= true role= candidate terminationInProgress= false eventData= {"processes":["chrome.exe","discord.exe","whatsapp.exe"],"criticalViolations":[],"highSeverityViolations":["discord.exe"],"threatLevel":"high","shouldTerminate":true}
[2025-09-13T19:23:32.734Z] [LOG] [AntiCheat][GRACE] Suppressing termination inside periodic process check until 2025-09-13T19:23:38.532Z
[2025-09-13T19:23:33.580Z] [LOG] [AntiCheat] CLIPBOARD_CHANGE: {"contentLength":1517,"isLargePaste":true,"containsCode":true,"timestamp":"2025-09-13T19:23:33.580Z"}
[2025-09-13T19:23:33.599Z] [LOG] [AntiCheat] LARGE_PASTE_DETECTED: {"contentLength":1517,"preview":"1️⃣ Suppress repeated navigation logs\n\nRight now, ...","timestamp":"2025-09-13T19:23:33.599Z"}
[2025-09-13T19:23:35.542Z] [LOG] [AntiCheat] PROCESS_SCAN: {"banned":["chrome.exe","discord.exe","whatsapp.exe"],"criticalViolations":[],"highSeverityViolations":["discord.exe"],"threatLevel":"high","shouldTerminate":true}
[2025-09-13T19:23:35.546Z] [LOG] [AntiCheat][BOOT][GRACE] Violation detected but within grace window; suppression active
[2025-09-13T19:23:35.592Z] [LOG] [AntiCheat] Running process check (active)...
[2025-09-13T19:23:36.864Z] [LOG] [AntiCheat] SUSPICIOUS_PROCESS: {"processes":["chrome.exe","discord.exe","whatsapp.exe"],"criticalViolations":[],"highSeverityViolations":["discord.exe"],"threatLevel":"high","shouldTerminate":true}
[2025-09-13T19:23:36.873Z] [LOG] [AntiCheat][DECIDE] willTerminate= true isCandidate= true loggerTestStarted= true testState= active sessionActive= true role= candidate terminationInProgress= false eventData= {"processes":["chrome.exe","discord.exe","whatsapp.exe"],"criticalViolations":[],"highSeverityViolations":["discord.exe"],"threatLevel":"high","shouldTerminate":true}
[2025-09-13T19:23:36.911Z] [LOG] [AntiCheat][GRACE] Suppressing termination inside periodic process check until 2025-09-13T19:23:38.532Z
[2025-09-13T19:23:41.582Z] [LOG] [AntiCheat] PROCESS_SCAN: {"banned":["chrome.exe","discord.exe","whatsapp.exe"],"criticalViolations":[],"highSeverityViolations":["discord.exe"],"threatLevel":"high","shouldTerminate":true}
[2025-09-13T19:23:41.584Z] [LOG] [AntiCheat][BOOT] Terminating via bootstrap scan...
[2025-09-13T19:23:41.588Z] [LOG] [AntiCheat] TERMINATING INTERVIEW SESSION due to violations: ["chrome.exe","discord.exe","whatsapp.exe"]
[2025-09-13T19:23:41.590Z] [LOG] [AntiCheat] Monitoring STOPPED
[2025-09-13T19:23:41.592Z] [LOG] [AntiCheat] INTERVIEW_TERMINATED: {"reason":"Critical security violations detected","violations":["chrome.exe","discord.exe","whatsapp.exe"],"filteredViolations":["discord.exe","whatsapp.exe"],"criticalViolations":[],"highSeverityViolations":["discord.exe"],"threatLevel":"high","timestamp":"2025-09-13T19:23:41.592Z","terminationTriggered":true}
[2025-09-13T19:23:42.797Z] [LOG] [AntiCheat] Redirecting to termination page: http://localhost:3000/interview-terminated
[2025-09-13T19:23:47.407Z] [LOG] [AntiCheat][IPC] Test marked started in logger
[2025-09-13T19:23:47.411Z] [LOG] [AntiCheat][IPC] Grace period active until 2025-09-13T19:23:57.411Z
[2025-09-13T19:23:47.413Z] [LOG] [AntiCheat] startMonitoring from completed -> rearming (new session assumed)
[2025-09-13T19:23:47.415Z] [LOG] [AntiCheat] Monitoring ACTIVATED (state=active)
[2025-09-13T19:23:47.440Z] [LOG] [AntiCheat][IPC] startMonitoring invoked (previous state=completed, current=active)
[2025-09-13T19:23:47.456Z] [LOG] [AntiCheat][IPC] Logger status after markTestStarted: {"isActive":true,"sessionId":"auto-1757791408513_1757791408513","eventCount":8,"suspiciousActivity":{"windowSwitches":0,"suspiciousProcesses":[null],"clipboardEvents":1,"pasteAttempts":1},"riskLevel":"MEDIUM","score":16,"role":"candidate","testStarted":true}
[2025-09-13T19:23:48.053Z] [LOG] [AntiCheat] Running process check (active)...
[2025-09-13T19:23:48.335Z] [LOG] [AntiCheat] startMonitoring called but interval already exists
[2025-09-13T19:23:52.441Z] [LOG] [AntiCheat] CLIPBOARD_CHANGE: {"contentLength":1517,"isLargePaste":true,"containsCode":true,"timestamp":"2025-09-13T19:23:52.441Z"}
[2025-09-13T19:23:52.504Z] [LOG] [AntiCheat] LARGE_PASTE_DETECTED: {"contentLength":1517,"preview":"1️⃣ Suppress repeated navigation logs\n\nRight now, ...","timestamp":"2025-09-13T19:23:52.504Z"}
[2025-09-13T19:23:52.529Z] [LOG] [AntiCheat] SUSPICIOUS_PROCESS: {"processes":["chrome.exe","discord.exe","whatsapp.exe"],"criticalViolations":[],"highSeverityViolations":["discord.exe"],"threatLevel":"high","shouldTerminate":true}
[2025-09-13T19:23:52.571Z] [LOG] [AntiCheat][DECIDE] willTerminate= true isCandidate= true loggerTestStarted= true testState= active sessionActive= true role= candidate terminationInProgress= false eventData= {"processes":["chrome.exe","discord.exe","whatsapp.exe"],"criticalViolations":[],"highSeverityViolations":["discord.exe"],"threatLevel":"high","shouldTerminate":true}
[2025-09-13T19:23:52.595Z] [LOG] [AntiCheat][GRACE] Suppressing termination inside periodic process check until 2025-09-13T19:23:57.411Z
[2025-09-13T19:23:54.442Z] [LOG] [AntiCheat] Running process check (active)...
[2025-09-13T19:23:54.604Z] [LOG] [AntiCheat][IPC] Test marked started in logger
[2025-09-13T19:23:54.614Z] [LOG] [AntiCheat][IPC] Grace period active until 2025-09-13T19:24:04.614Z
[2025-09-13T19:23:54.621Z] [LOG] [AntiCheat] startMonitoring called but interval already exists
[2025-09-13T19:23:54.623Z] [LOG] [AntiCheat][IPC] startMonitoring invoked (previous state=active, current=active)
[2025-09-13T19:23:54.625Z] [LOG] [AntiCheat][IPC] Logger status after markTestStarted: {"isActive":true,"sessionId":"auto-1757791408513_1757791408513","eventCount":11,"suspiciousActivity":{"windowSwitches":0,"suspiciousProcesses":[null],"clipboardEvents":2,"pasteAttempts":2},"riskLevel":"HIGH","score":22,"role":"candidate","testStarted":true}
[2025-09-13T19:23:55.240Z] [LOG] [AntiCheat] startMonitoring called but interval already exists
[2025-09-13T19:23:55.641Z] [LOG] [AntiCheat] PROCESS_SCAN: {"banned":["chrome.exe","discord.exe","whatsapp.exe"],"criticalViolations":[],"highSeverityViolations":["discord.exe"],"threatLevel":"high","shouldTerminate":true}
[2025-09-13T19:23:55.696Z] [LOG] [AntiCheat][BOOT][GRACE] Violation detected but within grace window; suppression active
[2025-09-13T19:23:57.115Z] [LOG] [AntiCheat] SUSPICIOUS_PROCESS: {"processes":["chrome.exe","discord.exe","whatsapp.exe"],"criticalViolations":[],"highSeverityViolations":["discord.exe"],"threatLevel":"high","shouldTerminate":true}
[2025-09-13T19:23:57.122Z] [LOG] [AntiCheat][DECIDE] willTerminate= true isCandidate= true loggerTestStarted= true testState= active sessionActive= true role= candidate terminationInProgress= false eventData= {"processes":["chrome.exe","discord.exe","whatsapp.exe"],"criticalViolations":[],"highSeverityViolations":["discord.exe"],"threatLevel":"high","shouldTerminate":true}
[2025-09-13T19:23:57.125Z] [LOG] [AntiCheat][GRACE] Suppressing termination inside periodic process check until 2025-09-13T19:24:04.614Z
[2025-09-13T19:24:01.446Z] [LOG] [AntiCheat] Running process check (active)...
[2025-09-13T19:24:02.528Z] [LOG] [AntiCheat] PROCESS_SCAN: {"banned":["chrome.exe","discord.exe","whatsapp.exe"],"criticalViolations":[],"highSeverityViolations":["discord.exe"],"threatLevel":"high","shouldTerminate":true}
[2025-09-13T19:24:02.562Z] [LOG] [AntiCheat][BOOT][GRACE] Violation detected but within grace window; suppression active
[2025-09-13T19:24:07.392Z] [LOG] [AntiCheat] SUSPICIOUS_PROCESS: {"processes":["chrome.exe","discord.exe","whatsapp.exe"],"criticalViolations":[],"highSeverityViolations":["discord.exe"],"threatLevel":"high","shouldTerminate":true}
[2025-09-13T19:24:07.429Z] [LOG] [AntiCheat][DECIDE] willTerminate= true isCandidate= true loggerTestStarted= true testState= active sessionActive= true role= candidate terminationInProgress= false eventData= {"processes":["chrome.exe","discord.exe","whatsapp.exe"],"criticalViolations":[],"highSeverityViolations":["discord.exe"],"threatLevel":"high","shouldTerminate":true}
[2025-09-13T19:24:07.560Z] [LOG] [AntiCheat] Terminating due to violation: {"processes":["chrome.exe","discord.exe","whatsapp.exe"],"criticalViolations":[],"highSeverityViolations":["discord.exe"],"threatLevel":"high","shouldTerminate":true}
[2025-09-13T19:24:07.646Z] [LOG] [AntiCheat] TERMINATING INTERVIEW SESSION due to violations: ["chrome.exe","discord.exe","whatsapp.exe"]
[2025-09-13T19:24:07.661Z] [LOG] [AntiCheat] Monitoring STOPPED
[2025-09-13T19:24:07.694Z] [LOG] [AntiCheat] INTERVIEW_TERMINATED: {"reason":"Critical security violations detected","violations":["chrome.exe","discord.exe","whatsapp.exe"],"filteredViolations":["discord.exe","whatsapp.exe"],"criticalViolations":[],"highSeverityViolations":["discord.exe"],"threatLevel":"high","timestamp":"2025-09-13T19:24:07.694Z","terminationTriggered":true}
[2025-09-13T19:24:08.932Z] [LOG] [AntiCheat] Redirecting to termination page: http://localhost:3000/interview-terminated
[2025-09-13T19:24:10.377Z] [LOG] [AntiCheat] PROCESS_SCAN: {"banned":["chrome.exe","discord.exe","whatsapp.exe"],"criticalViolations":[],"highSeverityViolations":["discord.exe"],"threatLevel":"high","shouldTerminate":true}
[2025-09-13T19:24:10.400Z] [LOG] [AntiCheat][BOOT] Terminating via bootstrap scan...
[2025-09-13T19:24:10.437Z] [LOG] [AntiCheat] TERMINATING INTERVIEW SESSION due to violations: ["chrome.exe","discord.exe","whatsapp.exe"]
[2025-09-13T19:24:10.440Z] [LOG] [AntiCheat] INTERVIEW_TERMINATED: {"reason":"Critical security violations detected","violations":["chrome.exe","discord.exe","whatsapp.exe"],"filteredViolations":["discord.exe","whatsapp.exe"],"criticalViolations":[],"highSeverityViolations":["discord.exe"],"threatLevel":"high","timestamp":"2025-09-13T19:24:10.440Z","terminationTriggered":true}
[2025-09-13T19:24:11.657Z] [LOG] [AntiCheat] Redirecting to termination page: http://localhost:3000/interview-terminated
[2025-09-13T19:24:12.723Z] [ERROR] [App] Failed to load URL: {"errorCode":-3,"errorDesc":"","validatedURL":"http://localhost:3000/interview-terminated","attempt":0}
[2025-09-13T19:24:12.736Z] [WARN] [App] Retry loading (1/5) in 1200ms...
[2025-09-13T19:24:13.951Z] [LOG] [AntiCheat][IPC] Test marked started in logger
[2025-09-13T19:24:13.962Z] [LOG] [AntiCheat][IPC] Grace period active until 2025-09-13T19:24:23.962Z
[2025-09-13T19:24:13.966Z] [LOG] [AntiCheat] startMonitoring from completed -> rearming (new session assumed)
[2025-09-13T19:24:13.968Z] [LOG] [AntiCheat] Monitoring ACTIVATED (state=active)
[2025-09-13T19:24:13.970Z] [LOG] [AntiCheat][IPC] startMonitoring invoked (previous state=completed, current=active)
[2025-09-13T19:24:13.971Z] [LOG] [AntiCheat][IPC] Logger status after markTestStarted: {"isActive":true,"sessionId":"auto-1757791408513_1757791408513","eventCount":18,"suspiciousActivity":{"windowSwitches":0,"suspiciousProcesses":[null],"clipboardEvents":2,"pasteAttempts":2},"riskLevel":"HIGH","score":22,"role":"candidate","testStarted":true}
[2025-09-13T19:24:14.585Z] [LOG] [AntiCheat] Running process check (active)...
[2025-09-13T19:24:14.802Z] [LOG] [AntiCheat] startMonitoring called but interval already exists
[2025-09-13T19:24:14.827Z] [LOG] [AntiCheat] WINDOW_LOST_FOCUS: {"duration":0,"timestamp":"2025-09-13T19:24:14.827Z"}
[2025-09-13T19:24:15.038Z] [LOG] [AntiCheat] WINDOW_REGAINED_FOCUS: {"duration":211,"awayTimeSeconds":0,"timestamp":"2025-09-13T19:24:15.038Z"}
[2025-09-13T19:24:16.869Z] [LOG] [AntiCheat] SUSPICIOUS_PROCESS: {"processes":["chrome.exe","discord.exe","whatsapp.exe"],"criticalViolations":[],"highSeverityViolations":["discord.exe"],"threatLevel":"high","shouldTerminate":true}
[2025-09-13T19:24:16.877Z] [LOG] [AntiCheat][DECIDE] willTerminate= true isCandidate= true loggerTestStarted= true testState= active sessionActive= true role= candidate terminationInProgress= false eventData= {"processes":["chrome.exe","discord.exe","whatsapp.exe"],"criticalViolations":[],"highSeverityViolations":["discord.exe"],"threatLevel":"high","shouldTerminate":true}
[2025-09-13T19:24:16.893Z] [LOG] [AntiCheat][GRACE] Suppressing termination inside periodic process check until 2025-09-13T19:24:23.962Z
[2025-09-13T19:24:18.984Z] [LOG] [AntiCheat] CLIPBOARD_CHANGE: {"contentLength":1517,"isLargePaste":true,"containsCode":true,"timestamp":"2025-09-13T19:24:18.984Z"}
[2025-09-13T19:24:19.040Z] [LOG] [AntiCheat] LARGE_PASTE_DETECTED: {"contentLength":1517,"preview":"1️⃣ Suppress repeated navigation logs\n\nRight now, ...","timestamp":"2025-09-13T19:24:19.040Z"}
[2025-09-13T19:24:19.143Z] [LOG] [AntiCheat][IPC] Test marked started in logger
[2025-09-13T19:24:19.158Z] [LOG] [AntiCheat][IPC] Grace period active until 2025-09-13T19:24:29.158Z
[2025-09-13T19:24:19.160Z] [LOG] [AntiCheat] startMonitoring called but interval already exists
[2025-09-13T19:24:19.273Z] [LOG] [AntiCheat][IPC] startMonitoring invoked (previous state=active, current=active)
[2025-09-13T19:24:19.303Z] [LOG] [AntiCheat][IPC] Logger status after markTestStarted: {"isActive":true,"sessionId":"auto-1757791408513_1757791408513","eventCount":23,"suspiciousActivity":{"windowSwitches":1,"suspiciousProcesses":[null],"clipboardEvents":3,"pasteAttempts":3},"riskLevel":"HIGH","score":30,"role":"candidate","testStarted":true}
[2025-09-13T19:24:19.909Z] [LOG] [AntiCheat] startMonitoring called but interval already exists
[2025-09-13T19:24:20.984Z] [LOG] [AntiCheat] Running process check (active)...
[2025-09-13T19:24:21.647Z] [LOG] [AntiCheat] PROCESS_SCAN: {"banned":["chrome.exe","discord.exe","whatsapp.exe"],"criticalViolations":[],"highSeverityViolations":["discord.exe"],"threatLevel":"high","shouldTerminate":true}
[2025-09-13T19:24:21.652Z] [LOG] [AntiCheat][BOOT][GRACE] Violation detected but within grace window; suppression active
[2025-09-13T19:24:24.497Z] [LOG] [AntiCheat][IPC] Test marked started in logger
[2025-09-13T19:24:24.570Z] [LOG] [AntiCheat][IPC] Grace period active until 2025-09-13T19:24:34.570Z
[2025-09-13T19:24:24.573Z] [LOG] [AntiCheat] startMonitoring called but interval already exists
[2025-09-13T19:24:24.581Z] [LOG] [AntiCheat][IPC] startMonitoring invoked (previous state=active, current=active)
[2025-09-13T19:24:24.585Z] [LOG] [AntiCheat][IPC] Logger status after markTestStarted: {"isActive":true,"sessionId":"auto-1757791408513_1757791408513","eventCount":24,"suspiciousActivity":{"windowSwitches":1,"suspiciousProcesses":[null],"clipboardEvents":3,"pasteAttempts":3},"riskLevel":"HIGH","score":30,"role":"candidate","testStarted":true}
[2025-09-13T19:24:25.317Z] [LOG] [AntiCheat] startMonitoring called but interval already exists
[2025-09-13T19:24:25.394Z] [LOG] [AntiCheat] SUSPICIOUS_PROCESS: {"processes":["chrome.exe","discord.exe","whatsapp.exe"],"criticalViolations":[],"highSeverityViolations":["discord.exe"],"threatLevel":"high","shouldTerminate":true}
[2025-09-13T19:24:25.402Z] [LOG] [AntiCheat][DECIDE] willTerminate= true isCandidate= true loggerTestStarted= true testState= active sessionActive= true role= candidate terminationInProgress= false eventData= {"processes":["chrome.exe","discord.exe","whatsapp.exe"],"criticalViolations":[],"highSeverityViolations":["discord.exe"],"threatLevel":"high","shouldTerminate":true}
[2025-09-13T19:24:25.420Z] [LOG] [AntiCheat][GRACE] Suppressing termination inside periodic process check until 2025-09-13T19:24:34.570Z
[2025-09-13T19:24:27.994Z] [LOG] [AntiCheat] Running process check (active)...
[2025-09-13T19:24:30.388Z] [LOG] [AntiCheat] PROCESS_SCAN: {"banned":["chrome.exe","discord.exe","whatsapp.exe"],"criticalViolations":[],"highSeverityViolations":["discord.exe"],"threatLevel":"high","shouldTerminate":true}
[2025-09-13T19:24:30.404Z] [LOG] [AntiCheat][BOOT][GRACE] Violation detected but within grace window; suppression active
[2025-09-13T19:24:34.301Z] [LOG] [AntiCheat] SUSPICIOUS_PROCESS: {"processes":["chrome.exe","discord.exe","whatsapp.exe"],"criticalViolations":[],"highSeverityViolations":["discord.exe"],"threatLevel":"high","shouldTerminate":true}
[2025-09-13T19:24:34.316Z] [LOG] [AntiCheat][DECIDE] willTerminate= true isCandidate= true loggerTestStarted= true testState= active sessionActive= true role= candidate terminationInProgress= false eventData= {"processes":["chrome.exe","discord.exe","whatsapp.exe"],"criticalViolations":[],"highSeverityViolations":["discord.exe"],"threatLevel":"high","shouldTerminate":true}
[2025-09-13T19:24:34.399Z] [LOG] [AntiCheat][GRACE] Suppressing termination inside periodic process check until 2025-09-13T19:24:34.570Z
[2025-09-13T19:24:34.999Z] [LOG] [AntiCheat] Running process check (active)...
[2025-09-13T19:24:37.551Z] [LOG] [AntiCheat] PROCESS_SCAN: {"banned":["chrome.exe","discord.exe","whatsapp.exe"],"criticalViolations":[],"highSeverityViolations":["discord.exe"],"threatLevel":"high","shouldTerminate":true}
[2025-09-13T19:24:37.682Z] [LOG] [AntiCheat][BOOT] Terminating via bootstrap scan...
[2025-09-13T19:24:37.817Z] [LOG] [AntiCheat] TERMINATING INTERVIEW SESSION due to violations: ["chrome.exe","discord.exe","whatsapp.exe"]
[2025-09-13T19:24:37.948Z] [LOG] [AntiCheat] Monitoring STOPPED
[2025-09-13T19:24:38.030Z] [LOG] [AntiCheat] INTERVIEW_TERMINATED: {"reason":"Critical security violations detected","violations":["chrome.exe","discord.exe","whatsapp.exe"],"filteredViolations":["discord.exe","whatsapp.exe"],"criticalViolations":[],"highSeverityViolations":["discord.exe"],"threatLevel":"high","timestamp":"2025-09-13T19:24:38.030Z","terminationTriggered":true}
[2025-09-13T19:24:39.306Z] [LOG] [AntiCheat] Redirecting to termination page: http://localhost:3000/interview-terminated
[2025-09-13T19:24:41.581Z] [LOG] [AntiCheat] SUSPICIOUS_PROCESS: {"processes":["chrome.exe","discord.exe","whatsapp.exe"],"criticalViolations":[],"highSeverityViolations":["discord.exe"],"threatLevel":"high","shouldTerminate":true}
[2025-09-13T19:24:41.583Z] [LOG] [AntiCheat][DECIDE] willTerminate= true isCandidate= true loggerTestStarted= true testState= completed sessionActive= true role= candidate terminationInProgress= false eventData= {"processes":["chrome.exe","discord.exe","whatsapp.exe"],"criticalViolations":[],"highSeverityViolations":["discord.exe"],"threatLevel":"high","shouldTerminate":true}
[2025-09-13T19:24:41.586Z] [LOG] [AntiCheat] Terminating due to violation: {"processes":["chrome.exe","discord.exe","whatsapp.exe"],"criticalViolations":[],"highSeverityViolations":["discord.exe"],"threatLevel":"high","shouldTerminate":true}
[2025-09-13T19:24:41.588Z] [LOG] [AntiCheat] TERMINATING INTERVIEW SESSION due to violations: ["chrome.exe","discord.exe","whatsapp.exe"]
[2025-09-13T19:24:41.590Z] [LOG] [AntiCheat] INTERVIEW_TERMINATED: {"reason":"Critical security violations detected","violations":["chrome.exe","discord.exe","whatsapp.exe"],"filteredViolations":["discord.exe","whatsapp.exe"],"criticalViolations":[],"highSeverityViolations":["discord.exe"],"threatLevel":"high","timestamp":"2025-09-13T19:24:41.590Z","terminationTriggered":true}
[2025-09-13T19:24:42.810Z] [LOG] [AntiCheat] Redirecting to termination page: http://localhost:3000/interview-terminated
[2025-09-13T19:24:43.232Z] [ERROR] [App] Failed to load URL: {"errorCode":-3,"errorDesc":"","validatedURL":"http://localhost:3000/interview-terminated","attempt":1}
[2025-09-13T19:24:43.239Z] [WARN] [App] Retry loading (2/5) in 1500ms...
[2025-09-13T19:24:44.882Z] [ERROR] [App] Failed to load URL: {"errorCode":-3,"errorDesc":"","validatedURL":"http://localhost:3000/interview-terminated","attempt":2}
[2025-09-13T19:24:44.901Z] [WARN] [App] Retry loading (3/5) in 1800ms...
[2025-09-13T19:24:46.716Z] [ERROR] [App] Retry load failed: ERR_ABORTED (-3) loading 'http://localhost:3000/'
[2025-09-13T19:24:47.927Z] [LOG] [AntiCheat][IPC] Test marked started in logger
[2025-09-13T19:24:47.965Z] [LOG] [AntiCheat][IPC] Grace period active until 2025-09-13T19:24:57.965Z
[2025-09-13T19:24:47.968Z] [LOG] [AntiCheat] startMonitoring from completed -> rearming (new session assumed)
[2025-09-13T19:24:47.971Z] [LOG] [AntiCheat] Monitoring ACTIVATED (state=active)
[2025-09-13T19:24:48.181Z] [LOG] [AntiCheat][IPC] startMonitoring invoked (previous state=completed, current=active)
[2025-09-13T19:24:48.302Z] [LOG] [AntiCheat][IPC] Logger status after markTestStarted: {"isActive":true,"sessionId":"auto-1757791408513_1757791408513","eventCount":31,"suspiciousActivity":{"windowSwitches":1,"suspiciousProcesses":[null],"clipboardEvents":3,"pasteAttempts":3},"riskLevel":"HIGH","score":30,"role":"candidate","testStarted":true}
[2025-09-13T19:24:49.055Z] [LOG] [AntiCheat] startMonitoring called but interval already exists
[2025-09-13T19:24:50.960Z] [LOG] [AntiCheat][IPC] Test marked started in logger
[2025-09-13T19:24:50.966Z] [LOG] [AntiCheat][IPC] Grace period active until 2025-09-13T19:25:00.966Z
[2025-09-13T19:24:50.993Z] [LOG] [AntiCheat] startMonitoring called but interval already exists
[2025-09-13T19:24:51.032Z] [LOG] [AntiCheat][IPC] startMonitoring invoked (previous state=active, current=active)
[2025-09-13T19:24:51.034Z] [LOG] [AntiCheat][IPC] Logger status after markTestStarted: {"isActive":true,"sessionId":"auto-1757791408513_1757791408513","eventCount":31,"suspiciousActivity":{"windowSwitches":1,"suspiciousProcesses":[null],"clipboardEvents":3,"pasteAttempts":3},"riskLevel":"HIGH","score":30,"role":"candidate","testStarted":true}
[2025-09-13T19:24:51.650Z] [LOG] [AntiCheat] startMonitoring called but interval already exists
[2025-09-13T19:24:53.195Z] [LOG] [AntiCheat] CLIPBOARD_CHANGE: {"contentLength":1517,"isLargePaste":true,"containsCode":true,"timestamp":"2025-09-13T19:24:53.195Z"}
[2025-09-13T19:24:53.201Z] [LOG] [AntiCheat] LARGE_PASTE_DETECTED: {"contentLength":1517,"preview":"1️⃣ Suppress repeated navigation logs\n\nRight now, ...","timestamp":"2025-09-13T19:24:53.201Z"}
[2025-09-13T19:25:09.196Z] [LOG] [AntiCheat] Running process check (active)...
[2025-09-13T19:25:11.510Z] [LOG] [AntiCheat] SUSPICIOUS_PROCESS: {"processes":["chrome.exe","whatsapp.exe"],"criticalViolations":[],"highSeverityViolations":[],"threatLevel":"medium","shouldTerminate":true}
[2025-09-13T19:25:11.517Z] [LOG] [AntiCheat][DECIDE] willTerminate= true isCandidate= true loggerTestStarted= true testState= active sessionActive= true role= candidate terminationInProgress= false eventData= {"processes":["chrome.exe","whatsapp.exe"],"criticalViolations":[],"highSeverityViolations":[],"threatLevel":"medium","shouldTerminate":true}
[2025-09-13T19:25:11.562Z] [LOG] [AntiCheat] Terminating due to violation: {"processes":["chrome.exe","whatsapp.exe"],"criticalViolations":[],"highSeverityViolations":[],"threatLevel":"medium","shouldTerminate":true}
[2025-09-13T19:25:11.592Z] [LOG] [AntiCheat] TERMINATING INTERVIEW SESSION due to violations: ["chrome.exe","whatsapp.exe"]
[2025-09-13T19:25:11.633Z] [LOG] [AntiCheat] Monitoring STOPPED
[2025-09-13T19:25:11.639Z] [LOG] [AntiCheat] INTERVIEW_TERMINATED: {"reason":"Critical security violations detected","violations":["chrome.exe","whatsapp.exe"],"filteredViolations":["whatsapp.exe"],"criticalViolations":[],"highSeverityViolations":[],"threatLevel":"medium","timestamp":"2025-09-13T19:25:11.639Z","terminationTriggered":true}
[2025-09-13T19:25:12.858Z] [LOG] [AntiCheat] Redirecting to termination page: http://localhost:3000/interview-terminated
[2025-09-13T19:25:14.405Z] [LOG] [AntiCheat] PROCESS_SCAN: {"banned":["chrome.exe","whatsapp.exe"],"criticalViolations":[],"highSeverityViolations":[],"threatLevel":"medium","shouldTerminate":true}
[2025-09-13T19:25:14.432Z] [LOG] [AntiCheat][BOOT] Terminating via bootstrap scan...
[2025-09-13T19:25:14.460Z] [LOG] [AntiCheat] TERMINATING INTERVIEW SESSION due to violations: ["chrome.exe","whatsapp.exe"]
[2025-09-13T19:25:14.492Z] [LOG] [AntiCheat] INTERVIEW_TERMINATED: {"reason":"Critical security violations detected","violations":["chrome.exe","whatsapp.exe"],"filteredViolations":["whatsapp.exe"],"criticalViolations":[],"highSeverityViolations":[],"threatLevel":"medium","timestamp":"2025-09-13T19:25:14.492Z","terminationTriggered":true}
[2025-09-13T19:25:15.729Z] [LOG] [AntiCheat] Redirecting to termination page: http://localhost:3000/interview-terminated
[2025-09-13T19:25:15.928Z] [ERROR] [App] Failed to load URL: {"errorCode":-3,"errorDesc":"","validatedURL":"http://localhost:3000/interview-terminated","attempt":3}
[2025-09-13T19:25:15.939Z] [WARN] [App] Retry loading (4/5) in 2100ms...
[2025-09-13T19:25:18.193Z] [LOG] [AntiCheat][IPC] Test marked started in logger
[2025-09-13T19:25:18.386Z] [LOG] [AntiCheat][IPC] Grace period active until 2025-09-13T19:25:28.386Z
[2025-09-13T19:25:18.388Z] [LOG] [AntiCheat] startMonitoring from completed -> rearming (new session assumed)
[2025-09-13T19:25:18.393Z] [LOG] [AntiCheat] Monitoring ACTIVATED (state=active)
[2025-09-13T19:25:18.395Z] [LOG] [AntiCheat][IPC] startMonitoring invoked (previous state=completed, current=active)
[2025-09-13T19:25:18.396Z] [LOG] [AntiCheat][IPC] Logger status after markTestStarted: {"isActive":true,"sessionId":"auto-1757791408513_1757791408513","eventCount":37,"suspiciousActivity":{"windowSwitches":1,"suspiciousProcesses":[null],"clipboardEvents":4,"pasteAttempts":4},"riskLevel":"HIGH","score":36,"role":"candidate","testStarted":true}
[2025-09-13T19:25:18.569Z] [LOG] [AntiCheat] SESSION_END: {"sessionId":"auto-1757791408513_1757791408513","totalEvents":37,"suspiciousActivity":{"windowSwitches":1,"suspiciousProcesses":[null],"clipboardEvents":4,"pasteAttempts":4},"timestamp":"2025-09-13T19:25:18.569Z"}
[2025-09-13T19:25:18.605Z] [LOG] [AntiCheat] Session log saved: C:\Users\Hp\Desktop\codevail-app\logs\session_auto-1757791408513_1757791408513.json
[2025-09-13T19:25:18.641Z] [LOG] [AntiCheat] Session ended: auto-1757791408513_1757791408513
[2025-09-13T19:25:18.687Z] [LOG] [Diag] Process exiting with code 0
