[2025-09-13T22:07:46.421Z] [LOG] [Startup] Logging to C:\Users\Hp\Desktop\codevail-app\logs\electron-2025-09-13T22-07-46-420Z.log
[2025-09-13T22:08:24.665Z] [ERROR] No dev server found on localhost:3000-3005
[2025-09-13T22:08:24.677Z] [LOG] Loading fallback URL: http://localhost:3000
[2025-09-13T22:08:30.214Z] [ERROR] [App] Failed to load URL: {"errorCode":-102,"errorDesc":"ERR_CONNECTION_REFUSED","validatedURL":"http://localhost:3000/","attempt":0}
[2025-09-13T22:08:30.224Z] [WARN] [App] Retry loading (1/5) in 1200ms...
[2025-09-13T22:08:30.238Z] [ERROR] (node:15660) electron: Failed to load URL: http://localhost:3000/ with error: ERR_CONNECTION_REFUSED
(Use `electron --trace-warnings ...` to show where the warning was created)
[2025-09-13T22:08:32.099Z] [LOG] [AntiCheat] Setting up monitoring system...
[2025-09-13T22:08:32.103Z] [LOG] [AntiCheat] Monitoring system initialized
[2025-09-13T22:08:33.933Z] [ERROR] [App] Failed to load URL: {"errorCode":-102,"errorDesc":"ERR_CONNECTION_REFUSED","validatedURL":"http://localhost:3000/","attempt":1}
[2025-09-13T22:08:33.940Z] [WARN] [App] Retry loading (2/5) in 1500ms...
[2025-09-13T22:08:33.948Z] [ERROR] (node:15660) electron: Failed to load URL: http://localhost:3000/ with error: ERR_CONNECTION_REFUSED
[2025-09-13T22:08:38.003Z] [ERROR] [App] Failed to load URL: {"errorCode":-102,"errorDesc":"ERR_CONNECTION_REFUSED","validatedURL":"http://localhost:3000/","attempt":2}
[2025-09-13T22:08:38.168Z] [WARN] [App] Retry loading (3/5) in 1800ms...
[2025-09-13T22:08:38.223Z] [ERROR] (node:15660) electron: Failed to load URL: http://localhost:3000/ with error: ERR_CONNECTION_REFUSED
[2025-09-13T22:08:38.592Z] [ERROR] [App] Retry load failed: ERR_CONNECTION_REFUSED (-102) loading 'http://localhost:3000/'
[2025-09-13T22:08:53.297Z] [ERROR] [App] Failed to load URL: {"errorCode":-102,"errorDesc":"ERR_CONNECTION_REFUSED","validatedURL":"http://localhost:3000/","attempt":3}
[2025-09-13T22:08:53.334Z] [WARN] [App] Retry loading (4/5) in 2100ms...
[2025-09-13T22:08:53.360Z] [ERROR] (node:15660) electron: Failed to load URL: http://localhost:3000/ with error: ERR_CONNECTION_REFUSED
[2025-09-13T22:08:55.516Z] [ERROR] [App] Retry load failed: ERR_ABORTED (-3) loading 'http://localhost:3000/'
[2025-09-13T22:09:05.190Z] [ERROR] [App] Failed to load URL: {"errorCode":-102,"errorDesc":"ERR_CONNECTION_REFUSED","validatedURL":"http://localhost:3000/","attempt":4}
[2025-09-13T22:09:05.225Z] [WARN] [App] Retry loading (5/5) in 2400ms...
[2025-09-13T22:09:05.252Z] [ERROR] (node:15660) electron: Failed to load URL: http://localhost:3000/ with error: ERR_CONNECTION_REFUSED
[2025-09-13T22:09:10.222Z] [ERROR] [App] Failed to load URL: {"errorCode":-102,"errorDesc":"ERR_CONNECTION_REFUSED","validatedURL":"http://localhost:3000/","attempt":5}
[2025-09-13T22:09:10.256Z] [WARN] [App] Initiating dev port relocation scan (3000-3010)...
[2025-09-13T22:09:10.258Z] [ERROR] (node:15660) electron: Failed to load URL: http://localhost:3000/ with error: ERR_CONNECTION_REFUSED
[2025-09-13T22:09:10.437Z] [ERROR] [App] Retry load failed: ERR_CONNECTION_REFUSED (-102) loading 'http://localhost:3000/'
[2025-09-13T22:10:18.998Z] [WARN] [App] Relocation scan found no alternative active port
[2025-09-13T22:10:20.944Z] [LOG] [Diag] Process exiting with code 0
