[2025-09-16T00:00:14.198Z] [LOG] [Startup] Logging to C:\Users\Hp\Desktop\codevail-app\logs\electron-2025-09-16T00-00-14-197Z.log
[2025-09-16T00:00:16.897Z] [LOG] Loading dev URL: http://localhost:3000
[2025-09-16T00:00:20.990Z] [LOG] [AntiCheat] Setting up monitoring system...
[2025-09-16T00:00:20.993Z] [LOG] [AntiCheat] Monitoring system initialized
[2025-09-16T00:00:20.996Z] [LOG] [AntiCheat] SESSION_START: {"candidateName":"DevAutoCandidate","interviewId":"auto-1757980820996","sessionId":"auto-1757980820996_1757980820996","role":"candidate","testStarted":true,"timestamp":"2025-09-16T00:00:20.996Z"}
[2025-09-16T00:00:21.014Z] [LOG] [AntiCheat] Session started: auto-1757980820996_1757980820996
[2025-09-16T00:00:21.018Z] [LOG] [AntiCheat][AUTO] Dev auto session initialized
[2025-09-16T00:00:21.020Z] [LOG] [AntiCheat][IPC] Test marked started in logger
[2025-09-16T00:00:21.023Z] [LOG] [AntiCheat][IPC] Grace period active until 2025-09-16T00:00:31.023Z
[2025-09-16T00:00:21.025Z] [LOG] [AntiCheat] Monitoring ACTIVATED (state=active)
[2025-09-16T00:00:21.053Z] [LOG] [AntiCheat][IPC] startMonitoring invoked (previous state=idle, current=active)
[2025-09-16T00:00:21.095Z] [LOG] [AntiCheat][IPC] Logger status after markTestStarted: {"isActive":true,"sessionId":"auto-1757980820996_1757980820996","eventCount":1,"suspiciousActivity":{"windowSwitches":0,"suspiciousProcesses":[],"clipboardEvents":0,"pasteAttempts":0},"riskLevel":"NONE","score":0,"role":"candidate","testStarted":true}
[2025-09-16T00:00:21.656Z] [LOG] [AntiCheat] Running process check (active)...
[2025-09-16T00:00:21.721Z] [LOG] [AntiCheat] startMonitoring called but interval already exists
[2025-09-16T00:00:26.065Z] [LOG] [AntiCheat] CLIPBOARD_CHANGE: {"contentLength":934,"isLargePaste":true,"containsCode":true,"timestamp":"2025-09-16T00:00:26.065Z"}
[2025-09-16T00:00:26.078Z] [LOG] [AntiCheat] LARGE_PASTE_DETECTED: {"contentLength":934,"preview":"Thought for 3sHere's the complete `App.tsx` file w...","timestamp":"2025-09-16T00:00:26.078Z"}
[2025-09-16T00:00:28.070Z] [LOG] [AntiCheat] Running process check (active)...
[2025-09-16T00:00:35.079Z] [LOG] [AntiCheat] Running process check (active)...
[2025-09-16T00:00:42.084Z] [LOG] [AntiCheat] Running process check (active)...
[2025-09-16T00:00:49.098Z] [LOG] [AntiCheat] Running process check (active)...
[2025-09-16T00:00:53.902Z] [LOG] [AntiCheat] SESSION_END: {"sessionId":"auto-1757980820996_1757980820996","totalEvents":3,"suspiciousActivity":{"windowSwitches":0,"suspiciousProcesses":[],"clipboardEvents":1,"pasteAttempts":1},"timestamp":"2025-09-16T00:00:53.902Z"}
[2025-09-16T00:00:53.953Z] [LOG] [AntiCheat] Session log saved: C:\Users\Hp\Desktop\codevail-app\logs\session_auto-1757980820996_1757980820996.json
[2025-09-16T00:00:53.969Z] [LOG] [AntiCheat] Session ended: auto-1757980820996_1757980820996
[2025-09-16T00:00:53.986Z] [LOG] [Diag] Process exiting with code 0
