[2025-09-13T16:55:07.012Z] [LOG] [Startup] Logging to C:\Users\Hp\Desktop\codevail-app\logs\electron-2025-09-13T16-55-07-011Z.log
[2025-09-13T16:55:16.649Z] [LOG] Loading dev URL: http://localhost:3000
[2025-09-13T16:55:17.894Z] [LOG] [AntiCheat] In-app navigation detected, re-arming monitoring state
[2025-09-13T16:55:19.281Z] [LOG] [AntiCheat] Setting up monitoring system...
[2025-09-13T16:55:19.284Z] [LOG] [AntiCheat] Monitoring system initialized
[2025-09-13T16:55:19.415Z] [LOG] [AntiCheat] In-app navigation detected, re-arming monitoring state
[2025-09-13T16:55:27.510Z] [LOG] [AntiCheat] In-app navigation detected, re-arming monitoring state
[2025-09-13T16:55:31.325Z] [LOG] [AntiCheat] PROCESS_SCAN: {"banned":["chrome.exe","whatsapp.exe"],"criticalViolations":[],"highSeverityViolations":[],"threatLevel":"medium","shouldTerminate":false}
[2025-09-13T16:55:31.408Z] [LOG] [AntiCheat] Monitoring ACTIVATED (state=active)
[2025-09-13T16:55:31.450Z] [LOG] [AntiCheat][BOOT] Auto-activated monitoring (candidate)
[2025-09-13T16:55:32.053Z] [LOG] [AntiCheat] Running process check (active)...
[2025-09-13T16:55:36.457Z] [LOG] [AntiCheat] CLIPBOARD_CHANGE: {"contentLength":6,"isLargePaste":false,"containsCode":false,"timestamp":"2025-09-13T16:55:36.457Z"}
[2025-09-13T16:55:36.736Z] [LOG] [AntiCheat] SUSPICIOUS_PROCESS: {"processes":["chrome.exe","whatsapp.exe"],"criticalViolations":[],"highSeverityViolations":[],"threatLevel":"medium","shouldTerminate":false}
[2025-09-13T16:55:36.835Z] [LOG] [AntiCheat][DECIDE] willTerminate= false isCandidate= true loggerTestStarted= false testState= active sessionActive= true role= candidate terminationInProgress= false eventData= {"processes":["chrome.exe","whatsapp.exe"],"criticalViolations":[],"highSeverityViolations":[],"threatLevel":"medium","shouldTerminate":false}
[2025-09-13T16:55:36.883Z] [LOG] [AntiCheat] Termination condition not met (willTerminate && isCandidate && sessionActive prerequisite failed).
[2025-09-13T16:55:38.463Z] [LOG] [AntiCheat] Running process check (active)...
[2025-09-13T16:55:41.012Z] [LOG] [AntiCheat] WINDOW_LOST_FOCUS: {"duration":0,"timestamp":"2025-09-13T16:55:41.012Z"}
[2025-09-13T16:55:42.119Z] [LOG] [AntiCheat] SUSPICIOUS_PROCESS: {"processes":["chrome.exe","whatsapp.exe"],"criticalViolations":[],"highSeverityViolations":[],"threatLevel":"medium","shouldTerminate":false}
[2025-09-13T16:55:42.126Z] [LOG] [AntiCheat][DECIDE] willTerminate= false isCandidate= true loggerTestStarted= false testState= active sessionActive= true role= candidate terminationInProgress= false eventData= {"processes":["chrome.exe","whatsapp.exe"],"criticalViolations":[],"highSeverityViolations":[],"threatLevel":"medium","shouldTerminate":false}
[2025-09-13T16:55:42.132Z] [LOG] [AntiCheat] Termination condition not met (willTerminate && isCandidate && sessionActive prerequisite failed).
[2025-09-13T16:55:43.420Z] [LOG] [AntiCheat] In-app navigation detected, re-arming monitoring state
[2025-09-13T16:55:44.485Z] [LOG] [AntiCheat] In-app navigation detected, re-arming monitoring state
[2025-09-13T16:55:45.341Z] [LOG] [AntiCheat] In-app navigation detected, re-arming monitoring state
[2025-09-13T16:55:47.110Z] [LOG] [AntiCheat] In-app navigation detected, re-arming monitoring state
[2025-09-13T16:55:50.696Z] [LOG] [AntiCheat] In-app navigation detected, re-arming monitoring state
[2025-09-13T16:55:51.475Z] [LOG] [AntiCheat] In-app navigation detected, re-arming monitoring state
[2025-09-13T16:55:52.704Z] [LOG] [AntiCheat] In-app navigation detected, re-arming monitoring state
[2025-09-13T16:56:01.094Z] [LOG] [AntiCheat] In-app navigation detected, re-arming monitoring state
[2025-09-13T16:56:02.495Z] [LOG] [AntiCheat] PROCESS_SCAN: {"banned":["chrome.exe","whatsapp.exe"],"criticalViolations":[],"highSeverityViolations":[],"threatLevel":"medium","shouldTerminate":false}
[2025-09-13T16:56:02.501Z] [LOG] [AntiCheat] Monitoring ACTIVATED (state=active)
[2025-09-13T16:56:02.503Z] [LOG] [AntiCheat][BOOT] Auto-activated monitoring (candidate)
[2025-09-13T16:56:03.103Z] [LOG] [AntiCheat] Running process check (active)...
[2025-09-13T16:56:03.213Z] [LOG] [AntiCheat] WINDOW_REGAINED_FOCUS: {"duration":22201,"awayTimeSeconds":22,"timestamp":"2025-09-13T16:56:03.213Z"}
[2025-09-13T16:56:07.512Z] [LOG] [AntiCheat] CLIPBOARD_CHANGE: {"contentLength":6,"isLargePaste":false,"containsCode":false,"timestamp":"2025-09-13T16:56:07.512Z"}
[2025-09-13T16:56:08.585Z] [LOG] [AntiCheat] In-app navigation detected, re-arming monitoring state
[2025-09-13T16:56:12.049Z] [LOG] [AntiCheat] SUSPICIOUS_PROCESS: {"processes":["chrome.exe","whatsapp.exe"],"criticalViolations":[],"highSeverityViolations":[],"threatLevel":"medium","shouldTerminate":false}
[2025-09-13T16:56:12.055Z] [LOG] [AntiCheat][DECIDE] willTerminate= false isCandidate= true loggerTestStarted= false testState= idle sessionActive= false role= candidate terminationInProgress= false eventData= {"processes":["chrome.exe","whatsapp.exe"],"criticalViolations":[],"highSeverityViolations":[],"threatLevel":"medium","shouldTerminate":false}
[2025-09-13T16:56:12.058Z] [LOG] [AntiCheat] Termination condition not met (willTerminate && isCandidate && sessionActive prerequisite failed).
[2025-09-13T16:56:12.924Z] [LOG] [AntiCheat] In-app navigation detected, re-arming monitoring state
[2025-09-13T16:56:13.224Z] [LOG] [AntiCheat] In-app navigation detected, re-arming monitoring state
[2025-09-13T16:56:14.261Z] [LOG] [AntiCheat] In-app navigation detected, re-arming monitoring state
[2025-09-13T16:56:16.472Z] [LOG] [AntiCheat] In-app navigation detected, re-arming monitoring state
[2025-09-13T16:56:18.434Z] [LOG] [AntiCheat] In-app navigation detected, re-arming monitoring state
[2025-09-13T16:56:19.583Z] [LOG] [AntiCheat] In-app navigation detected, re-arming monitoring state
[2025-09-13T16:56:21.334Z] [LOG] [AntiCheat] In-app navigation detected, re-arming monitoring state
[2025-09-13T16:56:22.698Z] [LOG] [AntiCheat] In-app navigation detected, re-arming monitoring state
[2025-09-13T16:56:24.129Z] [LOG] [AntiCheat] In-app navigation detected, re-arming monitoring state
[2025-09-13T16:56:25.675Z] [LOG] [AntiCheat] In-app navigation detected, re-arming monitoring state
[2025-09-13T16:56:26.597Z] [LOG] [AntiCheat] In-app navigation detected, re-arming monitoring state
[2025-09-13T16:56:28.314Z] [LOG] [AntiCheat] In-app navigation detected, re-arming monitoring state
[2025-09-13T16:56:29.059Z] [LOG] [AntiCheat] In-app navigation detected, re-arming monitoring state
[2025-09-13T16:56:30.702Z] [LOG] [AntiCheat] In-app navigation detected, re-arming monitoring state
[2025-09-13T16:56:32.325Z] [LOG] [AntiCheat] In-app navigation detected, re-arming monitoring state
[2025-09-13T16:56:35.150Z] [LOG] [AntiCheat] In-app navigation detected, re-arming monitoring state
[2025-09-13T16:56:36.620Z] [LOG] [AntiCheat] In-app navigation detected, re-arming monitoring state
[2025-09-13T16:56:38.491Z] [LOG] [AntiCheat] In-app navigation detected, re-arming monitoring state
[2025-09-13T16:56:40.958Z] [LOG] [AntiCheat] In-app navigation detected, re-arming monitoring state
[2025-09-13T16:56:45.358Z] [LOG] [AntiCheat] In-app navigation detected, re-arming monitoring state
[2025-09-13T16:56:50.056Z] [LOG] [AntiCheat] In-app navigation detected, re-arming monitoring state
[2025-09-13T16:56:50.829Z] [LOG] [AntiCheat] In-app navigation detected, re-arming monitoring state
[2025-09-13T16:56:59.512Z] [LOG] [AntiCheat] In-app navigation detected, re-arming monitoring state
[2025-09-13T16:57:07.815Z] [LOG] [AntiCheat] In-app navigation detected, re-arming monitoring state
[2025-09-13T16:57:09.485Z] [LOG] [AntiCheat] In-app navigation detected, re-arming monitoring state
[2025-09-13T16:57:10.156Z] [LOG] [AntiCheat] PROCESS_SCAN: {"banned":["chrome.exe","discord.exe","whatsapp.exe"],"criticalViolations":[],"highSeverityViolations":["discord.exe"],"threatLevel":"high","shouldTerminate":true}
[2025-09-13T16:57:10.182Z] [LOG] [AntiCheat][BOOT] Terminating via bootstrap scan...
[2025-09-13T16:57:11.089Z] [LOG] [AntiCheat] TERMINATING INTERVIEW SESSION due to violations: ["chrome.exe","discord.exe","whatsapp.exe"]
[2025-09-13T16:57:11.190Z] [LOG] [AntiCheat] Monitoring STOPPED
[2025-09-13T16:57:11.202Z] [LOG] [AntiCheat] INTERVIEW_TERMINATED: {"reason":"Critical security violations detected","violations":["chrome.exe","discord.exe","whatsapp.exe"],"filteredViolations":["discord.exe","whatsapp.exe"],"criticalViolations":[],"highSeverityViolations":["discord.exe"],"threatLevel":"high","timestamp":"2025-09-13T16:57:11.202Z","terminationTriggered":true}
[2025-09-13T16:57:11.298Z] [LOG] [AntiCheat] PROCESS_SCAN: {"banned":["chrome.exe","discord.exe","whatsapp.exe"],"criticalViolations":[],"highSeverityViolations":["discord.exe"],"threatLevel":"high","shouldTerminate":true}
[2025-09-13T16:57:11.362Z] [LOG] [AntiCheat][BOOT] Terminating via bootstrap scan...
[2025-09-13T16:57:11.401Z] [LOG] [AntiCheat] TERMINATING INTERVIEW SESSION due to violations: ["chrome.exe","discord.exe","whatsapp.exe"]
[2025-09-13T16:57:11.411Z] [LOG] [AntiCheat] INTERVIEW_TERMINATED: {"reason":"Critical security violations detected","violations":["chrome.exe","discord.exe","whatsapp.exe"],"filteredViolations":["discord.exe","whatsapp.exe"],"criticalViolations":[],"highSeverityViolations":["discord.exe"],"threatLevel":"high","timestamp":"2025-09-13T16:57:11.411Z","terminationTriggered":true}
[2025-09-13T16:57:12.425Z] [LOG] [AntiCheat] Redirecting to termination page: http://localhost:3000/interview-terminated
[2025-09-13T16:57:13.225Z] [LOG] [AntiCheat] Redirecting to termination page: http://localhost:3000/interview-terminated
[2025-09-13T16:57:39.758Z] [LOG] [AntiCheat] In-app navigation detected, re-arming monitoring state
[2025-09-13T16:57:43.105Z] [LOG] [AntiCheat] In-app navigation detected, re-arming monitoring state
[2025-09-13T16:57:45.519Z] [LOG] [AntiCheat] In-app navigation detected, re-arming monitoring state
[2025-09-13T16:57:52.150Z] [LOG] [AntiCheat] In-app navigation detected, re-arming monitoring state
[2025-09-13T16:57:57.022Z] [LOG] [AntiCheat] In-app navigation detected, re-arming monitoring state
[2025-09-13T16:58:03.484Z] [LOG] [AntiCheat] In-app navigation detected, re-arming monitoring state
[2025-09-13T16:58:05.337Z] [LOG] [AntiCheat] In-app navigation detected, re-arming monitoring state
[2025-09-13T16:58:11.327Z] [LOG] [AntiCheat] In-app navigation detected, re-arming monitoring state
[2025-09-13T16:58:13.808Z] [LOG] [AntiCheat] In-app navigation detected, re-arming monitoring state
[2025-09-13T16:58:17.619Z] [LOG] [AntiCheat] In-app navigation detected, re-arming monitoring state
[2025-09-13T16:58:23.075Z] [LOG] [AntiCheat] In-app navigation detected, re-arming monitoring state
[2025-09-13T16:58:26.456Z] [LOG] [AntiCheat] In-app navigation detected, re-arming monitoring state
[2025-09-13T16:58:28.621Z] [LOG] [AntiCheat] In-app navigation detected, re-arming monitoring state
[2025-09-13T16:58:30.177Z] [LOG] [AntiCheat] In-app navigation detected, re-arming monitoring state
[2025-09-13T16:58:31.851Z] [LOG] [AntiCheat] In-app navigation detected, re-arming monitoring state
[2025-09-13T16:58:33.089Z] [LOG] [AntiCheat] In-app navigation detected, re-arming monitoring state
[2025-09-13T16:58:34.435Z] [LOG] [AntiCheat] In-app navigation detected, re-arming monitoring state
[2025-09-13T16:58:35.629Z] [LOG] [AntiCheat] In-app navigation detected, re-arming monitoring state
[2025-09-13T16:58:37.035Z] [LOG] [AntiCheat] In-app navigation detected, re-arming monitoring state
[2025-09-13T16:58:39.292Z] [LOG] [AntiCheat] In-app navigation detected, re-arming monitoring state
[2025-09-13T16:58:40.580Z] [LOG] [AntiCheat] In-app navigation detected, re-arming monitoring state
[2025-09-13T16:58:41.375Z] [LOG] [AntiCheat] In-app navigation detected, re-arming monitoring state
[2025-09-13T16:58:42.368Z] [LOG] [AntiCheat] In-app navigation detected, re-arming monitoring state
[2025-09-13T16:58:43.063Z] [LOG] [AntiCheat] In-app navigation detected, re-arming monitoring state
[2025-09-13T16:58:43.819Z] [LOG] [AntiCheat] In-app navigation detected, re-arming monitoring state
[2025-09-13T16:58:44.448Z] [LOG] [AntiCheat] In-app navigation detected, re-arming monitoring state
[2025-09-13T16:58:45.543Z] [LOG] [AntiCheat] In-app navigation detected, re-arming monitoring state
[2025-09-13T16:58:46.568Z] [LOG] [AntiCheat] In-app navigation detected, re-arming monitoring state
[2025-09-13T16:58:48.042Z] [LOG] [AntiCheat] In-app navigation detected, re-arming monitoring state
[2025-09-13T16:58:49.581Z] [LOG] [AntiCheat] In-app navigation detected, re-arming monitoring state
[2025-09-13T16:58:50.486Z] [LOG] [AntiCheat] In-app navigation detected, re-arming monitoring state
[2025-09-13T16:58:51.507Z] [LOG] [AntiCheat] In-app navigation detected, re-arming monitoring state
[2025-09-13T16:58:52.244Z] [LOG] [AntiCheat] In-app navigation detected, re-arming monitoring state
[2025-09-13T16:58:53.066Z] [LOG] [AntiCheat] In-app navigation detected, re-arming monitoring state
[2025-09-13T16:58:53.887Z] [LOG] [AntiCheat] In-app navigation detected, re-arming monitoring state
[2025-09-13T16:58:54.953Z] [LOG] [AntiCheat] In-app navigation detected, re-arming monitoring state
[2025-09-13T16:58:55.768Z] [LOG] [AntiCheat] In-app navigation detected, re-arming monitoring state
[2025-09-13T16:58:56.464Z] [LOG] [AntiCheat] In-app navigation detected, re-arming monitoring state
[2025-09-13T16:58:57.283Z] [LOG] [AntiCheat] In-app navigation detected, re-arming monitoring state
[2025-09-13T16:58:58.378Z] [LOG] [AntiCheat] In-app navigation detected, re-arming monitoring state
[2025-09-13T16:58:59.501Z] [LOG] [AntiCheat] In-app navigation detected, re-arming monitoring state
[2025-09-13T16:59:00.295Z] [LOG] [AntiCheat] In-app navigation detected, re-arming monitoring state
[2025-09-13T16:59:00.995Z] [LOG] [AntiCheat] In-app navigation detected, re-arming monitoring state
[2025-09-13T16:59:01.729Z] [LOG] [AntiCheat] In-app navigation detected, re-arming monitoring state
[2025-09-13T16:59:02.857Z] [LOG] [AntiCheat] In-app navigation detected, re-arming monitoring state
[2025-09-13T16:59:03.616Z] [LOG] [AntiCheat] In-app navigation detected, re-arming monitoring state
[2025-09-13T16:59:04.256Z] [LOG] [AntiCheat] In-app navigation detected, re-arming monitoring state
[2025-09-13T16:59:05.009Z] [LOG] [AntiCheat] In-app navigation detected, re-arming monitoring state
[2025-09-13T16:59:06.848Z] [LOG] [AntiCheat] In-app navigation detected, re-arming monitoring state
[2025-09-13T16:59:08.516Z] [LOG] [AntiCheat] In-app navigation detected, re-arming monitoring state
[2025-09-13T16:59:10.548Z] [LOG] [AntiCheat] In-app navigation detected, re-arming monitoring state
[2025-09-13T16:59:11.706Z] [LOG] [AntiCheat] In-app navigation detected, re-arming monitoring state
[2025-09-13T16:59:12.472Z] [LOG] [AntiCheat] In-app navigation detected, re-arming monitoring state
[2025-09-13T16:59:14.840Z] [LOG] [AntiCheat] In-app navigation detected, re-arming monitoring state
[2025-09-13T16:59:16.237Z] [LOG] [AntiCheat] In-app navigation detected, re-arming monitoring state
[2025-09-13T16:59:18.345Z] [LOG] [AntiCheat] In-app navigation detected, re-arming monitoring state
[2025-09-13T16:59:19.532Z] [LOG] [AntiCheat] In-app navigation detected, re-arming monitoring state
[2025-09-13T16:59:20.480Z] [LOG] [AntiCheat] In-app navigation detected, re-arming monitoring state
[2025-09-13T16:59:21.228Z] [LOG] [AntiCheat] In-app navigation detected, re-arming monitoring state
[2025-09-13T16:59:22.919Z] [LOG] [AntiCheat] In-app navigation detected, re-arming monitoring state
[2025-09-13T16:59:23.782Z] [LOG] [AntiCheat] In-app navigation detected, re-arming monitoring state
[2025-09-13T16:59:24.424Z] [LOG] [AntiCheat] In-app navigation detected, re-arming monitoring state
[2025-09-13T16:59:25.128Z] [LOG] [AntiCheat] In-app navigation detected, re-arming monitoring state
[2025-09-13T16:59:26.158Z] [LOG] [AntiCheat] In-app navigation detected, re-arming monitoring state
[2025-09-13T16:59:27.381Z] [LOG] [AntiCheat] In-app navigation detected, re-arming monitoring state
[2025-09-13T16:59:29.181Z] [LOG] [AntiCheat] In-app navigation detected, re-arming monitoring state
[2025-09-13T16:59:30.141Z] [LOG] [AntiCheat] In-app navigation detected, re-arming monitoring state
[2025-09-13T16:59:30.903Z] [LOG] [AntiCheat] In-app navigation detected, re-arming monitoring state
[2025-09-13T16:59:31.793Z] [LOG] [AntiCheat] In-app navigation detected, re-arming monitoring state
[2025-09-13T16:59:32.431Z] [LOG] [AntiCheat] In-app navigation detected, re-arming monitoring state
[2025-09-13T16:59:33.041Z] [LOG] [AntiCheat] In-app navigation detected, re-arming monitoring state
[2025-09-13T16:59:33.631Z] [LOG] [AntiCheat] In-app navigation detected, re-arming monitoring state
[2025-09-13T16:59:34.327Z] [LOG] [AntiCheat] In-app navigation detected, re-arming monitoring state
[2025-09-13T16:59:35.372Z] [LOG] [AntiCheat] In-app navigation detected, re-arming monitoring state
[2025-09-13T16:59:36.066Z] [LOG] [AntiCheat] In-app navigation detected, re-arming monitoring state
[2025-09-13T16:59:36.705Z] [LOG] [AntiCheat] In-app navigation detected, re-arming monitoring state
[2025-09-13T16:59:37.336Z] [LOG] [AntiCheat] In-app navigation detected, re-arming monitoring state
[2025-09-13T16:59:38.028Z] [LOG] [AntiCheat] In-app navigation detected, re-arming monitoring state
[2025-09-13T16:59:38.922Z] [LOG] [AntiCheat] In-app navigation detected, re-arming monitoring state
[2025-09-13T16:59:39.599Z] [LOG] [AntiCheat] In-app navigation detected, re-arming monitoring state
[2025-09-13T16:59:40.234Z] [LOG] [AntiCheat] In-app navigation detected, re-arming monitoring state
[2025-09-13T16:59:40.941Z] [LOG] [AntiCheat] In-app navigation detected, re-arming monitoring state
[2025-09-13T16:59:41.691Z] [LOG] [AntiCheat] In-app navigation detected, re-arming monitoring state
[2025-09-13T16:59:42.684Z] [LOG] [AntiCheat] In-app navigation detected, re-arming monitoring state
[2025-09-13T16:59:43.777Z] [LOG] [AntiCheat] In-app navigation detected, re-arming monitoring state
[2025-09-13T16:59:44.762Z] [LOG] [AntiCheat] In-app navigation detected, re-arming monitoring state
[2025-09-13T16:59:46.478Z] [LOG] [AntiCheat] In-app navigation detected, re-arming monitoring state
[2025-09-13T16:59:47.542Z] [LOG] [AntiCheat] In-app navigation detected, re-arming monitoring state
[2025-09-13T16:59:48.307Z] [LOG] [AntiCheat] In-app navigation detected, re-arming monitoring state
[2025-09-13T16:59:49.002Z] [LOG] [AntiCheat] In-app navigation detected, re-arming monitoring state
[2025-09-13T16:59:49.988Z] [LOG] [AntiCheat] In-app navigation detected, re-arming monitoring state
[2025-09-13T16:59:51.205Z] [LOG] [AntiCheat] In-app navigation detected, re-arming monitoring state
[2025-09-13T16:59:55.262Z] [LOG] [AntiCheat] In-app navigation detected, re-arming monitoring state
[2025-09-13T16:59:57.176Z] [LOG] [AntiCheat] In-app navigation detected, re-arming monitoring state
[2025-09-13T16:59:59.332Z] [LOG] [AntiCheat] In-app navigation detected, re-arming monitoring state
[2025-09-13T17:00:00.303Z] [LOG] [AntiCheat] In-app navigation detected, re-arming monitoring state
[2025-09-13T17:00:01.520Z] [LOG] [AntiCheat] In-app navigation detected, re-arming monitoring state
[2025-09-13T17:00:03.002Z] [LOG] [AntiCheat] In-app navigation detected, re-arming monitoring state
[2025-09-13T17:00:05.337Z] [LOG] [AntiCheat] In-app navigation detected, re-arming monitoring state
[2025-09-13T17:00:06.594Z] [LOG] [AntiCheat] In-app navigation detected, re-arming monitoring state
[2025-09-13T17:00:07.633Z] [LOG] [AntiCheat] In-app navigation detected, re-arming monitoring state
[2025-09-13T17:00:09.484Z] [LOG] [AntiCheat] In-app navigation detected, re-arming monitoring state
[2025-09-13T17:00:12.614Z] [LOG] [AntiCheat] In-app navigation detected, re-arming monitoring state
[2025-09-13T17:00:16.213Z] [LOG] [AntiCheat] In-app navigation detected, re-arming monitoring state
[2025-09-13T17:00:17.686Z] [LOG] [AntiCheat] In-app navigation detected, re-arming monitoring state
[2025-09-13T17:00:18.854Z] [LOG] [AntiCheat] In-app navigation detected, re-arming monitoring state
[2025-09-13T17:00:21.051Z] [LOG] [AntiCheat] In-app navigation detected, re-arming monitoring state
[2025-09-13T17:00:24.316Z] [LOG] [AntiCheat] In-app navigation detected, re-arming monitoring state
[2025-09-13T17:00:25.009Z] [LOG] [AntiCheat] In-app navigation detected, re-arming monitoring state
[2025-09-13T17:00:26.114Z] [LOG] [AntiCheat] In-app navigation detected, re-arming monitoring state
[2025-09-13T17:00:27.017Z] [LOG] [AntiCheat] In-app navigation detected, re-arming monitoring state
[2025-09-13T17:00:28.649Z] [LOG] [AntiCheat] In-app navigation detected, re-arming monitoring state
[2025-09-13T17:00:29.898Z] [LOG] [AntiCheat] In-app navigation detected, re-arming monitoring state
[2025-09-13T17:00:31.279Z] [LOG] [AntiCheat] In-app navigation detected, re-arming monitoring state
[2025-09-13T17:00:32.104Z] [LOG] [AntiCheat] In-app navigation detected, re-arming monitoring state
[2025-09-13T17:00:32.849Z] [LOG] [AntiCheat] In-app navigation detected, re-arming monitoring state
[2025-09-13T17:00:33.486Z] [LOG] [AntiCheat] In-app navigation detected, re-arming monitoring state
[2025-09-13T17:00:34.229Z] [LOG] [AntiCheat] In-app navigation detected, re-arming monitoring state
[2025-09-13T17:00:35.241Z] [LOG] [AntiCheat] In-app navigation detected, re-arming monitoring state
[2025-09-13T17:00:36.011Z] [LOG] [AntiCheat] In-app navigation detected, re-arming monitoring state
[2025-09-13T17:00:36.594Z] [LOG] [AntiCheat] In-app navigation detected, re-arming monitoring state
[2025-09-13T17:00:37.184Z] [LOG] [AntiCheat] In-app navigation detected, re-arming monitoring state
[2025-09-13T17:00:37.926Z] [LOG] [AntiCheat] In-app navigation detected, re-arming monitoring state
[2025-09-13T17:00:38.881Z] [LOG] [AntiCheat] In-app navigation detected, re-arming monitoring state
[2025-09-13T17:00:39.703Z] [LOG] [AntiCheat] In-app navigation detected, re-arming monitoring state
[2025-09-13T17:00:40.501Z] [LOG] [AntiCheat] In-app navigation detected, re-arming monitoring state
[2025-09-13T17:00:41.250Z] [LOG] [AntiCheat] In-app navigation detected, re-arming monitoring state
[2025-09-13T17:00:42.038Z] [LOG] [AntiCheat] In-app navigation detected, re-arming monitoring state
[2025-09-13T17:00:42.880Z] [LOG] [AntiCheat] In-app navigation detected, re-arming monitoring state
[2025-09-13T17:00:43.565Z] [LOG] [AntiCheat] In-app navigation detected, re-arming monitoring state
[2025-09-13T17:00:44.163Z] [LOG] [AntiCheat] In-app navigation detected, re-arming monitoring state
[2025-09-13T17:00:44.815Z] [LOG] [AntiCheat] In-app navigation detected, re-arming monitoring state
[2025-09-13T17:00:45.632Z] [LOG] [AntiCheat] In-app navigation detected, re-arming monitoring state
[2025-09-13T17:00:46.571Z] [LOG] [AntiCheat] In-app navigation detected, re-arming monitoring state
[2025-09-13T17:00:47.242Z] [LOG] [AntiCheat] In-app navigation detected, re-arming monitoring state
[2025-09-13T17:00:47.878Z] [LOG] [AntiCheat] In-app navigation detected, re-arming monitoring state
[2025-09-13T17:00:48.501Z] [LOG] [AntiCheat] In-app navigation detected, re-arming monitoring state
[2025-09-13T17:00:49.361Z] [LOG] [AntiCheat] In-app navigation detected, re-arming monitoring state
[2025-09-13T17:00:50.284Z] [LOG] [AntiCheat] In-app navigation detected, re-arming monitoring state
[2025-09-13T17:00:51.062Z] [LOG] [AntiCheat] In-app navigation detected, re-arming monitoring state
[2025-09-13T17:00:51.802Z] [LOG] [AntiCheat] In-app navigation detected, re-arming monitoring state
[2025-09-13T17:00:52.652Z] [LOG] [AntiCheat] In-app navigation detected, re-arming monitoring state
[2025-09-13T17:00:53.552Z] [LOG] [AntiCheat] In-app navigation detected, re-arming monitoring state
[2025-09-13T17:00:54.256Z] [LOG] [AntiCheat] In-app navigation detected, re-arming monitoring state
[2025-09-13T17:00:54.894Z] [LOG] [AntiCheat] In-app navigation detected, re-arming monitoring state
[2025-09-13T17:00:55.536Z] [LOG] [AntiCheat] In-app navigation detected, re-arming monitoring state
[2025-09-13T17:00:56.270Z] [LOG] [AntiCheat] In-app navigation detected, re-arming monitoring state
[2025-09-13T17:00:57.156Z] [LOG] [AntiCheat] In-app navigation detected, re-arming monitoring state
[2025-09-13T17:00:58.085Z] [LOG] [AntiCheat] In-app navigation detected, re-arming monitoring state
[2025-09-13T17:00:58.763Z] [LOG] [AntiCheat] In-app navigation detected, re-arming monitoring state
[2025-09-13T17:00:59.381Z] [LOG] [AntiCheat] In-app navigation detected, re-arming monitoring state
[2025-09-13T17:01:00.217Z] [LOG] [AntiCheat] In-app navigation detected, re-arming monitoring state
[2025-09-13T17:01:01.097Z] [LOG] [AntiCheat] In-app navigation detected, re-arming monitoring state
[2025-09-13T17:01:01.696Z] [LOG] [AntiCheat] In-app navigation detected, re-arming monitoring state
[2025-09-13T17:01:02.323Z] [LOG] [AntiCheat] In-app navigation detected, re-arming monitoring state
[2025-09-13T17:01:02.979Z] [LOG] [AntiCheat] In-app navigation detected, re-arming monitoring state
[2025-09-13T17:01:03.835Z] [LOG] [AntiCheat] In-app navigation detected, re-arming monitoring state
[2025-09-13T17:01:04.720Z] [LOG] [AntiCheat] In-app navigation detected, re-arming monitoring state
[2025-09-13T17:01:05.365Z] [LOG] [AntiCheat] In-app navigation detected, re-arming monitoring state
[2025-09-13T17:01:05.997Z] [LOG] [AntiCheat] In-app navigation detected, re-arming monitoring state
[2025-09-13T17:01:06.653Z] [LOG] [AntiCheat] In-app navigation detected, re-arming monitoring state
[2025-09-13T17:01:07.487Z] [LOG] [AntiCheat] In-app navigation detected, re-arming monitoring state
[2025-09-13T17:01:08.350Z] [LOG] [AntiCheat] In-app navigation detected, re-arming monitoring state
[2025-09-13T17:01:08.969Z] [LOG] [AntiCheat] In-app navigation detected, re-arming monitoring state
[2025-09-13T17:01:09.744Z] [LOG] [AntiCheat] In-app navigation detected, re-arming monitoring state
[2025-09-13T17:01:10.437Z] [LOG] [AntiCheat] In-app navigation detected, re-arming monitoring state
[2025-09-13T17:01:11.276Z] [LOG] [AntiCheat] In-app navigation detected, re-arming monitoring state
[2025-09-13T17:01:11.911Z] [LOG] [AntiCheat] In-app navigation detected, re-arming monitoring state
[2025-09-13T17:01:12.749Z] [LOG] [AntiCheat] In-app navigation detected, re-arming monitoring state
[2025-09-13T17:01:13.483Z] [LOG] [AntiCheat] In-app navigation detected, re-arming monitoring state
[2025-09-13T17:01:14.149Z] [LOG] [AntiCheat] In-app navigation detected, re-arming monitoring state
[2025-09-13T17:01:14.776Z] [LOG] [AntiCheat] In-app navigation detected, re-arming monitoring state
[2025-09-13T17:01:15.529Z] [LOG] [AntiCheat] In-app navigation detected, re-arming monitoring state
[2025-09-13T17:01:16.474Z] [LOG] [AntiCheat] In-app navigation detected, re-arming monitoring state
[2025-09-13T17:01:17.135Z] [LOG] [AntiCheat] In-app navigation detected, re-arming monitoring state
[2025-09-13T17:01:18.010Z] [LOG] [AntiCheat] In-app navigation detected, re-arming monitoring state
[2025-09-13T17:01:18.697Z] [LOG] [AntiCheat] In-app navigation detected, re-arming monitoring state
[2025-09-13T17:01:19.823Z] [LOG] [AntiCheat] In-app navigation detected, re-arming monitoring state
[2025-09-13T17:01:20.765Z] [LOG] [AntiCheat] In-app navigation detected, re-arming monitoring state
[2025-09-13T17:01:22.703Z] [LOG] [AntiCheat] In-app navigation detected, re-arming monitoring state
[2025-09-13T17:01:23.434Z] [LOG] [AntiCheat] In-app navigation detected, re-arming monitoring state
[2025-09-13T17:01:24.267Z] [LOG] [AntiCheat] In-app navigation detected, re-arming monitoring state
[2025-09-13T17:01:25.159Z] [LOG] [AntiCheat] In-app navigation detected, re-arming monitoring state
[2025-09-13T17:01:25.801Z] [LOG] [AntiCheat] In-app navigation detected, re-arming monitoring state
[2025-09-13T17:01:26.593Z] [LOG] [AntiCheat] In-app navigation detected, re-arming monitoring state
[2025-09-13T17:01:27.261Z] [LOG] [AntiCheat] In-app navigation detected, re-arming monitoring state
[2025-09-13T17:01:28.110Z] [LOG] [AntiCheat] In-app navigation detected, re-arming monitoring state
[2025-09-13T17:01:28.714Z] [LOG] [AntiCheat] In-app navigation detected, re-arming monitoring state
[2025-09-13T17:01:29.444Z] [LOG] [AntiCheat] In-app navigation detected, re-arming monitoring state
[2025-09-13T17:01:30.283Z] [LOG] [AntiCheat] In-app navigation detected, re-arming monitoring state
[2025-09-13T17:01:30.977Z] [LOG] [AntiCheat] In-app navigation detected, re-arming monitoring state
[2025-09-13T17:01:31.695Z] [LOG] [AntiCheat] In-app navigation detected, re-arming monitoring state
[2025-09-13T17:01:32.430Z] [LOG] [AntiCheat] In-app navigation detected, re-arming monitoring state
[2025-09-13T17:01:33.295Z] [LOG] [AntiCheat] In-app navigation detected, re-arming monitoring state
[2025-09-13T17:01:33.911Z] [LOG] [AntiCheat] In-app navigation detected, re-arming monitoring state
[2025-09-13T17:01:34.696Z] [LOG] [AntiCheat] In-app navigation detected, re-arming monitoring state
[2025-09-13T17:01:35.458Z] [LOG] [AntiCheat] In-app navigation detected, re-arming monitoring state
[2025-09-13T17:01:36.260Z] [LOG] [AntiCheat] In-app navigation detected, re-arming monitoring state
[2025-09-13T17:01:37.034Z] [LOG] [AntiCheat] In-app navigation detected, re-arming monitoring state
[2025-09-13T17:01:37.643Z] [LOG] [AntiCheat] In-app navigation detected, re-arming monitoring state
[2025-09-13T17:01:38.267Z] [LOG] [AntiCheat] In-app navigation detected, re-arming monitoring state
[2025-09-13T17:01:39.102Z] [LOG] [AntiCheat] In-app navigation detected, re-arming monitoring state
[2025-09-13T17:01:39.932Z] [LOG] [AntiCheat] In-app navigation detected, re-arming monitoring state
[2025-09-13T17:01:40.559Z] [LOG] [AntiCheat] In-app navigation detected, re-arming monitoring state
[2025-09-13T17:01:41.366Z] [LOG] [AntiCheat] In-app navigation detected, re-arming monitoring state
[2025-09-13T17:01:42.062Z] [LOG] [AntiCheat] In-app navigation detected, re-arming monitoring state
[2025-09-13T17:01:42.716Z] [LOG] [AntiCheat] In-app navigation detected, re-arming monitoring state
[2025-09-13T17:01:43.505Z] [LOG] [AntiCheat] In-app navigation detected, re-arming monitoring state
[2025-09-13T17:01:44.240Z] [LOG] [AntiCheat] In-app navigation detected, re-arming monitoring state
[2025-09-13T17:01:45.212Z] [LOG] [AntiCheat] In-app navigation detected, re-arming monitoring state
[2025-09-13T17:01:46.014Z] [LOG] [AntiCheat] In-app navigation detected, re-arming monitoring state
[2025-09-13T17:01:46.918Z] [LOG] [AntiCheat] In-app navigation detected, re-arming monitoring state
[2025-09-13T17:01:47.907Z] [LOG] [AntiCheat] In-app navigation detected, re-arming monitoring state
[2025-09-13T17:01:48.997Z] [LOG] [AntiCheat] In-app navigation detected, re-arming monitoring state
[2025-09-13T17:01:49.977Z] [LOG] [AntiCheat] In-app navigation detected, re-arming monitoring state
[2025-09-13T17:01:50.838Z] [LOG] [AntiCheat] In-app navigation detected, re-arming monitoring state
[2025-09-13T17:01:51.913Z] [LOG] [AntiCheat] In-app navigation detected, re-arming monitoring state
[2025-09-13T17:01:52.825Z] [LOG] [AntiCheat] In-app navigation detected, re-arming monitoring state
[2025-09-13T17:01:53.750Z] [LOG] [AntiCheat] In-app navigation detected, re-arming monitoring state
[2025-09-13T17:01:54.760Z] [LOG] [AntiCheat] In-app navigation detected, re-arming monitoring state
[2025-09-13T17:01:55.702Z] [LOG] [AntiCheat] In-app navigation detected, re-arming monitoring state
[2025-09-13T17:01:57.414Z] [LOG] [AntiCheat] In-app navigation detected, re-arming monitoring state
[2025-09-13T17:01:59.878Z] [LOG] [AntiCheat] In-app navigation detected, re-arming monitoring state
[2025-09-13T17:02:00.851Z] [LOG] [Diag] Process exiting with code 0
