[2025-09-13T17:15:25.154Z] [LOG] [Startup] Logging to C:\Users\Hp\Desktop\codevail-app\logs\electron-2025-09-13T17-15-25-153Z.log
[2025-09-13T17:15:38.740Z] [LOG] Loading dev URL: http://localhost:3000
[2025-09-13T17:15:39.830Z] [LOG] [Nav] did-navigate http://localhost:3000/
[2025-09-13T17:15:40.733Z] [LOG] [AntiCheat] Setting up monitoring system...
[2025-09-13T17:15:40.748Z] [LOG] [AntiCheat] Monitoring system initialized
[2025-09-13T17:15:40.864Z] [LOG] [Nav] did-navigate-in-page http://localhost:3000/
[2025-09-13T17:15:41.705Z] [LOG] [Nav] did-navigate-in-page http://localhost:3000/
[2025-09-13T17:15:43.487Z] [LOG] [Nav] did-navigate-in-page http://localhost:3000/
[2025-09-13T17:15:48.114Z] [LOG] [Nav] did-navigate-in-page http://localhost:3000/login
[2025-09-13T17:15:49.961Z] [LOG] [Nav] did-navigate-in-page http://localhost:3000/login
[2025-09-13T17:15:51.701Z] [LOG] [Nav] did-navigate-in-page http://localhost:3000/login
[2025-09-13T17:15:52.673Z] [LOG] [Nav] did-navigate-in-page http://localhost:3000/login
[2025-09-13T17:15:54.178Z] [LOG] [Nav] did-navigate-in-page http://localhost:3000/login
[2025-09-13T17:15:55.490Z] [LOG] [Nav] did-navigate-in-page http://localhost:3000/login
[2025-09-13T17:15:56.775Z] [LOG] [Nav] did-navigate-in-page http://localhost:3000/login
[2025-09-13T17:15:58.812Z] [LOG] [Nav] did-navigate-in-page http://localhost:3000/login
[2025-09-13T17:16:02.267Z] [LOG] [Nav] did-navigate-in-page http://localhost:3000/candidate-dashboard
[2025-09-13T17:16:03.511Z] [LOG] [Nav] did-navigate-in-page http://localhost:3000/candidate-dashboard
[2025-09-13T17:16:05.355Z] [LOG] [Nav] did-navigate-in-page http://localhost:3000/interview
[2025-09-13T17:16:07.000Z] [LOG] [Nav] did-navigate-in-page http://localhost:3000/interview
[2025-09-13T17:16:08.824Z] [LOG] [Nav] did-navigate-in-page http://localhost:3000/interview
[2025-09-13T17:16:11.033Z] [LOG] [Nav] did-navigate-in-page http://localhost:3000/interview
[2025-09-13T17:16:12.338Z] [LOG] [Nav] did-navigate-in-page http://localhost:3000/interview
[2025-09-13T17:16:13.896Z] [LOG] [Nav] did-navigate-in-page http://localhost:3000/interview
[2025-09-13T17:16:15.035Z] [LOG] [Nav] did-navigate-in-page http://localhost:3000/interview
[2025-09-13T17:16:17.002Z] [LOG] [Nav] did-navigate-in-page http://localhost:3000/interview
[2025-09-13T17:16:19.667Z] [LOG] [Nav] did-navigate-in-page http://localhost:3000/interview
[2025-09-13T17:16:26.397Z] [LOG] [Nav] did-navigate-in-page http://localhost:3000/interview
[2025-09-13T17:16:33.789Z] [LOG] [Nav] did-navigate-in-page http://localhost:3000/interview
[2025-09-13T17:16:35.733Z] [LOG] [Nav] did-navigate-in-page http://localhost:3000/interview
[2025-09-13T17:16:37.717Z] [LOG] [Nav] did-navigate-in-page http://localhost:3000/interview
[2025-09-13T17:16:40.104Z] [LOG] [Nav] did-navigate-in-page http://localhost:3000/interview
[2025-09-13T17:16:41.688Z] [LOG] [Nav] did-navigate-in-page http://localhost:3000/interview
[2025-09-13T17:16:42.829Z] [LOG] [Nav] did-navigate-in-page http://localhost:3000/interview
[2025-09-13T17:16:44.843Z] [LOG] [Nav] did-navigate-in-page http://localhost:3000/interview
[2025-09-13T17:16:45.927Z] [LOG] [Nav] did-navigate-in-page http://localhost:3000/interview
[2025-09-13T17:16:46.995Z] [LOG] [Nav] did-navigate-in-page http://localhost:3000/interview
[2025-09-13T17:16:49.187Z] [LOG] [Nav] did-navigate-in-page http://localhost:3000/interview
[2025-09-13T17:16:50.586Z] [LOG] [Nav] did-navigate-in-page http://localhost:3000/interview
[2025-09-13T17:16:51.788Z] [LOG] [Nav] did-navigate-in-page http://localhost:3000/interview
[2025-09-13T17:16:52.794Z] [LOG] [Nav] did-navigate-in-page http://localhost:3000/interview
[2025-09-13T17:16:55.189Z] [LOG] [Nav] did-navigate-in-page http://localhost:3000/interview
[2025-09-13T17:16:57.407Z] [LOG] [Nav] did-navigate-in-page http://localhost:3000/interview
[2025-09-13T17:16:59.933Z] [LOG] [Nav] did-navigate-in-page http://localhost:3000/interview
[2025-09-13T17:17:00.844Z] [LOG] [Nav] did-navigate-in-page http://localhost:3000/interview
[2025-09-13T17:17:01.855Z] [LOG] [Nav] did-navigate-in-page http://localhost:3000/interview
[2025-09-13T17:17:02.624Z] [LOG] [Nav] did-navigate-in-page http://localhost:3000/interview
[2025-09-13T17:17:03.303Z] [LOG] [Nav] did-navigate-in-page http://localhost:3000/interview
[2025-09-13T17:17:04.151Z] [LOG] [Nav] did-navigate-in-page http://localhost:3000/interview
[2025-09-13T17:17:05.565Z] [LOG] [Nav] did-navigate-in-page http://localhost:3000/interview
[2025-09-13T17:17:06.305Z] [LOG] [Nav] did-navigate-in-page http://localhost:3000/interview
[2025-09-13T17:17:07.001Z] [LOG] [Nav] did-navigate-in-page http://localhost:3000/interview
[2025-09-13T17:17:08.043Z] [LOG] [Nav] did-navigate-in-page http://localhost:3000/interview
[2025-09-13T17:17:08.899Z] [LOG] [Nav] did-navigate-in-page http://localhost:3000/interview
[2025-09-13T17:17:09.556Z] [LOG] [Nav] did-navigate-in-page http://localhost:3000/interview
[2025-09-13T17:17:10.189Z] [LOG] [Nav] did-navigate-in-page http://localhost:3000/interview
[2025-09-13T17:17:10.829Z] [LOG] [Nav] did-navigate-in-page http://localhost:3000/interview
[2025-09-13T17:17:11.928Z] [LOG] [Nav] did-navigate-in-page http://localhost:3000/interview
[2025-09-13T17:17:12.682Z] [LOG] [Nav] did-navigate-in-page http://localhost:3000/interview
[2025-09-13T17:17:13.626Z] [LOG] [Nav] did-navigate-in-page http://localhost:3000/interview
[2025-09-13T17:17:14.295Z] [LOG] [Nav] did-navigate-in-page http://localhost:3000/interview
[2025-09-13T17:17:14.930Z] [LOG] [Nav] did-navigate-in-page http://localhost:3000/interview
[2025-09-13T17:17:16.182Z] [LOG] [Nav] did-navigate-in-page http://localhost:3000/interview
[2025-09-13T17:17:17.611Z] [LOG] [Nav] did-navigate-in-page http://localhost:3000/interview
[2025-09-13T17:17:19.239Z] [LOG] [Nav] did-navigate-in-page http://localhost:3000/interview
[2025-09-13T17:17:20.521Z] [LOG] [Nav] did-navigate-in-page http://localhost:3000/interview
[2025-09-13T17:17:22.825Z] [LOG] [Nav] did-navigate-in-page http://localhost:3000/interview
[2025-09-13T17:17:24.121Z] [LOG] [Nav] did-navigate-in-page http://localhost:3000/interview
[2025-09-13T17:17:25.476Z] [LOG] [Nav] did-navigate-in-page http://localhost:3000/interview
[2025-09-13T17:17:27.177Z] [LOG] [Nav] did-navigate-in-page http://localhost:3000/interview
[2025-09-13T17:17:28.410Z] [LOG] [Nav] did-navigate-in-page http://localhost:3000/interview
[2025-09-13T17:17:29.420Z] [LOG] [Nav] did-navigate-in-page http://localhost:3000/interview
[2025-09-13T17:17:30.960Z] [LOG] [Nav] did-navigate-in-page http://localhost:3000/interview
[2025-09-13T17:17:33.789Z] [LOG] [Nav] did-navigate-in-page http://localhost:3000/interview
[2025-09-13T17:17:35.722Z] [LOG] [Nav] did-navigate-in-page http://localhost:3000/interview
[2025-09-13T17:17:36.882Z] [LOG] [Nav] did-navigate-in-page http://localhost:3000/interview
[2025-09-13T17:17:38.659Z] [LOG] [Nav] did-navigate-in-page http://localhost:3000/interview
[2025-09-13T17:17:40.295Z] [LOG] [Nav] did-navigate-in-page http://localhost:3000/interview
[2025-09-13T17:17:41.379Z] [LOG] [Nav] did-navigate-in-page http://localhost:3000/interview
[2025-09-13T17:17:42.321Z] [LOG] [Nav] did-navigate-in-page http://localhost:3000/interview
[2025-09-13T17:17:44.167Z] [LOG] [Nav] did-navigate-in-page http://localhost:3000/interview
[2025-09-13T17:17:45.080Z] [LOG] [Nav] did-navigate-in-page http://localhost:3000/interview
[2025-09-13T17:17:47.186Z] [LOG] [Nav] did-navigate-in-page http://localhost:3000/interview
[2025-09-13T17:17:48.755Z] [LOG] [Nav] did-navigate-in-page http://localhost:3000/interview
[2025-09-13T17:17:50.064Z] [LOG] [Nav] did-navigate-in-page http://localhost:3000/interview
[2025-09-13T17:17:50.995Z] [LOG] [Nav] did-navigate-in-page http://localhost:3000/interview
[2025-09-13T17:17:51.886Z] [LOG] [Nav] did-navigate-in-page http://localhost:3000/interview
[2025-09-13T17:17:53.052Z] [LOG] [Nav] did-navigate-in-page http://localhost:3000/interview
[2025-09-13T17:17:53.898Z] [LOG] [Nav] did-navigate-in-page http://localhost:3000/interview
[2025-09-13T17:17:54.676Z] [LOG] [Nav] did-navigate-in-page http://localhost:3000/interview
[2025-09-13T17:17:55.419Z] [LOG] [Nav] did-navigate-in-page http://localhost:3000/interview
[2025-09-13T17:17:56.398Z] [LOG] [Nav] did-navigate-in-page http://localhost:3000/interview
[2025-09-13T17:17:57.136Z] [LOG] [Nav] did-navigate-in-page http://localhost:3000/interview
[2025-09-13T17:17:57.849Z] [LOG] [Nav] did-navigate-in-page http://localhost:3000/interview
[2025-09-13T17:17:58.533Z] [LOG] [Nav] did-navigate-in-page http://localhost:3000/interview
[2025-09-13T17:17:59.333Z] [LOG] [Nav] did-navigate-in-page http://localhost:3000/interview
[2025-09-13T17:18:00.501Z] [LOG] [Nav] did-navigate-in-page http://localhost:3000/interview
[2025-09-13T17:18:01.376Z] [LOG] [Nav] did-navigate-in-page http://localhost:3000/interview
[2025-09-13T17:18:02.035Z] [LOG] [Nav] did-navigate-in-page http://localhost:3000/interview
[2025-09-13T17:18:02.835Z] [LOG] [Nav] did-navigate-in-page http://localhost:3000/interview
[2025-09-13T17:18:03.793Z] [LOG] [Nav] did-navigate-in-page http://localhost:3000/interview
[2025-09-13T17:18:04.431Z] [LOG] [Nav] did-navigate-in-page http://localhost:3000/interview
[2025-09-13T17:18:05.120Z] [LOG] [Nav] did-navigate-in-page http://localhost:3000/interview
[2025-09-13T17:18:05.916Z] [LOG] [Nav] did-navigate-in-page http://localhost:3000/interview
[2025-09-13T17:18:06.758Z] [LOG] [Nav] did-navigate-in-page http://localhost:3000/interview
[2025-09-13T17:18:07.432Z] [LOG] [Nav] did-navigate-in-page http://localhost:3000/interview
[2025-09-13T17:18:08.585Z] [LOG] [Nav] did-navigate-in-page http://localhost:3000/interview
[2025-09-13T17:18:09.561Z] [LOG] [Nav] did-navigate-in-page http://localhost:3000/interview
[2025-09-13T17:18:11.111Z] [LOG] [Nav] did-navigate-in-page http://localhost:3000/interview
[2025-09-13T17:18:12.614Z] [LOG] [Nav] did-navigate-in-page http://localhost:3000/interview
[2025-09-13T17:18:14.172Z] [LOG] [Nav] did-navigate-in-page http://localhost:3000/interview
[2025-09-13T17:18:15.126Z] [LOG] [Nav] did-navigate-in-page http://localhost:3000/interview
[2025-09-13T17:18:15.956Z] [LOG] [Nav] did-navigate-in-page http://localhost:3000/interview
[2025-09-13T17:18:17.390Z] [LOG] [Nav] did-navigate-in-page http://localhost:3000/interview
[2025-09-13T17:18:18.798Z] [LOG] [Diag] Process exiting with code 0
