[2025-09-13T18:46:22.031Z] [LOG] [Startup] Logging to C:\Users\Hp\Desktop\codevail-app\logs\electron-2025-09-13T18-46-22-030Z.log
[2025-09-13T18:46:59.711Z] [ERROR] No dev server found on localhost:3000-3005
[2025-09-13T18:46:59.745Z] [LOG] Loading fallback URL: http://localhost:3000
[2025-09-13T18:47:02.563Z] [ERROR] [App] Failed to load URL: {"errorCode":-102,"errorDesc":"ERR_CONNECTION_REFUSED","validatedURL":"http://localhost:3000/","attempt":0}
[2025-09-13T18:47:02.567Z] [WARN] [App] Retry loading (1/5) in 1200ms...
[2025-09-13T18:47:02.569Z] [ERROR] (node:4460) electron: Failed to load URL: http://localhost:3000/ with error: ERR_CONNECTION_REFUSED
(Use `electron --trace-warnings ...` to show where the warning was created)
[2025-09-13T18:47:02.648Z] [LOG] [AntiCheat] Setting up monitoring system...
[2025-09-13T18:47:02.649Z] [LOG] [AntiCheat] Monitoring system initialized
[2025-09-13T18:47:02.651Z] [LOG] [AntiCheat] SESSION_START: {"candidateName":"DevAutoCandidate","interviewId":"auto-1757789222651","sessionId":"auto-1757789222651_1757789222651","role":"candidate","testStarted":true,"timestamp":"2025-09-13T18:47:02.651Z"}
[2025-09-13T18:47:02.657Z] [LOG] [AntiCheat] Session started: auto-1757789222651_1757789222651
[2025-09-13T18:47:02.658Z] [LOG] [AntiCheat][AUTO] Dev auto session initialized
[2025-09-13T18:47:02.659Z] [LOG] [AntiCheat][IPC] Test marked started in logger
[2025-09-13T18:47:02.660Z] [LOG] [AntiCheat][IPC] Grace period active until 2025-09-13T18:47:12.660Z
[2025-09-13T18:47:02.662Z] [LOG] [AntiCheat] Monitoring ACTIVATED (state=active)
[2025-09-13T18:47:02.664Z] [LOG] [AntiCheat][IPC] startMonitoring invoked (previous state=idle, current=active)
[2025-09-13T18:47:02.666Z] [LOG] [AntiCheat][IPC] Logger status after markTestStarted: {"isActive":true,"sessionId":"auto-1757789222651_1757789222651","eventCount":1,"suspiciousActivity":{"windowSwitches":0,"suspiciousProcesses":[],"clipboardEvents":0,"pasteAttempts":0},"riskLevel":"NONE","score":0,"role":"candidate","testStarted":true}
[2025-09-13T18:47:03.266Z] [LOG] [AntiCheat] Running process check (active)...
[2025-09-13T18:47:03.517Z] [LOG] [AntiCheat] startMonitoring called but interval already exists
[2025-09-13T18:47:05.320Z] [LOG] [AntiCheat] SUSPICIOUS_PROCESS: {"processes":["chrome.exe","discord.exe","whatsapp.exe"],"criticalViolations":[],"highSeverityViolations":["discord.exe"],"threatLevel":"high","shouldTerminate":true}
[2025-09-13T18:47:05.323Z] [LOG] [AntiCheat][DECIDE] willTerminate= true isCandidate= true loggerTestStarted= true testState= active sessionActive= true role= candidate terminationInProgress= false eventData= {"processes":["chrome.exe","discord.exe","whatsapp.exe"],"criticalViolations":[],"highSeverityViolations":["discord.exe"],"threatLevel":"high","shouldTerminate":true}
[2025-09-13T18:47:05.325Z] [LOG] [AntiCheat][GRACE] Suppressing termination inside periodic process check until 2025-09-13T18:47:12.660Z
[2025-09-13T18:47:06.227Z] [ERROR] [App] Failed to load URL: {"errorCode":-102,"errorDesc":"ERR_CONNECTION_REFUSED","validatedURL":"http://localhost:3000/","attempt":1}
[2025-09-13T18:47:06.230Z] [WARN] [App] Retry loading (2/5) in 1500ms...
[2025-09-13T18:47:06.232Z] [ERROR] (node:4460) electron: Failed to load URL: http://localhost:3000/ with error: ERR_CONNECTION_REFUSED
[2025-09-13T18:47:06.261Z] [LOG] [AntiCheat][IPC] Test marked started in logger
[2025-09-13T18:47:06.262Z] [LOG] [AntiCheat][IPC] Grace period active until 2025-09-13T18:47:16.262Z
[2025-09-13T18:47:06.263Z] [LOG] [AntiCheat] startMonitoring called but interval already exists
[2025-09-13T18:47:06.264Z] [LOG] [AntiCheat][IPC] startMonitoring invoked (previous state=active, current=active)
[2025-09-13T18:47:06.264Z] [LOG] [AntiCheat][IPC] Logger status after markTestStarted: {"isActive":true,"sessionId":"auto-1757789222651_1757789222651","eventCount":2,"suspiciousActivity":{"windowSwitches":0,"suspiciousProcesses":[null],"clipboardEvents":0,"pasteAttempts":0},"riskLevel":"MEDIUM","score":10,"role":"candidate","testStarted":true}
[2025-09-13T18:47:06.267Z] [ERROR] [App] Retry load failed: ERR_CONNECTION_REFUSED (-102) loading 'http://localhost:3000/'
[2025-09-13T18:47:06.873Z] [LOG] [AntiCheat] startMonitoring called but interval already exists
[2025-09-13T18:47:07.675Z] [LOG] [AntiCheat] CLIPBOARD_CHANGE: {"contentLength":1517,"isLargePaste":true,"containsCode":true,"timestamp":"2025-09-13T18:47:07.675Z"}
[2025-09-13T18:47:07.677Z] [LOG] [AntiCheat] LARGE_PASTE_DETECTED: {"contentLength":1517,"preview":"1️⃣ Suppress repeated navigation logs\n\nRight now, ...","timestamp":"2025-09-13T18:47:07.677Z"}
[2025-09-13T18:47:09.670Z] [LOG] [AntiCheat] Running process check (active)...
[2025-09-13T18:47:10.148Z] [ERROR] [App] Failed to load URL: {"errorCode":-102,"errorDesc":"ERR_CONNECTION_REFUSED","validatedURL":"http://localhost:3000/","attempt":2}
[2025-09-13T18:47:10.246Z] [WARN] [App] Retry loading (3/5) in 1800ms...
[2025-09-13T18:47:10.255Z] [ERROR] (node:4460) electron: Failed to load URL: http://localhost:3000/ with error: ERR_CONNECTION_REFUSED
[2025-09-13T18:47:10.292Z] [LOG] [AntiCheat][IPC] Test marked started in logger
[2025-09-13T18:47:10.296Z] [LOG] [AntiCheat][IPC] Grace period active until 2025-09-13T18:47:20.296Z
[2025-09-13T18:47:10.316Z] [LOG] [AntiCheat] startMonitoring called but interval already exists
[2025-09-13T18:47:10.318Z] [LOG] [AntiCheat][IPC] startMonitoring invoked (previous state=active, current=active)
[2025-09-13T18:47:10.397Z] [LOG] [AntiCheat][IPC] Logger status after markTestStarted: {"isActive":true,"sessionId":"auto-1757789222651_1757789222651","eventCount":4,"suspiciousActivity":{"windowSwitches":0,"suspiciousProcesses":[null],"clipboardEvents":1,"pasteAttempts":1},"riskLevel":"MEDIUM","score":16,"role":"candidate","testStarted":true}
[2025-09-13T18:47:10.408Z] [ERROR] [App] Retry load failed: ERR_CONNECTION_REFUSED (-102) loading 'http://localhost:3000/'
[2025-09-13T18:47:10.450Z] [LOG] [AntiCheat] WINDOW_LOST_FOCUS: {"duration":0,"timestamp":"2025-09-13T18:47:10.450Z"}
[2025-09-13T18:47:10.642Z] [LOG] [AntiCheat] PROCESS_SCAN: {"banned":["chrome.exe","discord.exe","whatsapp.exe"],"criticalViolations":[],"highSeverityViolations":["discord.exe"],"threatLevel":"high","shouldTerminate":true}
[2025-09-13T18:47:10.655Z] [LOG] [AntiCheat][BOOT][GRACE] Violation detected but within grace window; suppression active
[2025-09-13T18:47:11.021Z] [LOG] [AntiCheat] startMonitoring called but interval already exists
[2025-09-13T18:47:11.330Z] [LOG] [AntiCheat] SUSPICIOUS_PROCESS: {"processes":["chrome.exe","discord.exe","whatsapp.exe"],"criticalViolations":[],"highSeverityViolations":["discord.exe"],"threatLevel":"high","shouldTerminate":true}
[2025-09-13T18:47:11.334Z] [LOG] [AntiCheat][DECIDE] willTerminate= true isCandidate= true loggerTestStarted= true testState= active sessionActive= true role= candidate terminationInProgress= false eventData= {"processes":["chrome.exe","discord.exe","whatsapp.exe"],"criticalViolations":[],"highSeverityViolations":["discord.exe"],"threatLevel":"high","shouldTerminate":true}
[2025-09-13T18:47:11.338Z] [LOG] [AntiCheat][GRACE] Suppressing termination inside periodic process check until 2025-09-13T18:47:20.296Z
[2025-09-13T18:47:14.423Z] [ERROR] [App] Failed to load URL: {"errorCode":-102,"errorDesc":"ERR_CONNECTION_REFUSED","validatedURL":"http://localhost:3000/","attempt":3}
[2025-09-13T18:47:14.425Z] [WARN] [App] Retry loading (4/5) in 2100ms...
[2025-09-13T18:47:14.425Z] [ERROR] (node:4460) electron: Failed to load URL: http://localhost:3000/ with error: ERR_CONNECTION_REFUSED
[2025-09-13T18:47:14.474Z] [LOG] [AntiCheat][IPC] Test marked started in logger
[2025-09-13T18:47:14.475Z] [LOG] [AntiCheat][IPC] Grace period active until 2025-09-13T18:47:24.475Z
[2025-09-13T18:47:14.476Z] [LOG] [AntiCheat] startMonitoring called but interval already exists
[2025-09-13T18:47:14.476Z] [LOG] [AntiCheat][IPC] startMonitoring invoked (previous state=active, current=active)
[2025-09-13T18:47:14.477Z] [LOG] [AntiCheat][IPC] Logger status after markTestStarted: {"isActive":true,"sessionId":"auto-1757789222651_1757789222651","eventCount":7,"suspiciousActivity":{"windowSwitches":1,"suspiciousProcesses":[null],"clipboardEvents":1,"pasteAttempts":1},"riskLevel":"MEDIUM","score":18,"role":"candidate","testStarted":true}
[2025-09-13T18:47:14.480Z] [ERROR] [App] Retry load failed: ERR_CONNECTION_REFUSED (-102) loading 'http://localhost:3000/'
[2025-09-13T18:47:15.084Z] [LOG] [AntiCheat] startMonitoring called but interval already exists
[2025-09-13T18:47:16.678Z] [LOG] [AntiCheat] Running process check (active)...
[2025-09-13T18:47:17.817Z] [LOG] [AntiCheat] PROCESS_SCAN: {"banned":["chrome.exe","discord.exe","whatsapp.exe"],"criticalViolations":[],"highSeverityViolations":["discord.exe"],"threatLevel":"high","shouldTerminate":true}
[2025-09-13T18:47:17.821Z] [LOG] [AntiCheat][BOOT][GRACE] Violation detected but within grace window; suppression active
[2025-09-13T18:47:17.877Z] [LOG] [AntiCheat] SUSPICIOUS_PROCESS: {"processes":["chrome.exe","discord.exe","whatsapp.exe"],"criticalViolations":[],"highSeverityViolations":["discord.exe"],"threatLevel":"high","shouldTerminate":true}
[2025-09-13T18:47:17.879Z] [LOG] [AntiCheat][DECIDE] willTerminate= true isCandidate= true loggerTestStarted= true testState= active sessionActive= true role= candidate terminationInProgress= false eventData= {"processes":["chrome.exe","discord.exe","whatsapp.exe"],"criticalViolations":[],"highSeverityViolations":["discord.exe"],"threatLevel":"high","shouldTerminate":true}
[2025-09-13T18:47:17.881Z] [LOG] [AntiCheat][GRACE] Suppressing termination inside periodic process check until 2025-09-13T18:47:24.475Z
[2025-09-13T18:47:18.898Z] [ERROR] [App] Failed to load URL: {"errorCode":-102,"errorDesc":"ERR_CONNECTION_REFUSED","validatedURL":"http://localhost:3000/","attempt":4}
[2025-09-13T18:47:18.903Z] [WARN] [App] Retry loading (5/5) in 2400ms...
[2025-09-13T18:47:18.904Z] [ERROR] (node:4460) electron: Failed to load URL: http://localhost:3000/ with error: ERR_CONNECTION_REFUSED
[2025-09-13T18:47:18.977Z] [LOG] [AntiCheat][IPC] Test marked started in logger
[2025-09-13T18:47:18.988Z] [LOG] [AntiCheat][IPC] Grace period active until 2025-09-13T18:47:28.988Z
[2025-09-13T18:47:18.989Z] [LOG] [AntiCheat] startMonitoring called but interval already exists
[2025-09-13T18:47:18.992Z] [LOG] [AntiCheat][IPC] startMonitoring invoked (previous state=active, current=active)
[2025-09-13T18:47:18.994Z] [LOG] [AntiCheat][IPC] Logger status after markTestStarted: {"isActive":true,"sessionId":"auto-1757789222651_1757789222651","eventCount":9,"suspiciousActivity":{"windowSwitches":1,"suspiciousProcesses":[null],"clipboardEvents":1,"pasteAttempts":1},"riskLevel":"MEDIUM","score":18,"role":"candidate","testStarted":true}
[2025-09-13T18:47:18.996Z] [ERROR] [App] Retry load failed: ERR_CONNECTION_REFUSED (-102) loading 'http://localhost:3000/'
[2025-09-13T18:47:19.611Z] [LOG] [AntiCheat] startMonitoring called but interval already exists
[2025-09-13T18:47:21.822Z] [LOG] [AntiCheat] PROCESS_SCAN: {"banned":["chrome.exe","discord.exe","whatsapp.exe"],"criticalViolations":[],"highSeverityViolations":["discord.exe"],"threatLevel":"high","shouldTerminate":true}
[2025-09-13T18:47:21.825Z] [LOG] [AntiCheat][BOOT][GRACE] Violation detected but within grace window; suppression active
[2025-09-13T18:47:23.686Z] [LOG] [AntiCheat] Running process check (active)...
[2025-09-13T18:47:23.821Z] [ERROR] [App] Failed to load URL: {"errorCode":-102,"errorDesc":"ERR_CONNECTION_REFUSED","validatedURL":"http://localhost:3000/","attempt":5}
[2025-09-13T18:47:23.824Z] [WARN] [App] Initiating dev port relocation scan (3000-3010)...
[2025-09-13T18:47:23.826Z] [ERROR] (node:4460) electron: Failed to load URL: http://localhost:3000/ with error: ERR_CONNECTION_REFUSED
[2025-09-13T18:47:23.909Z] [LOG] [AntiCheat][IPC] Test marked started in logger
[2025-09-13T18:47:23.910Z] [LOG] [AntiCheat][IPC] Grace period active until 2025-09-13T18:47:33.910Z
[2025-09-13T18:47:23.912Z] [LOG] [AntiCheat] startMonitoring called but interval already exists
[2025-09-13T18:47:23.913Z] [LOG] [AntiCheat][IPC] startMonitoring invoked (previous state=active, current=active)
[2025-09-13T18:47:23.914Z] [LOG] [AntiCheat][IPC] Logger status after markTestStarted: {"isActive":true,"sessionId":"auto-1757789222651_1757789222651","eventCount":10,"suspiciousActivity":{"windowSwitches":1,"suspiciousProcesses":[null],"clipboardEvents":1,"pasteAttempts":1},"riskLevel":"MEDIUM","score":18,"role":"candidate","testStarted":true}
[2025-09-13T18:47:23.923Z] [ERROR] [App] Retry load failed: ERR_CONNECTION_REFUSED (-102) loading 'http://localhost:3000/'
[2025-09-13T18:47:24.531Z] [LOG] [AntiCheat] startMonitoring called but interval already exists
[2025-09-13T18:47:24.779Z] [LOG] [AntiCheat] SUSPICIOUS_PROCESS: {"processes":["chrome.exe","discord.exe","whatsapp.exe"],"criticalViolations":[],"highSeverityViolations":["discord.exe"],"threatLevel":"high","shouldTerminate":true}
[2025-09-13T18:47:24.788Z] [LOG] [AntiCheat][DECIDE] willTerminate= true isCandidate= true loggerTestStarted= true testState= active sessionActive= true role= candidate terminationInProgress= false eventData= {"processes":["chrome.exe","discord.exe","whatsapp.exe"],"criticalViolations":[],"highSeverityViolations":["discord.exe"],"threatLevel":"high","shouldTerminate":true}
[2025-09-13T18:47:24.793Z] [LOG] [AntiCheat][GRACE] Suppressing termination inside periodic process check until 2025-09-13T18:47:33.910Z
[2025-09-13T18:47:27.723Z] [LOG] [AntiCheat] PROCESS_SCAN: {"banned":["chrome.exe","discord.exe","whatsapp.exe"],"criticalViolations":[],"highSeverityViolations":["discord.exe"],"threatLevel":"high","shouldTerminate":true}
[2025-09-13T18:47:27.725Z] [LOG] [AntiCheat][BOOT][GRACE] Violation detected but within grace window; suppression active
[2025-09-13T18:47:30.689Z] [LOG] [AntiCheat] Running process check (active)...
[2025-09-13T18:47:31.523Z] [LOG] [AntiCheat] SUSPICIOUS_PROCESS: {"processes":["chrome.exe","discord.exe","whatsapp.exe"],"criticalViolations":[],"highSeverityViolations":["discord.exe"],"threatLevel":"high","shouldTerminate":true}
[2025-09-13T18:47:31.527Z] [LOG] [AntiCheat][DECIDE] willTerminate= true isCandidate= true loggerTestStarted= true testState= active sessionActive= true role= candidate terminationInProgress= false eventData= {"processes":["chrome.exe","discord.exe","whatsapp.exe"],"criticalViolations":[],"highSeverityViolations":["discord.exe"],"threatLevel":"high","shouldTerminate":true}
[2025-09-13T18:47:31.532Z] [LOG] [AntiCheat][GRACE] Suppressing termination inside periodic process check until 2025-09-13T18:47:33.910Z
[2025-09-13T18:47:33.495Z] [LOG] [AntiCheat] PROCESS_SCAN: {"banned":["chrome.exe","discord.exe","whatsapp.exe"],"criticalViolations":[],"highSeverityViolations":["discord.exe"],"threatLevel":"high","shouldTerminate":true}
[2025-09-13T18:47:33.498Z] [LOG] [AntiCheat][BOOT][GRACE] Violation detected but within grace window; suppression active
[2025-09-13T18:47:37.695Z] [LOG] [AntiCheat] Running process check (active)...
[2025-09-13T18:47:38.817Z] [LOG] [AntiCheat] SUSPICIOUS_PROCESS: {"processes":["chrome.exe","discord.exe","whatsapp.exe"],"criticalViolations":[],"highSeverityViolations":["discord.exe"],"threatLevel":"high","shouldTerminate":true}
[2025-09-13T18:47:38.821Z] [LOG] [AntiCheat][DECIDE] willTerminate= true isCandidate= true loggerTestStarted= true testState= active sessionActive= true role= candidate terminationInProgress= false eventData= {"processes":["chrome.exe","discord.exe","whatsapp.exe"],"criticalViolations":[],"highSeverityViolations":["discord.exe"],"threatLevel":"high","shouldTerminate":true}
[2025-09-13T18:47:38.824Z] [LOG] [AntiCheat] Terminating due to violation: {"processes":["chrome.exe","discord.exe","whatsapp.exe"],"criticalViolations":[],"highSeverityViolations":["discord.exe"],"threatLevel":"high","shouldTerminate":true}
[2025-09-13T18:47:38.831Z] [LOG] [AntiCheat] TERMINATING INTERVIEW SESSION due to violations: ["chrome.exe","discord.exe","whatsapp.exe"]
[2025-09-13T18:47:38.834Z] [LOG] [AntiCheat] Monitoring STOPPED
[2025-09-13T18:47:38.836Z] [LOG] [AntiCheat] INTERVIEW_TERMINATED: {"reason":"Critical security violations detected","violations":["chrome.exe","discord.exe","whatsapp.exe"],"filteredViolations":["discord.exe","whatsapp.exe"],"criticalViolations":[],"highSeverityViolations":["discord.exe"],"threatLevel":"high","timestamp":"2025-09-13T18:47:38.836Z","terminationTriggered":true}
[2025-09-13T18:47:40.044Z] [LOG] [AntiCheat] Redirecting to termination page: http://localhost:3000/interview-terminated
[2025-09-13T18:47:40.107Z] [LOG] [AntiCheat] PROCESS_SCAN: {"banned":["chrome.exe","discord.exe","whatsapp.exe"],"criticalViolations":[],"highSeverityViolations":["discord.exe"],"threatLevel":"high","shouldTerminate":true}
[2025-09-13T18:47:40.114Z] [LOG] [AntiCheat][BOOT] Terminating via bootstrap scan...
[2025-09-13T18:47:40.116Z] [LOG] [AntiCheat] TERMINATING INTERVIEW SESSION due to violations: ["chrome.exe","discord.exe","whatsapp.exe"]
[2025-09-13T18:47:40.119Z] [LOG] [AntiCheat] INTERVIEW_TERMINATED: {"reason":"Critical security violations detected","violations":["chrome.exe","discord.exe","whatsapp.exe"],"filteredViolations":["discord.exe","whatsapp.exe"],"criticalViolations":[],"highSeverityViolations":["discord.exe"],"threatLevel":"high","timestamp":"2025-09-13T18:47:40.119Z","terminationTriggered":true}
[2025-09-13T18:47:41.341Z] [LOG] [AntiCheat] Redirecting to termination page: http://localhost:3000/interview-terminated
[2025-09-13T18:47:42.388Z] [ERROR] [App] Failed to load URL: {"errorCode":-102,"errorDesc":"ERR_CONNECTION_REFUSED","validatedURL":"http://localhost:3000/interview-terminated","attempt":5}
[2025-09-13T18:47:42.391Z] [ERROR] (node:4460) electron: Failed to load URL: http://localhost:3000/interview-terminated with error: ERR_CONNECTION_REFUSED
[2025-09-13T18:47:42.444Z] [LOG] [AntiCheat] terminationInProgress cleared (termination page loaded)
[2025-09-13T18:47:42.450Z] [LOG] [AntiCheat][IPC] Test marked started in logger
[2025-09-13T18:47:42.458Z] [LOG] [AntiCheat][IPC] Grace period active until 2025-09-13T18:47:52.458Z
[2025-09-13T18:47:42.460Z] [LOG] [AntiCheat] startMonitoring from completed -> rearming (new session assumed)
[2025-09-13T18:47:42.467Z] [LOG] [AntiCheat] Monitoring ACTIVATED (state=active)
[2025-09-13T18:47:42.471Z] [LOG] [AntiCheat][IPC] startMonitoring invoked (previous state=completed, current=active)
[2025-09-13T18:47:42.474Z] [LOG] [AntiCheat][IPC] Logger status after markTestStarted: {"isActive":true,"sessionId":"auto-1757789222651_1757789222651","eventCount":18,"suspiciousActivity":{"windowSwitches":1,"suspiciousProcesses":[null],"clipboardEvents":1,"pasteAttempts":1},"riskLevel":"MEDIUM","score":18,"role":"candidate","testStarted":true}
[2025-09-13T18:47:43.043Z] [LOG] [AntiCheat] SESSION_END: {"sessionId":"auto-1757789222651_1757789222651","totalEvents":18,"suspiciousActivity":{"windowSwitches":1,"suspiciousProcesses":[null],"clipboardEvents":1,"pasteAttempts":1},"timestamp":"2025-09-13T18:47:43.043Z"}
[2025-09-13T18:47:43.051Z] [LOG] [AntiCheat] Session log saved: C:\Users\Hp\Desktop\codevail-app\logs\session_auto-1757789222651_1757789222651.json
[2025-09-13T18:47:43.054Z] [LOG] [AntiCheat] Session ended: auto-1757789222651_1757789222651
[2025-09-13T18:47:43.056Z] [LOG] [Diag] Process exiting with code 0
[2025-09-13T18:47:43.074Z] [LOG] [AntiCheat] Running process check (active)...
