[2025-09-13T19:29:03.798Z] [LOG] [Startup] Logging to C:\Users\Hp\Desktop\codevail-app\logs\electron-2025-09-13T19-29-03-797Z.log
[2025-09-13T19:29:07.346Z] [LOG] Loading dev URL: http://localhost:3000
[2025-09-13T19:29:09.942Z] [LOG] [AntiCheat] PROCESS_SCAN: {"banned":["chrome.exe","whatsapp.exe"],"criticalViolations":[],"highSeverityViolations":[],"threatLevel":"medium","shouldTerminate":false}
[2025-09-13T19:29:09.948Z] [LOG] [AntiCheat][Startup] Detected violations at startup: ["chrome.exe","whatsapp.exe"]
[2025-09-13T19:29:09.949Z] [LOG] [AntiCheat][Startup] Warning about medium violations
[2025-09-13T19:29:11.807Z] [LOG] [AntiCheat] Setting up monitoring system...
[2025-09-13T19:29:11.811Z] [LOG] [AntiCheat] Monitoring system initialized
[2025-09-13T19:29:11.822Z] [LOG] [AntiCheat] SESSION_START: {"candidateName":"DevAutoCandidate","interviewId":"auto-1757791751822","sessionId":"auto-1757791751822_1757791751822","role":"candidate","testStarted":true,"timestamp":"2025-09-13T19:29:11.822Z"}
[2025-09-13T19:29:11.832Z] [LOG] [AntiCheat] Session started: auto-1757791751822_1757791751822
[2025-09-13T19:29:11.835Z] [LOG] [AntiCheat][AUTO] Dev auto session initialized
[2025-09-13T19:29:11.839Z] [LOG] [AntiCheat][IPC] Test marked started in logger
[2025-09-13T19:29:11.850Z] [LOG] [AntiCheat][IPC] Grace period active until 2025-09-13T19:29:21.850Z
[2025-09-13T19:29:11.852Z] [LOG] [AntiCheat] Monitoring ACTIVATED (state=active)
[2025-09-13T19:29:11.856Z] [LOG] [AntiCheat][IPC] startMonitoring invoked (previous state=idle, current=active)
[2025-09-13T19:29:11.859Z] [LOG] [AntiCheat][IPC] Logger status after markTestStarted: {"isActive":true,"sessionId":"auto-1757791751822_1757791751822","eventCount":1,"suspiciousActivity":{"windowSwitches":0,"suspiciousProcesses":[],"clipboardEvents":0,"pasteAttempts":0},"riskLevel":"NONE","score":0,"role":"candidate","testStarted":true}
[2025-09-13T19:29:12.457Z] [LOG] [AntiCheat] Running process check (active)...
[2025-09-13T19:29:12.665Z] [LOG] [AntiCheat] startMonitoring called but interval already exists
[2025-09-13T19:29:14.926Z] [LOG] [AntiCheat] SUSPICIOUS_PROCESS: {"processes":["chrome.exe","whatsapp.exe"],"criticalViolations":[],"highSeverityViolations":[],"threatLevel":"medium","shouldTerminate":false}
[2025-09-13T19:29:14.935Z] [LOG] [AntiCheat][DECIDE] willTerminate= false isCandidate= true loggerTestStarted= true testState= active sessionActive= true role= candidate terminationInProgress= false eventData= {"processes":["chrome.exe","whatsapp.exe"],"criticalViolations":[],"highSeverityViolations":[],"threatLevel":"medium","shouldTerminate":false}
[2025-09-13T19:29:14.949Z] [LOG] [AntiCheat][WARNING] Detected medium/low severity processes: ["chrome.exe","whatsapp.exe"] threat level: medium
[2025-09-13T19:29:14.955Z] [LOG] [AntiCheat] PROCESS_WARNING: {"processes":["chrome.exe","whatsapp.exe"],"threatLevel":"medium","reason":"Medium/low severity violation - warning only","timestamp":"2025-09-13T19:29:14.955Z"}
[2025-09-13T19:29:16.864Z] [LOG] [AntiCheat] CLIPBOARD_CHANGE: {"contentLength":1517,"isLargePaste":true,"containsCode":true,"timestamp":"2025-09-13T19:29:16.864Z"}
[2025-09-13T19:29:17.036Z] [LOG] [AntiCheat] LARGE_PASTE_DETECTED: {"contentLength":1517,"preview":"1️⃣ Suppress repeated navigation logs\n\nRight now, ...","timestamp":"2025-09-13T19:29:17.036Z"}
[2025-09-13T19:29:18.864Z] [LOG] [AntiCheat] Running process check (active)...
[2025-09-13T19:29:19.641Z] [LOG] [AntiCheat] PROCESS_SCAN: {"banned":["chrome.exe","whatsapp.exe"],"criticalViolations":[],"highSeverityViolations":[],"threatLevel":"medium","shouldTerminate":false}
[2025-09-13T19:29:20.642Z] [LOG] [AntiCheat] SUSPICIOUS_PROCESS: {"processes":["chrome.exe","whatsapp.exe"],"criticalViolations":[],"highSeverityViolations":[],"threatLevel":"medium","shouldTerminate":false}
[2025-09-13T19:29:20.648Z] [LOG] [AntiCheat][DECIDE] willTerminate= false isCandidate= true loggerTestStarted= true testState= active sessionActive= true role= candidate terminationInProgress= false eventData= {"processes":["chrome.exe","whatsapp.exe"],"criticalViolations":[],"highSeverityViolations":[],"threatLevel":"medium","shouldTerminate":false}
[2025-09-13T19:29:20.704Z] [LOG] [AntiCheat][WARNING] Detected medium/low severity processes: ["chrome.exe","whatsapp.exe"] threat level: medium
[2025-09-13T19:29:20.707Z] [LOG] [AntiCheat] PROCESS_WARNING: {"processes":["chrome.exe","whatsapp.exe"],"threatLevel":"medium","reason":"Medium/low severity violation - warning only","timestamp":"2025-09-13T19:29:20.707Z"}
[2025-09-13T19:29:24.766Z] [LOG] [AntiCheat] PROCESS_SCAN: {"banned":["chrome.exe","whatsapp.exe"],"criticalViolations":[],"highSeverityViolations":[],"threatLevel":"medium","shouldTerminate":false}
[2025-09-13T19:29:25.865Z] [LOG] [AntiCheat] Running process check (active)...
[2025-09-13T19:29:27.937Z] [LOG] [AntiCheat] SUSPICIOUS_PROCESS: {"processes":["chrome.exe","whatsapp.exe"],"criticalViolations":[],"highSeverityViolations":[],"threatLevel":"medium","shouldTerminate":false}
[2025-09-13T19:29:27.941Z] [LOG] [AntiCheat][DECIDE] willTerminate= false isCandidate= true loggerTestStarted= true testState= active sessionActive= true role= candidate terminationInProgress= false eventData= {"processes":["chrome.exe","whatsapp.exe"],"criticalViolations":[],"highSeverityViolations":[],"threatLevel":"medium","shouldTerminate":false}
[2025-09-13T19:29:27.944Z] [LOG] [AntiCheat][WARNING] Detected medium/low severity processes: ["chrome.exe","whatsapp.exe"] threat level: medium
[2025-09-13T19:29:27.963Z] [LOG] [AntiCheat] PROCESS_WARNING: {"processes":["chrome.exe","whatsapp.exe"],"threatLevel":"medium","reason":"Medium/low severity violation - warning only","timestamp":"2025-09-13T19:29:27.963Z"}
[2025-09-13T19:29:31.874Z] [LOG] [AntiCheat] PROCESS_SCAN: {"banned":["chrome.exe","whatsapp.exe"],"criticalViolations":[],"highSeverityViolations":[],"threatLevel":"medium","shouldTerminate":false}
[2025-09-13T19:29:32.867Z] [LOG] [AntiCheat] Running process check (active)...
[2025-09-13T19:29:34.602Z] [LOG] [AntiCheat] SUSPICIOUS_PROCESS: {"processes":["chrome.exe","whatsapp.exe"],"criticalViolations":[],"highSeverityViolations":[],"threatLevel":"medium","shouldTerminate":false}
[2025-09-13T19:29:34.610Z] [LOG] [AntiCheat][DECIDE] willTerminate= false isCandidate= true loggerTestStarted= true testState= active sessionActive= true role= candidate terminationInProgress= false eventData= {"processes":["chrome.exe","whatsapp.exe"],"criticalViolations":[],"highSeverityViolations":[],"threatLevel":"medium","shouldTerminate":false}
[2025-09-13T19:29:34.637Z] [LOG] [AntiCheat][WARNING] Detected medium/low severity processes: ["chrome.exe","whatsapp.exe"] threat level: medium
[2025-09-13T19:29:34.657Z] [LOG] [AntiCheat] PROCESS_WARNING: {"processes":["chrome.exe","whatsapp.exe"],"threatLevel":"medium","reason":"Medium/low severity violation - warning only","timestamp":"2025-09-13T19:29:34.657Z"}
[2025-09-13T19:29:37.075Z] [LOG] [AntiCheat] PROCESS_SCAN: {"banned":["chrome.exe","whatsapp.exe"],"criticalViolations":[],"highSeverityViolations":[],"threatLevel":"medium","shouldTerminate":false}
[2025-09-13T19:29:39.880Z] [LOG] [AntiCheat] Running process check (active)...
[2025-09-13T19:29:41.206Z] [LOG] [AntiCheat] SUSPICIOUS_PROCESS: {"processes":["chrome.exe","whatsapp.exe"],"criticalViolations":[],"highSeverityViolations":[],"threatLevel":"medium","shouldTerminate":false}
[2025-09-13T19:29:41.211Z] [LOG] [AntiCheat][DECIDE] willTerminate= false isCandidate= true loggerTestStarted= true testState= active sessionActive= true role= candidate terminationInProgress= false eventData= {"processes":["chrome.exe","whatsapp.exe"],"criticalViolations":[],"highSeverityViolations":[],"threatLevel":"medium","shouldTerminate":false}
[2025-09-13T19:29:41.219Z] [LOG] [AntiCheat][WARNING] Detected medium/low severity processes: ["chrome.exe","whatsapp.exe"] threat level: medium
[2025-09-13T19:29:41.226Z] [LOG] [AntiCheat] PROCESS_WARNING: {"processes":["chrome.exe","whatsapp.exe"],"threatLevel":"medium","reason":"Medium/low severity violation - warning only","timestamp":"2025-09-13T19:29:41.226Z"}
[2025-09-13T19:29:43.207Z] [LOG] [AntiCheat] PROCESS_SCAN: {"banned":["chrome.exe","whatsapp.exe"],"criticalViolations":[],"highSeverityViolations":[],"threatLevel":"medium","shouldTerminate":false}
[2025-09-13T19:29:46.894Z] [LOG] [AntiCheat] Running process check (active)...
[2025-09-13T19:29:48.536Z] [LOG] [AntiCheat] SUSPICIOUS_PROCESS: {"processes":["chrome.exe","whatsapp.exe"],"criticalViolations":[],"highSeverityViolations":[],"threatLevel":"medium","shouldTerminate":false}
[2025-09-13T19:29:48.561Z] [LOG] [AntiCheat][DECIDE] willTerminate= false isCandidate= true loggerTestStarted= true testState= active sessionActive= true role= candidate terminationInProgress= false eventData= {"processes":["chrome.exe","whatsapp.exe"],"criticalViolations":[],"highSeverityViolations":[],"threatLevel":"medium","shouldTerminate":false}
[2025-09-13T19:29:48.572Z] [LOG] [AntiCheat][WARNING] Detected medium/low severity processes: ["chrome.exe","whatsapp.exe"] threat level: medium
[2025-09-13T19:29:48.587Z] [LOG] [AntiCheat] PROCESS_WARNING: {"processes":["chrome.exe","whatsapp.exe"],"threatLevel":"medium","reason":"Medium/low severity violation - warning only","timestamp":"2025-09-13T19:29:48.587Z"}
[2025-09-13T19:29:49.735Z] [LOG] [AntiCheat] PROCESS_SCAN: {"banned":["chrome.exe","whatsapp.exe"],"criticalViolations":[],"highSeverityViolations":[],"threatLevel":"medium","shouldTerminate":false}
[2025-09-13T19:29:53.901Z] [LOG] [AntiCheat] Running process check (active)...
[2025-09-13T19:29:55.700Z] [LOG] [AntiCheat] PROCESS_SCAN: {"banned":["chrome.exe","whatsapp.exe"],"criticalViolations":[],"highSeverityViolations":[],"threatLevel":"medium","shouldTerminate":false}
[2025-09-13T19:29:55.748Z] [LOG] [AntiCheat] SUSPICIOUS_PROCESS: {"processes":["chrome.exe","whatsapp.exe"],"criticalViolations":[],"highSeverityViolations":[],"threatLevel":"medium","shouldTerminate":false}
[2025-09-13T19:29:55.788Z] [LOG] [AntiCheat][DECIDE] willTerminate= false isCandidate= true loggerTestStarted= true testState= active sessionActive= true role= candidate terminationInProgress= false eventData= {"processes":["chrome.exe","whatsapp.exe"],"criticalViolations":[],"highSeverityViolations":[],"threatLevel":"medium","shouldTerminate":false}
[2025-09-13T19:29:55.810Z] [LOG] [AntiCheat][WARNING] Detected medium/low severity processes: ["chrome.exe","whatsapp.exe"] threat level: medium
[2025-09-13T19:29:55.814Z] [LOG] [AntiCheat] PROCESS_WARNING: {"processes":["chrome.exe","whatsapp.exe"],"threatLevel":"medium","reason":"Medium/low severity violation - warning only","timestamp":"2025-09-13T19:29:55.814Z"}
[2025-09-13T19:30:00.911Z] [LOG] [AntiCheat] Running process check (active)...
[2025-09-13T19:30:01.555Z] [LOG] [AntiCheat] PROCESS_SCAN: {"banned":["chrome.exe","whatsapp.exe"],"criticalViolations":[],"highSeverityViolations":[],"threatLevel":"medium","shouldTerminate":false}
[2025-09-13T19:30:02.289Z] [LOG] [AntiCheat] SUSPICIOUS_PROCESS: {"processes":["chrome.exe","whatsapp.exe"],"criticalViolations":[],"highSeverityViolations":[],"threatLevel":"medium","shouldTerminate":false}
[2025-09-13T19:30:02.314Z] [LOG] [AntiCheat][DECIDE] willTerminate= false isCandidate= true loggerTestStarted= true testState= active sessionActive= true role= candidate terminationInProgress= false eventData= {"processes":["chrome.exe","whatsapp.exe"],"criticalViolations":[],"highSeverityViolations":[],"threatLevel":"medium","shouldTerminate":false}
[2025-09-13T19:30:02.373Z] [LOG] [AntiCheat][WARNING] Detected medium/low severity processes: ["chrome.exe","whatsapp.exe"] threat level: medium
[2025-09-13T19:30:02.387Z] [LOG] [AntiCheat] PROCESS_WARNING: {"processes":["chrome.exe","whatsapp.exe"],"threatLevel":"medium","reason":"Medium/low severity violation - warning only","timestamp":"2025-09-13T19:30:02.387Z"}
[2025-09-13T19:30:02.435Z] [LOG] [AntiCheat] WINDOW_LOST_FOCUS: {"duration":0,"timestamp":"2025-09-13T19:30:02.435Z"}
[2025-09-13T19:30:05.106Z] [LOG] [AntiCheat] WINDOW_LOST_FOCUS: {"duration":0,"timestamp":"2025-09-13T19:30:05.106Z"}
[2025-09-13T19:30:05.112Z] [LOG] [AntiCheat] WINDOW_REGAINED_FOCUS: {"duration":6,"awayTimeSeconds":0,"timestamp":"2025-09-13T19:30:05.112Z"}
[2025-09-13T19:30:07.259Z] [LOG] [AntiCheat] SESSION_END: {"sessionId":"auto-1757791751822_1757791751822","totalEvents":30,"suspiciousActivity":{"windowSwitches":2,"suspiciousProcesses":[null],"clipboardEvents":1,"pasteAttempts":1},"timestamp":"2025-09-13T19:30:07.259Z"}
[2025-09-13T19:30:07.323Z] [LOG] [AntiCheat] Session log saved: C:\Users\Hp\Desktop\codevail-app\logs\session_auto-1757791751822_1757791751822.json
[2025-09-13T19:30:07.356Z] [LOG] [AntiCheat] Session ended: auto-1757791751822_1757791751822
[2025-09-13T19:30:07.403Z] [LOG] [Diag] Process exiting with code 0
