[2025-09-15T23:26:00.922Z] [LOG] [Startup] Logging to C:\Users\Hp\Desktop\codevail-app\logs\electron-2025-09-15T23-26-00-921Z.log
[2025-09-15T23:26:02.576Z] [LOG] Loading dev URL: http://localhost:3000
[2025-09-15T23:26:04.871Z] [LOG] [AntiCheat] PROCESS_SCAN: {"banned":["chrome.exe","discord.exe","whatsapp.exe"],"criticalViolations":[],"highSeverityViolations":["discord.exe"],"threatLevel":"high","shouldTerminate":true}
[2025-09-15T23:26:04.896Z] [LOG] [AntiCheat][Startup] Detected violations at startup: ["chrome.exe","discord.exe","whatsapp.exe"]
[2025-09-15T23:26:04.901Z] [LOG] [AntiCheat][Startup] Blocking startup due to critical violations
[2025-09-15T23:26:07.826Z] [LOG] [AntiCheat] Setting up monitoring system...
[2025-09-15T23:26:07.831Z] [LOG] [AntiCheat] Monitoring system initialized
[2025-09-15T23:26:07.870Z] [LOG] [AntiCheat] SESSION_START: {"candidateName":"DevAutoCandidate","interviewId":"auto-1757978767870","sessionId":"auto-1757978767870_1757978767870","role":"candidate","testStarted":true,"timestamp":"2025-09-15T23:26:07.870Z"}
[2025-09-15T23:26:07.884Z] [LOG] [AntiCheat] Session started: auto-1757978767870_1757978767870
[2025-09-15T23:26:07.944Z] [LOG] [AntiCheat][AUTO] Dev auto session initialized
[2025-09-15T23:26:07.958Z] [LOG] [AntiCheat][IPC] Test marked started in logger
[2025-09-15T23:26:07.976Z] [LOG] [AntiCheat][IPC] Grace period active until 2025-09-15T23:26:17.976Z
[2025-09-15T23:26:07.979Z] [LOG] [AntiCheat] Monitoring ACTIVATED (state=active)
[2025-09-15T23:26:07.981Z] [LOG] [AntiCheat][IPC] startMonitoring invoked (previous state=idle, current=active)
[2025-09-15T23:26:07.985Z] [LOG] [AntiCheat][IPC] Logger status after markTestStarted: {"isActive":true,"sessionId":"auto-1757978767870_1757978767870","eventCount":1,"suspiciousActivity":{"windowSwitches":0,"suspiciousProcesses":[],"clipboardEvents":0,"pasteAttempts":0},"riskLevel":"NONE","score":0,"role":"candidate","testStarted":true}
[2025-09-15T23:26:08.585Z] [LOG] [AntiCheat] Running process check (active)...
[2025-09-15T23:26:08.689Z] [LOG] [AntiCheat] startMonitoring called but interval already exists
[2025-09-15T23:26:13.022Z] [LOG] [AntiCheat] CLIPBOARD_CHANGE: {"contentLength":42,"isLargePaste":false,"containsCode":false,"timestamp":"2025-09-15T23:26:13.022Z"}
[2025-09-15T23:26:14.984Z] [LOG] [AntiCheat] Running process check (active)...
[2025-09-15T23:26:15.724Z] [LOG] [AntiCheat] SUSPICIOUS_PROCESS: {"processes":["chrome.exe","discord.exe","whatsapp.exe"],"criticalViolations":[],"highSeverityViolations":["discord.exe"],"threatLevel":"high","shouldTerminate":true}
[2025-09-15T23:26:15.727Z] [LOG] [AntiCheat][DECIDE] willTerminate= true isCandidate= true loggerTestStarted= true testState= active sessionActive= true role= candidate terminationInProgress= false eventData= {"processes":["chrome.exe","discord.exe","whatsapp.exe"],"criticalViolations":[],"highSeverityViolations":["discord.exe"],"threatLevel":"high","shouldTerminate":true}
[2025-09-15T23:26:15.734Z] [LOG] [AntiCheat][GRACE] Suppressing termination inside periodic process check until 2025-09-15T23:26:17.976Z
[2025-09-15T23:26:18.906Z] [LOG] [AntiCheat] PROCESS_SCAN: {"banned":["chrome.exe","discord.exe","whatsapp.exe"],"criticalViolations":[],"highSeverityViolations":["discord.exe"],"threatLevel":"high","shouldTerminate":true}
[2025-09-15T23:26:18.925Z] [LOG] [AntiCheat][BOOT] Terminating via bootstrap scan...
[2025-09-15T23:26:18.930Z] [LOG] [AntiCheat] TERMINATING INTERVIEW SESSION due to violations: ["chrome.exe","discord.exe","whatsapp.exe"]
[2025-09-15T23:26:18.979Z] [LOG] [AntiCheat] Monitoring STOPPED
[2025-09-15T23:26:18.983Z] [LOG] [AntiCheat] INTERVIEW_TERMINATED: {"reason":"Critical security violations detected","violations":["chrome.exe","discord.exe","whatsapp.exe"],"filteredViolations":["discord.exe","whatsapp.exe"],"criticalViolations":[],"highSeverityViolations":["discord.exe"],"threatLevel":"high","timestamp":"2025-09-15T23:26:18.983Z","terminationTriggered":true}
[2025-09-15T23:26:19.561Z] [LOG] [AntiCheat] SUSPICIOUS_PROCESS: {"processes":["chrome.exe","discord.exe","whatsapp.exe"],"criticalViolations":[],"highSeverityViolations":["discord.exe"],"threatLevel":"high","shouldTerminate":true}
[2025-09-15T23:26:19.597Z] [LOG] [AntiCheat][DECIDE] willTerminate= true isCandidate= true loggerTestStarted= true testState= completed sessionActive= true role= candidate terminationInProgress= false eventData= {"processes":["chrome.exe","discord.exe","whatsapp.exe"],"criticalViolations":[],"highSeverityViolations":["discord.exe"],"threatLevel":"high","shouldTerminate":true}
[2025-09-15T23:26:19.600Z] [LOG] [AntiCheat] Terminating due to violation: {"processes":["chrome.exe","discord.exe","whatsapp.exe"],"criticalViolations":[],"highSeverityViolations":["discord.exe"],"threatLevel":"high","shouldTerminate":true}
[2025-09-15T23:26:19.614Z] [LOG] [AntiCheat] TERMINATING INTERVIEW SESSION due to violations: ["chrome.exe","discord.exe","whatsapp.exe"]
[2025-09-15T23:26:19.630Z] [LOG] [AntiCheat] INTERVIEW_TERMINATED: {"reason":"Critical security violations detected","violations":["chrome.exe","discord.exe","whatsapp.exe"],"filteredViolations":["discord.exe","whatsapp.exe"],"criticalViolations":[],"highSeverityViolations":["discord.exe"],"threatLevel":"high","timestamp":"2025-09-15T23:26:19.630Z","terminationTriggered":true}
[2025-09-15T23:26:20.205Z] [LOG] [AntiCheat] Redirecting to termination page: http://localhost:3000/interview-terminated
[2025-09-15T23:26:20.852Z] [LOG] [AntiCheat] Redirecting to termination page: http://localhost:3000/interview-terminated
[2025-09-15T23:26:41.397Z] [LOG] [AntiCheat] terminationInProgress cleared (termination page loaded)
[2025-09-15T23:26:41.491Z] [LOG] [AntiCheat][IPC] Test marked started in logger
[2025-09-15T23:26:41.492Z] [LOG] [AntiCheat][IPC] Grace period active until 2025-09-15T23:26:51.492Z
[2025-09-15T23:26:41.494Z] [LOG] [AntiCheat] startMonitoring from completed -> rearming (new session assumed)
[2025-09-15T23:26:41.601Z] [LOG] [AntiCheat] Monitoring ACTIVATED (state=active)
[2025-09-15T23:26:41.725Z] [LOG] [AntiCheat][IPC] startMonitoring invoked (previous state=completed, current=active)
[2025-09-15T23:26:41.843Z] [LOG] [AntiCheat][IPC] Logger status after markTestStarted: {"isActive":true,"sessionId":"auto-1757978767870_1757978767870","eventCount":7,"suspiciousActivity":{"windowSwitches":0,"suspiciousProcesses":[null],"clipboardEvents":1,"pasteAttempts":0},"riskLevel":"MEDIUM","score":11,"role":"candidate","testStarted":true}
[2025-09-15T23:26:42.340Z] [LOG] [AntiCheat] Running process check (active)...
[2025-09-15T23:26:42.679Z] [LOG] [AntiCheat] startMonitoring called but interval already exists
[2025-09-15T23:26:46.732Z] [LOG] [AntiCheat] CLIPBOARD_CHANGE: {"contentLength":42,"isLargePaste":false,"containsCode":false,"timestamp":"2025-09-15T23:26:46.732Z"}
[2025-09-15T23:26:47.120Z] [LOG] [AntiCheat] SUSPICIOUS_PROCESS: {"processes":["chrome.exe","discord.exe","whatsapp.exe"],"criticalViolations":[],"highSeverityViolations":["discord.exe"],"threatLevel":"high","shouldTerminate":true}
[2025-09-15T23:26:47.288Z] [LOG] [AntiCheat][DECIDE] willTerminate= true isCandidate= true loggerTestStarted= true testState= active sessionActive= true role= candidate terminationInProgress= false eventData= {"processes":["chrome.exe","discord.exe","whatsapp.exe"],"criticalViolations":[],"highSeverityViolations":["discord.exe"],"threatLevel":"high","shouldTerminate":true}
[2025-09-15T23:26:47.294Z] [LOG] [AntiCheat][GRACE] Suppressing termination inside periodic process check until 2025-09-15T23:26:51.492Z
[2025-09-15T23:26:48.728Z] [LOG] [AntiCheat] Running process check (active)...
[2025-09-15T23:26:50.196Z] [LOG] [AntiCheat] WINDOW_LOST_FOCUS: {"duration":0,"timestamp":"2025-09-15T23:26:50.196Z"}
[2025-09-15T23:26:51.093Z] [LOG] [AntiCheat] PROCESS_SCAN: {"banned":["chrome.exe","discord.exe","whatsapp.exe"],"criticalViolations":[],"highSeverityViolations":["discord.exe"],"threatLevel":"high","shouldTerminate":true}
[2025-09-15T23:26:51.102Z] [LOG] [AntiCheat][BOOT][GRACE] Violation detected but within grace window; suppression active
[2025-09-15T23:26:51.172Z] [LOG] [AntiCheat] SUSPICIOUS_PROCESS: {"processes":["chrome.exe","discord.exe","whatsapp.exe"],"criticalViolations":[],"highSeverityViolations":["discord.exe"],"threatLevel":"high","shouldTerminate":true}
[2025-09-15T23:26:51.199Z] [LOG] [AntiCheat][DECIDE] willTerminate= true isCandidate= true loggerTestStarted= true testState= active sessionActive= true role= candidate terminationInProgress= false eventData= {"processes":["chrome.exe","discord.exe","whatsapp.exe"],"criticalViolations":[],"highSeverityViolations":["discord.exe"],"threatLevel":"high","shouldTerminate":true}
[2025-09-15T23:26:51.209Z] [LOG] [AntiCheat][GRACE] Suppressing termination inside periodic process check until 2025-09-15T23:26:51.492Z
[2025-09-15T23:26:53.886Z] [LOG] [AntiCheat][IPC] Test marked started in logger
[2025-09-15T23:26:53.888Z] [LOG] [AntiCheat][IPC] Grace period active until 2025-09-15T23:27:03.888Z
[2025-09-15T23:26:53.889Z] [LOG] [AntiCheat] startMonitoring called but interval already exists
[2025-09-15T23:26:53.890Z] [LOG] [AntiCheat][IPC] startMonitoring invoked (previous state=active, current=active)
[2025-09-15T23:26:53.891Z] [LOG] [AntiCheat][IPC] Logger status after markTestStarted: {"isActive":true,"sessionId":"auto-1757978767870_1757978767870","eventCount":12,"suspiciousActivity":{"windowSwitches":1,"suspiciousProcesses":[null],"clipboardEvents":2,"pasteAttempts":0},"riskLevel":"MEDIUM","score":14,"role":"candidate","testStarted":true}
[2025-09-15T23:26:54.510Z] [LOG] [AntiCheat] startMonitoring called but interval already exists
[2025-09-15T23:26:55.056Z] [LOG] [AntiCheat] WINDOW_REGAINED_FOCUS: {"duration":4860,"awayTimeSeconds":5,"timestamp":"2025-09-15T23:26:55.056Z"}
[2025-09-15T23:26:55.733Z] [LOG] [AntiCheat] Running process check (active)...
[2025-09-15T23:26:56.460Z] [LOG] [AntiCheat] WINDOW_LOST_FOCUS: {"duration":0,"timestamp":"2025-09-15T23:26:56.460Z"}
[2025-09-15T23:26:57.750Z] [LOG] [AntiCheat] WINDOW_REGAINED_FOCUS: {"duration":1289,"awayTimeSeconds":1,"timestamp":"2025-09-15T23:26:57.750Z"}
[2025-09-15T23:26:57.967Z] [LOG] [AntiCheat] PROCESS_SCAN: {"banned":["chrome.exe","discord.exe","whatsapp.exe"],"criticalViolations":[],"highSeverityViolations":["discord.exe"],"threatLevel":"high","shouldTerminate":true}
[2025-09-15T23:26:58.010Z] [LOG] [AntiCheat][BOOT][GRACE] Violation detected but within grace window; suppression active
[2025-09-15T23:27:03.035Z] [LOG] [AntiCheat] Running process check (active)...
[2025-09-15T23:27:06.258Z] [LOG] [AntiCheat] SUSPICIOUS_PROCESS: {"processes":["chrome.exe","discord.exe","whatsapp.exe"],"criticalViolations":[],"highSeverityViolations":["discord.exe"],"threatLevel":"high","shouldTerminate":true}
[2025-09-15T23:27:06.323Z] [LOG] [AntiCheat][DECIDE] willTerminate= true isCandidate= true loggerTestStarted= true testState= active sessionActive= true role= candidate terminationInProgress= false eventData= {"processes":["chrome.exe","discord.exe","whatsapp.exe"],"criticalViolations":[],"highSeverityViolations":["discord.exe"],"threatLevel":"high","shouldTerminate":true}
[2025-09-15T23:27:06.450Z] [LOG] [AntiCheat] Terminating due to violation: {"processes":["chrome.exe","discord.exe","whatsapp.exe"],"criticalViolations":[],"highSeverityViolations":["discord.exe"],"threatLevel":"high","shouldTerminate":true}
[2025-09-15T23:27:06.458Z] [LOG] [AntiCheat] TERMINATING INTERVIEW SESSION due to violations: ["chrome.exe","discord.exe","whatsapp.exe"]
[2025-09-15T23:27:06.559Z] [LOG] [AntiCheat] Monitoring STOPPED
[2025-09-15T23:27:06.572Z] [LOG] [AntiCheat] INTERVIEW_TERMINATED: {"reason":"Critical security violations detected","violations":["chrome.exe","discord.exe","whatsapp.exe"],"filteredViolations":["discord.exe","whatsapp.exe"],"criticalViolations":[],"highSeverityViolations":["discord.exe"],"threatLevel":"high","timestamp":"2025-09-15T23:27:06.572Z","terminationTriggered":true}
[2025-09-15T23:27:07.904Z] [LOG] [AntiCheat] Redirecting to termination page: http://localhost:3000/interview-terminated
[2025-09-15T23:27:16.870Z] [LOG] [AntiCheat] PROCESS_SCAN: {"banned":["chrome.exe","discord.exe","whatsapp.exe"],"criticalViolations":[],"highSeverityViolations":["discord.exe"],"threatLevel":"high","shouldTerminate":true}
[2025-09-15T23:27:16.979Z] [LOG] [AntiCheat][BOOT] Terminating via bootstrap scan...
[2025-09-15T23:27:17.051Z] [LOG] [AntiCheat] TERMINATING INTERVIEW SESSION due to violations: ["chrome.exe","discord.exe","whatsapp.exe"]
[2025-09-15T23:27:17.100Z] [LOG] [AntiCheat] INTERVIEW_TERMINATED: {"reason":"Critical security violations detected","violations":["chrome.exe","discord.exe","whatsapp.exe"],"filteredViolations":["discord.exe","whatsapp.exe"],"criticalViolations":[],"highSeverityViolations":["discord.exe"],"threatLevel":"high","timestamp":"2025-09-15T23:27:17.100Z","terminationTriggered":true}
[2025-09-15T23:27:17.161Z] [LOG] [AntiCheat] SUSPICIOUS_PROCESS: {"processes":["chrome.exe","discord.exe","whatsapp.exe"],"criticalViolations":[],"highSeverityViolations":["discord.exe"],"threatLevel":"high","shouldTerminate":true}
[2025-09-15T23:27:17.293Z] [LOG] [AntiCheat][DECIDE] willTerminate= true isCandidate= true loggerTestStarted= true testState= completed sessionActive= true role= candidate terminationInProgress= true eventData= {"processes":["chrome.exe","discord.exe","whatsapp.exe"],"criticalViolations":[],"highSeverityViolations":["discord.exe"],"threatLevel":"high","shouldTerminate":true}
[2025-09-15T23:27:17.317Z] [WARN] [AntiCheat] Termination already in progress; ignoring duplicate trigger.
[2025-09-15T23:27:18.214Z] [LOG] [AntiCheat] SESSION_END: {"sessionId":"auto-1757978767870_1757978767870","totalEvents":21,"suspiciousActivity":{"windowSwitches":2,"suspiciousProcesses":[null],"clipboardEvents":2,"pasteAttempts":0},"timestamp":"2025-09-15T23:27:18.214Z"}
[2025-09-15T23:27:18.231Z] [LOG] [AntiCheat] Session log saved: C:\Users\Hp\Desktop\codevail-app\logs\session_auto-1757978767870_1757978767870.json
[2025-09-15T23:27:18.282Z] [LOG] [AntiCheat] Session ended: auto-1757978767870_1757978767870
[2025-09-15T23:27:18.303Z] [LOG] [Diag] Process exiting with code 0
[2025-09-15T23:27:18.427Z] [LOG] [AntiCheat] PROCESS_SCAN: {"banned":["chrome.exe","discord.exe","whatsapp.exe"],"criticalViolations":[],"highSeverityViolations":["discord.exe"],"threatLevel":"high","shouldTerminate":true}
[2025-09-15T23:27:18.451Z] [LOG] [AntiCheat][BOOT] Terminating via bootstrap scan...
[2025-09-15T23:27:18.464Z] [LOG] [AntiCheat] TERMINATING INTERVIEW SESSION due to violations: ["chrome.exe","discord.exe","whatsapp.exe"]
[2025-09-15T23:27:18.467Z] [LOG] [AntiCheat] INTERVIEW_TERMINATED: {"reason":"Critical security violations detected","violations":["chrome.exe","discord.exe","whatsapp.exe"],"filteredViolations":["discord.exe","whatsapp.exe"],"criticalViolations":[],"highSeverityViolations":["discord.exe"],"threatLevel":"high","timestamp":"2025-09-15T23:27:18.467Z","terminationTriggered":true}
