[2025-09-13T18:45:01.606Z] [LOG] [Startup] Logging to C:\Users\Hp\Desktop\codevail-app\logs\electron-2025-09-13T18-45-01-605Z.log
[2025-09-13T18:45:39.224Z] [ERROR] No dev server found on localhost:3000-3005
[2025-09-13T18:45:39.228Z] [LOG] Loading fallback URL: http://localhost:3000
[2025-09-13T18:45:41.835Z] [ERROR] [App] Failed to load URL: {"errorCode":-102,"errorDesc":"ERR_CONNECTION_REFUSED","validatedURL":"http://localhost:3000/","attempt":0}
[2025-09-13T18:45:41.840Z] [WARN] [App] Retry loading (1/5) in 1200ms...
[2025-09-13T18:45:41.841Z] [ERROR] (node:6372) electron: Failed to load URL: http://localhost:3000/ with error: ERR_CONNECTION_REFUSED
(Use `electron --trace-warnings ...` to show where the warning was created)
[2025-09-13T18:45:41.900Z] [LOG] [AntiCheat] Setting up monitoring system...
[2025-09-13T18:45:41.901Z] [LOG] [AntiCheat] Monitoring system initialized
[2025-09-13T18:45:41.903Z] [LOG] [AntiCheat] SESSION_START: {"candidateName":"DevAutoCandidate","interviewId":"auto-1757789141903","sessionId":"auto-1757789141903_1757789141903","role":"candidate","testStarted":true,"timestamp":"2025-09-13T18:45:41.903Z"}
[2025-09-13T18:45:41.906Z] [LOG] [AntiCheat] Session started: auto-1757789141903_1757789141903
[2025-09-13T18:45:41.907Z] [LOG] [AntiCheat][AUTO] Dev auto session initialized
[2025-09-13T18:45:41.908Z] [LOG] [AntiCheat][IPC] Test marked started in logger
[2025-09-13T18:45:41.909Z] [LOG] [AntiCheat][IPC] Grace period active until 2025-09-13T18:45:51.909Z
[2025-09-13T18:45:41.911Z] [LOG] [AntiCheat] Monitoring ACTIVATED (state=active)
[2025-09-13T18:45:41.912Z] [LOG] [AntiCheat][IPC] startMonitoring invoked (previous state=idle, current=active)
[2025-09-13T18:45:41.913Z] [LOG] [AntiCheat][IPC] Logger status after markTestStarted: {"isActive":true,"sessionId":"auto-1757789141903_1757789141903","eventCount":1,"suspiciousActivity":{"windowSwitches":0,"suspiciousProcesses":[],"clipboardEvents":0,"pasteAttempts":0},"riskLevel":"NONE","score":0,"role":"candidate","testStarted":true}
[2025-09-13T18:45:42.525Z] [LOG] [AntiCheat] Running process check (active)...
[2025-09-13T18:45:42.704Z] [LOG] [AntiCheat] startMonitoring called but interval already exists
[2025-09-13T18:45:45.409Z] [ERROR] [App] Failed to load URL: {"errorCode":-102,"errorDesc":"ERR_CONNECTION_REFUSED","validatedURL":"http://localhost:3000/","attempt":1}
[2025-09-13T18:45:45.415Z] [WARN] [App] Retry loading (2/5) in 1500ms...
[2025-09-13T18:45:45.419Z] [ERROR] (node:6372) electron: Failed to load URL: http://localhost:3000/ with error: ERR_CONNECTION_REFUSED
[2025-09-13T18:45:45.429Z] [LOG] [AntiCheat][IPC] Test marked started in logger
[2025-09-13T18:45:45.445Z] [LOG] [AntiCheat][IPC] Grace period active until 2025-09-13T18:45:55.445Z
[2025-09-13T18:45:45.446Z] [LOG] [AntiCheat] startMonitoring called but interval already exists
[2025-09-13T18:45:45.449Z] [LOG] [AntiCheat][IPC] startMonitoring invoked (previous state=active, current=active)
[2025-09-13T18:45:45.456Z] [LOG] [AntiCheat][IPC] Logger status after markTestStarted: {"isActive":true,"sessionId":"auto-1757789141903_1757789141903","eventCount":1,"suspiciousActivity":{"windowSwitches":0,"suspiciousProcesses":[],"clipboardEvents":0,"pasteAttempts":0},"riskLevel":"NONE","score":0,"role":"candidate","testStarted":true}
[2025-09-13T18:45:45.462Z] [ERROR] [App] Retry load failed: ERR_CONNECTION_REFUSED (-102) loading 'http://localhost:3000/'
[2025-09-13T18:45:46.062Z] [LOG] [AntiCheat] startMonitoring called but interval already exists
[2025-09-13T18:45:46.350Z] [LOG] [AntiCheat] SUSPICIOUS_PROCESS: {"processes":["chrome.exe","discord.exe","whatsapp.exe"],"criticalViolations":[],"highSeverityViolations":["discord.exe"],"threatLevel":"high","shouldTerminate":true}
[2025-09-13T18:45:46.354Z] [LOG] [AntiCheat][DECIDE] willTerminate= true isCandidate= true loggerTestStarted= true testState= active sessionActive= true role= candidate terminationInProgress= false eventData= {"processes":["chrome.exe","discord.exe","whatsapp.exe"],"criticalViolations":[],"highSeverityViolations":["discord.exe"],"threatLevel":"high","shouldTerminate":true}
[2025-09-13T18:45:46.357Z] [LOG] [AntiCheat][GRACE] Suppressing termination inside periodic process check until 2025-09-13T18:45:55.445Z
[2025-09-13T18:45:46.924Z] [LOG] [AntiCheat] CLIPBOARD_CHANGE: {"contentLength":1517,"isLargePaste":true,"containsCode":true,"timestamp":"2025-09-13T18:45:46.924Z"}
[2025-09-13T18:45:46.927Z] [LOG] [AntiCheat] LARGE_PASTE_DETECTED: {"contentLength":1517,"preview":"1️⃣ Suppress repeated navigation logs\n\nRight now, ...","timestamp":"2025-09-13T18:45:46.927Z"}
[2025-09-13T18:45:48.506Z] [LOG] [AntiCheat] WINDOW_LOST_FOCUS: {"duration":0,"timestamp":"2025-09-13T18:45:48.506Z"}
[2025-09-13T18:45:48.913Z] [LOG] [AntiCheat] Running process check (active)...
[2025-09-13T18:45:49.332Z] [ERROR] [App] Failed to load URL: {"errorCode":-102,"errorDesc":"ERR_CONNECTION_REFUSED","validatedURL":"http://localhost:3000/","attempt":2}
[2025-09-13T18:45:49.336Z] [WARN] [App] Retry loading (3/5) in 1800ms...
[2025-09-13T18:45:49.338Z] [ERROR] (node:6372) electron: Failed to load URL: http://localhost:3000/ with error: ERR_CONNECTION_REFUSED
[2025-09-13T18:45:49.587Z] [LOG] [AntiCheat][IPC] Test marked started in logger
[2025-09-13T18:45:49.589Z] [LOG] [AntiCheat][IPC] Grace period active until 2025-09-13T18:45:59.589Z
[2025-09-13T18:45:49.599Z] [LOG] [AntiCheat] startMonitoring called but interval already exists
[2025-09-13T18:45:49.601Z] [LOG] [AntiCheat][IPC] startMonitoring invoked (previous state=active, current=active)
[2025-09-13T18:45:49.642Z] [LOG] [AntiCheat][IPC] Logger status after markTestStarted: {"isActive":true,"sessionId":"auto-1757789141903_1757789141903","eventCount":5,"suspiciousActivity":{"windowSwitches":1,"suspiciousProcesses":[null],"clipboardEvents":1,"pasteAttempts":1},"riskLevel":"MEDIUM","score":18,"role":"candidate","testStarted":true}
[2025-09-13T18:45:49.652Z] [ERROR] [App] Retry load failed: ERR_CONNECTION_REFUSED (-102) loading 'http://localhost:3000/'
[2025-09-13T18:45:49.949Z] [LOG] [AntiCheat] PROCESS_SCAN: {"banned":["chrome.exe","discord.exe","whatsapp.exe"],"criticalViolations":[],"highSeverityViolations":["discord.exe"],"threatLevel":"high","shouldTerminate":true}
[2025-09-13T18:45:49.975Z] [LOG] [AntiCheat][BOOT][GRACE] Violation detected but within grace window; suppression active
[2025-09-13T18:45:50.252Z] [LOG] [AntiCheat] startMonitoring called but interval already exists
[2025-09-13T18:45:50.423Z] [LOG] [AntiCheat] SUSPICIOUS_PROCESS: {"processes":["chrome.exe","discord.exe","whatsapp.exe"],"criticalViolations":[],"highSeverityViolations":["discord.exe"],"threatLevel":"high","shouldTerminate":true}
[2025-09-13T18:45:50.445Z] [LOG] [AntiCheat][DECIDE] willTerminate= true isCandidate= true loggerTestStarted= true testState= active sessionActive= true role= candidate terminationInProgress= false eventData= {"processes":["chrome.exe","discord.exe","whatsapp.exe"],"criticalViolations":[],"highSeverityViolations":["discord.exe"],"threatLevel":"high","shouldTerminate":true}
[2025-09-13T18:45:50.456Z] [LOG] [AntiCheat][GRACE] Suppressing termination inside periodic process check until 2025-09-13T18:45:59.589Z
[2025-09-13T18:45:50.570Z] [LOG] [AntiCheat] WINDOW_REGAINED_FOCUS: {"duration":2064,"awayTimeSeconds":2,"timestamp":"2025-09-13T18:45:50.570Z"}
[2025-09-13T18:45:53.204Z] [LOG] [AntiCheat] WINDOW_LOST_FOCUS: {"duration":0,"timestamp":"2025-09-13T18:45:53.204Z"}
[2025-09-13T18:45:53.877Z] [ERROR] [App] Failed to load URL: {"errorCode":-102,"errorDesc":"ERR_CONNECTION_REFUSED","validatedURL":"http://localhost:3000/","attempt":3}
[2025-09-13T18:45:53.891Z] [WARN] [App] Retry loading (4/5) in 2100ms...
[2025-09-13T18:45:53.892Z] [ERROR] (node:6372) electron: Failed to load URL: http://localhost:3000/ with error: ERR_CONNECTION_REFUSED
[2025-09-13T18:45:53.926Z] [LOG] [AntiCheat][IPC] Test marked started in logger
[2025-09-13T18:45:53.939Z] [LOG] [AntiCheat][IPC] Grace period active until 2025-09-13T18:46:03.939Z
[2025-09-13T18:45:53.940Z] [LOG] [AntiCheat] startMonitoring called but interval already exists
[2025-09-13T18:45:53.941Z] [LOG] [AntiCheat][IPC] startMonitoring invoked (previous state=active, current=active)
[2025-09-13T18:45:53.942Z] [LOG] [AntiCheat][IPC] Logger status after markTestStarted: {"isActive":true,"sessionId":"auto-1757789141903_1757789141903","eventCount":9,"suspiciousActivity":{"windowSwitches":2,"suspiciousProcesses":[null],"clipboardEvents":1,"pasteAttempts":1},"riskLevel":"HIGH","score":20,"role":"candidate","testStarted":true}
[2025-09-13T18:45:53.947Z] [ERROR] [App] Retry load failed: ERR_CONNECTION_REFUSED (-102) loading 'http://localhost:3000/'
[2025-09-13T18:45:54.556Z] [LOG] [AntiCheat] startMonitoring called but interval already exists
[2025-09-13T18:45:55.858Z] [LOG] [AntiCheat] PROCESS_SCAN: {"banned":["chrome.exe","discord.exe","whatsapp.exe"],"criticalViolations":[],"highSeverityViolations":["discord.exe"],"threatLevel":"high","shouldTerminate":true}
[2025-09-13T18:45:55.860Z] [LOG] [AntiCheat][BOOT][GRACE] Violation detected but within grace window; suppression active
[2025-09-13T18:45:55.914Z] [LOG] [AntiCheat] Running process check (active)...
[2025-09-13T18:45:56.945Z] [LOG] [AntiCheat] SUSPICIOUS_PROCESS: {"processes":["chrome.exe","discord.exe","whatsapp.exe"],"criticalViolations":[],"highSeverityViolations":["discord.exe"],"threatLevel":"high","shouldTerminate":true}
[2025-09-13T18:45:56.948Z] [LOG] [AntiCheat][DECIDE] willTerminate= true isCandidate= true loggerTestStarted= true testState= active sessionActive= true role= candidate terminationInProgress= false eventData= {"processes":["chrome.exe","discord.exe","whatsapp.exe"],"criticalViolations":[],"highSeverityViolations":["discord.exe"],"threatLevel":"high","shouldTerminate":true}
[2025-09-13T18:45:56.952Z] [LOG] [AntiCheat][GRACE] Suppressing termination inside periodic process check until 2025-09-13T18:46:03.939Z
[2025-09-13T18:45:58.447Z] [LOG] [AntiCheat] WINDOW_REGAINED_FOCUS: {"duration":5243,"awayTimeSeconds":5,"timestamp":"2025-09-13T18:45:58.447Z"}
[2025-09-13T18:45:58.660Z] [ERROR] [App] Failed to load URL: {"errorCode":-102,"errorDesc":"ERR_CONNECTION_REFUSED","validatedURL":"http://localhost:3000/","attempt":4}
[2025-09-13T18:45:58.704Z] [WARN] [App] Retry loading (5/5) in 2400ms...
[2025-09-13T18:45:58.706Z] [ERROR] (node:6372) electron: Failed to load URL: http://localhost:3000/ with error: ERR_CONNECTION_REFUSED
[2025-09-13T18:45:58.750Z] [LOG] [AntiCheat][IPC] Test marked started in logger
[2025-09-13T18:45:58.755Z] [LOG] [AntiCheat][IPC] Grace period active until 2025-09-13T18:46:08.754Z
[2025-09-13T18:45:58.794Z] [LOG] [AntiCheat] startMonitoring called but interval already exists
[2025-09-13T18:45:58.806Z] [LOG] [AntiCheat][IPC] startMonitoring invoked (previous state=active, current=active)
[2025-09-13T18:45:58.811Z] [LOG] [AntiCheat][IPC] Logger status after markTestStarted: {"isActive":true,"sessionId":"auto-1757789141903_1757789141903","eventCount":12,"suspiciousActivity":{"windowSwitches":2,"suspiciousProcesses":[null],"clipboardEvents":1,"pasteAttempts":1},"riskLevel":"HIGH","score":20,"role":"candidate","testStarted":true}
[2025-09-13T18:45:58.838Z] [ERROR] [App] Retry load failed: ERR_CONNECTION_REFUSED (-102) loading 'http://localhost:3000/'
[2025-09-13T18:45:59.106Z] [LOG] [AntiCheat] WINDOW_LOST_FOCUS: {"duration":0,"timestamp":"2025-09-13T18:45:59.106Z"}
[2025-09-13T18:45:59.453Z] [LOG] [AntiCheat] startMonitoring called but interval already exists
[2025-09-13T18:46:02.251Z] [LOG] [AntiCheat] PROCESS_SCAN: {"banned":["chrome.exe","discord.exe","whatsapp.exe"],"criticalViolations":[],"highSeverityViolations":["discord.exe"],"threatLevel":"high","shouldTerminate":true}
[2025-09-13T18:46:02.256Z] [LOG] [AntiCheat][BOOT][GRACE] Violation detected but within grace window; suppression active
[2025-09-13T18:46:02.926Z] [LOG] [AntiCheat] Running process check (active)...
[2025-09-13T18:46:04.211Z] [LOG] [AntiCheat] SUSPICIOUS_PROCESS: {"processes":["chrome.exe","discord.exe","whatsapp.exe"],"criticalViolations":[],"highSeverityViolations":["discord.exe"],"threatLevel":"high","shouldTerminate":true}
[2025-09-13T18:46:04.228Z] [LOG] [AntiCheat][DECIDE] willTerminate= true isCandidate= true loggerTestStarted= true testState= active sessionActive= true role= candidate terminationInProgress= false eventData= {"processes":["chrome.exe","discord.exe","whatsapp.exe"],"criticalViolations":[],"highSeverityViolations":["discord.exe"],"threatLevel":"high","shouldTerminate":true}
[2025-09-13T18:46:04.237Z] [LOG] [AntiCheat][GRACE] Suppressing termination inside periodic process check until 2025-09-13T18:46:08.754Z
[2025-09-13T18:46:04.250Z] [ERROR] [App] Failed to load URL: {"errorCode":-102,"errorDesc":"ERR_CONNECTION_REFUSED","validatedURL":"http://localhost:3000/","attempt":5}
[2025-09-13T18:46:04.253Z] [WARN] [App] Initiating dev port relocation scan (3000-3010)...
[2025-09-13T18:46:04.255Z] [ERROR] (node:6372) electron: Failed to load URL: http://localhost:3000/ with error: ERR_CONNECTION_REFUSED
[2025-09-13T18:46:04.334Z] [LOG] [AntiCheat][IPC] Test marked started in logger
[2025-09-13T18:46:04.335Z] [LOG] [AntiCheat][IPC] Grace period active until 2025-09-13T18:46:14.335Z
[2025-09-13T18:46:04.335Z] [LOG] [AntiCheat] startMonitoring called but interval already exists
[2025-09-13T18:46:04.336Z] [LOG] [AntiCheat][IPC] startMonitoring invoked (previous state=active, current=active)
[2025-09-13T18:46:04.337Z] [LOG] [AntiCheat][IPC] Logger status after markTestStarted: {"isActive":true,"sessionId":"auto-1757789141903_1757789141903","eventCount":15,"suspiciousActivity":{"windowSwitches":3,"suspiciousProcesses":[null],"clipboardEvents":1,"pasteAttempts":1},"riskLevel":"HIGH","score":22,"role":"candidate","testStarted":true}
[2025-09-13T18:46:04.341Z] [ERROR] [App] Retry load failed: ERR_CONNECTION_REFUSED (-102) loading 'http://localhost:3000/'
[2025-09-13T18:46:04.950Z] [LOG] [AntiCheat] startMonitoring called but interval already exists
[2025-09-13T18:46:06.851Z] [LOG] [AntiCheat] PROCESS_SCAN: {"banned":["chrome.exe","discord.exe","whatsapp.exe"],"criticalViolations":[],"highSeverityViolations":["discord.exe"],"threatLevel":"high","shouldTerminate":true}
[2025-09-13T18:46:06.853Z] [LOG] [AntiCheat][BOOT][GRACE] Violation detected but within grace window; suppression active
[2025-09-13T18:46:09.927Z] [LOG] [AntiCheat] Running process check (active)...
[2025-09-13T18:46:10.834Z] [LOG] [AntiCheat] SUSPICIOUS_PROCESS: {"processes":["chrome.exe","discord.exe","whatsapp.exe"],"criticalViolations":[],"highSeverityViolations":["discord.exe"],"threatLevel":"high","shouldTerminate":true}
[2025-09-13T18:46:10.836Z] [LOG] [AntiCheat][DECIDE] willTerminate= true isCandidate= true loggerTestStarted= true testState= active sessionActive= true role= candidate terminationInProgress= false eventData= {"processes":["chrome.exe","discord.exe","whatsapp.exe"],"criticalViolations":[],"highSeverityViolations":["discord.exe"],"threatLevel":"high","shouldTerminate":true}
[2025-09-13T18:46:10.839Z] [LOG] [AntiCheat][GRACE] Suppressing termination inside periodic process check until 2025-09-13T18:46:14.335Z
[2025-09-13T18:46:12.992Z] [LOG] [AntiCheat] WINDOW_REGAINED_FOCUS: {"duration":13886,"awayTimeSeconds":14,"timestamp":"2025-09-13T18:46:12.992Z"}
[2025-09-13T18:46:13.255Z] [LOG] [AntiCheat] PROCESS_SCAN: {"banned":["chrome.exe","discord.exe","whatsapp.exe"],"criticalViolations":[],"highSeverityViolations":["discord.exe"],"threatLevel":"high","shouldTerminate":true}
[2025-09-13T18:46:13.257Z] [LOG] [AntiCheat][BOOT][GRACE] Violation detected but within grace window; suppression active
[2025-09-13T18:46:13.715Z] [LOG] [AntiCheat] WINDOW_LOST_FOCUS: {"duration":0,"timestamp":"2025-09-13T18:46:13.715Z"}
[2025-09-13T18:46:16.930Z] [LOG] [AntiCheat] Running process check (active)...
[2025-09-13T18:46:18.054Z] [LOG] [AntiCheat] SUSPICIOUS_PROCESS: {"processes":["chrome.exe","discord.exe","whatsapp.exe"],"criticalViolations":[],"highSeverityViolations":["discord.exe"],"threatLevel":"high","shouldTerminate":true}
[2025-09-13T18:46:18.058Z] [LOG] [AntiCheat][DECIDE] willTerminate= true isCandidate= true loggerTestStarted= true testState= active sessionActive= true role= candidate terminationInProgress= false eventData= {"processes":["chrome.exe","discord.exe","whatsapp.exe"],"criticalViolations":[],"highSeverityViolations":["discord.exe"],"threatLevel":"high","shouldTerminate":true}
[2025-09-13T18:46:18.064Z] [LOG] [AntiCheat] Terminating due to violation: {"processes":["chrome.exe","discord.exe","whatsapp.exe"],"criticalViolations":[],"highSeverityViolations":["discord.exe"],"threatLevel":"high","shouldTerminate":true}
[2025-09-13T18:46:18.066Z] [LOG] [AntiCheat] TERMINATING INTERVIEW SESSION due to violations: ["chrome.exe","discord.exe","whatsapp.exe"]
[2025-09-13T18:46:18.068Z] [LOG] [AntiCheat] Monitoring STOPPED
[2025-09-13T18:46:18.070Z] [LOG] [AntiCheat] INTERVIEW_TERMINATED: {"reason":"Critical security violations detected","violations":["chrome.exe","discord.exe","whatsapp.exe"],"filteredViolations":["discord.exe","whatsapp.exe"],"criticalViolations":[],"highSeverityViolations":["discord.exe"],"threatLevel":"high","timestamp":"2025-09-13T18:46:18.069Z","terminationTriggered":true}
[2025-09-13T18:46:19.177Z] [LOG] [AntiCheat] PROCESS_SCAN: {"banned":["chrome.exe","discord.exe","whatsapp.exe"],"criticalViolations":[],"highSeverityViolations":["discord.exe"],"threatLevel":"high","shouldTerminate":true}
[2025-09-13T18:46:19.182Z] [LOG] [AntiCheat][BOOT] Terminating via bootstrap scan...
[2025-09-13T18:46:19.183Z] [LOG] [AntiCheat] TERMINATING INTERVIEW SESSION due to violations: ["chrome.exe","discord.exe","whatsapp.exe"]
[2025-09-13T18:46:19.185Z] [LOG] [AntiCheat] INTERVIEW_TERMINATED: {"reason":"Critical security violations detected","violations":["chrome.exe","discord.exe","whatsapp.exe"],"filteredViolations":["discord.exe","whatsapp.exe"],"criticalViolations":[],"highSeverityViolations":["discord.exe"],"threatLevel":"high","timestamp":"2025-09-13T18:46:19.185Z","terminationTriggered":true}
[2025-09-13T18:46:19.286Z] [LOG] [AntiCheat] Redirecting to termination page: http://localhost:3000/interview-terminated
[2025-09-13T18:46:20.325Z] [LOG] [AntiCheat] SESSION_END: {"sessionId":"auto-1757789141903_1757789141903","totalEvents":24,"suspiciousActivity":{"windowSwitches":4,"suspiciousProcesses":[null],"clipboardEvents":1,"pasteAttempts":1},"timestamp":"2025-09-13T18:46:20.325Z"}
[2025-09-13T18:46:20.355Z] [LOG] [AntiCheat] Session log saved: C:\Users\Hp\Desktop\codevail-app\logs\session_auto-1757789141903_1757789141903.json
[2025-09-13T18:46:20.359Z] [LOG] [AntiCheat] Session ended: auto-1757789141903_1757789141903
[2025-09-13T18:46:20.360Z] [LOG] [Diag] Process exiting with code 0
