[2025-09-13T18:43:10.610Z] [LOG] [Startup] Logging to C:\Users\Hp\Desktop\codevail-app\logs\electron-2025-09-13T18-43-10-610Z.log
[2025-09-13T18:43:48.123Z] [ERROR] No dev server found on localhost:3000-3005
[2025-09-13T18:43:48.131Z] [LOG] Loading fallback URL: http://localhost:3000
[2025-09-13T18:43:50.952Z] [ERROR] [App] Failed to load URL: {"errorCode":-102,"errorDesc":"ERR_CONNECTION_REFUSED","validatedURL":"http://localhost:3000/","attempt":0}
[2025-09-13T18:43:50.961Z] [WARN] [App] Retry loading (1/5) in 1200ms...
[2025-09-13T18:43:50.963Z] [ERROR] (node:14864) electron: Failed to load URL: http://localhost:3000/ with error: ERR_CONNECTION_REFUSED
(Use `electron --trace-warnings ...` to show where the warning was created)
[2025-09-13T18:43:51.071Z] [LOG] [AntiCheat] Setting up monitoring system...
[2025-09-13T18:43:51.072Z] [LOG] [AntiCheat] Monitoring system initialized
[2025-09-13T18:43:54.540Z] [ERROR] [App] Failed to load URL: {"errorCode":-102,"errorDesc":"ERR_CONNECTION_REFUSED","validatedURL":"http://localhost:3000/","attempt":1}
[2025-09-13T18:43:54.548Z] [WARN] [App] Retry loading (2/5) in 1500ms...
[2025-09-13T18:43:54.550Z] [ERROR] (node:14864) electron: Failed to load URL: http://localhost:3000/ with error: ERR_CONNECTION_REFUSED
[2025-09-13T18:43:54.578Z] [ERROR] [App] Retry load failed: ERR_CONNECTION_REFUSED (-102) loading 'http://localhost:3000/'
[2025-09-13T18:43:58.463Z] [ERROR] [App] Failed to load URL: {"errorCode":-102,"errorDesc":"ERR_CONNECTION_REFUSED","validatedURL":"http://localhost:3000/","attempt":2}
[2025-09-13T18:43:58.465Z] [WARN] [App] Retry loading (3/5) in 1800ms...
[2025-09-13T18:43:58.467Z] [ERROR] (node:14864) electron: Failed to load URL: http://localhost:3000/ with error: ERR_CONNECTION_REFUSED
[2025-09-13T18:43:58.521Z] [ERROR] [App] Retry load failed: ERR_CONNECTION_REFUSED (-102) loading 'http://localhost:3000/'
[2025-09-13T18:44:02.804Z] [ERROR] [App] Failed to load URL: {"errorCode":-102,"errorDesc":"ERR_CONNECTION_REFUSED","validatedURL":"http://localhost:3000/","attempt":3}
[2025-09-13T18:44:02.845Z] [WARN] [App] Retry loading (4/5) in 2100ms...
[2025-09-13T18:44:02.846Z] [ERROR] (node:14864) electron: Failed to load URL: http://localhost:3000/ with error: ERR_CONNECTION_REFUSED
[2025-09-13T18:44:02.881Z] [ERROR] [App] Retry load failed: ERR_CONNECTION_REFUSED (-102) loading 'http://localhost:3000/'
[2025-09-13T18:44:03.675Z] [LOG] [Diag] Process exiting with code 0
