[2025-09-13T18:14:30.417Z] [LOG] [Startup] Logging to C:\Users\Hp\Desktop\codevail-app\logs\electron-2025-09-13T18-14-30-417Z.log
[2025-09-13T18:14:33.202Z] [LOG] Loading dev URL: http://localhost:3000
[2025-09-13T18:14:35.108Z] [LOG] [Nav] did-navigate http://localhost:3000/
[2025-09-13T18:14:36.392Z] [LOG] [AntiCheat] Setting up monitoring system...
[2025-09-13T18:14:36.395Z] [LOG] [AntiCheat] Monitoring system initialized
[2025-09-13T18:14:36.533Z] [LOG] [Nav] did-navigate-in-page http://localhost:3000/
[2025-09-13T18:14:42.863Z] [LOG] [Nav] did-navigate-in-page http://localhost:3000/login
[2025-09-13T18:14:46.419Z] [LOG] [Nav] did-navigate-in-page http://localhost:3000/login
[2025-09-13T18:14:56.400Z] [LOG] [Nav] did-navigate-in-page http://localhost:3000/candidate-dashboard
[2025-09-13T18:14:58.088Z] [LOG] [Nav] did-navigate-in-page http://localhost:3000/candidate-dashboard
[2025-09-13T18:14:59.516Z] [LOG] [Nav] did-navigate-in-page http://localhost:3000/candidate-dashboard
[2025-09-13T18:15:00.977Z] [LOG] [Nav] did-navigate-in-page http://localhost:3000/candidate-dashboard
[2025-09-13T18:15:02.807Z] [LOG] [Nav] did-navigate-in-page http://localhost:3000/candidate-dashboard
[2025-09-13T18:15:04.173Z] [LOG] [Nav] did-navigate-in-page http://localhost:3000/candidate-dashboard
[2025-09-13T18:15:05.296Z] [LOG] [Nav] did-navigate-in-page http://localhost:3000/candidate-dashboard
[2025-09-13T18:15:06.570Z] [LOG] [Nav] did-navigate-in-page http://localhost:3000/candidate-dashboard
[2025-09-13T18:15:07.800Z] [LOG] [Nav] did-navigate-in-page http://localhost:3000/candidate-dashboard
[2025-09-13T18:15:09.450Z] [LOG] [Nav] did-navigate-in-page http://localhost:3000/candidate-dashboard
[2025-09-13T18:15:12.027Z] [LOG] [Nav] did-navigate-in-page http://localhost:3000/interview
[2025-09-13T18:15:14.370Z] [LOG] [Nav] did-navigate-in-page http://localhost:3000/interview
[2025-09-13T18:15:15.749Z] [LOG] [Nav] did-navigate-in-page http://localhost:3000/interview
[2025-09-13T18:15:17.206Z] [LOG] [Nav] did-navigate-in-page http://localhost:3000/interview
[2025-09-13T18:15:18.145Z] [LOG] [Nav] did-navigate-in-page http://localhost:3000/interview
[2025-09-13T18:15:19.095Z] [LOG] [Nav] did-navigate-in-page http://localhost:3000/interview
[2025-09-13T18:15:20.949Z] [LOG] [Nav] did-navigate-in-page http://localhost:3000/interview
[2025-09-13T18:15:23.302Z] [LOG] [Nav] did-navigate-in-page http://localhost:3000/interview
[2025-09-13T18:15:28.299Z] [LOG] [Nav] did-navigate-in-page http://localhost:3000/interview
[2025-09-13T18:15:30.325Z] [LOG] [Nav] did-navigate-in-page http://localhost:3000/interview
[2025-09-13T18:15:33.116Z] [LOG] [Nav] did-navigate-in-page http://localhost:3000/interview
[2025-09-13T18:15:38.833Z] [LOG] [Nav] did-navigate-in-page http://localhost:3000/interview
[2025-09-13T18:15:41.985Z] [LOG] [Nav] did-navigate-in-page http://localhost:3000/interview
[2025-09-13T18:15:44.449Z] [LOG] [Nav] did-navigate-in-page http://localhost:3000/interview
[2025-09-13T18:15:45.855Z] [LOG] [Nav] did-navigate-in-page http://localhost:3000/interview
[2025-09-13T18:15:48.173Z] [LOG] [Nav] did-navigate-in-page http://localhost:3000/interview
[2025-09-13T18:15:49.716Z] [LOG] [Nav] did-navigate-in-page http://localhost:3000/interview
[2025-09-13T18:15:58.990Z] [LOG] [Nav] did-navigate-in-page http://localhost:3000/interview
[2025-09-13T18:16:06.071Z] [LOG] [Nav] did-navigate-in-page http://localhost:3000/interview
[2025-09-13T18:16:08.516Z] [LOG] [Nav] did-navigate-in-page http://localhost:3000/interview
[2025-09-13T18:16:10.327Z] [LOG] [Nav] did-navigate-in-page http://localhost:3000/interview
[2025-09-13T18:16:16.748Z] [LOG] [Nav] did-navigate-in-page http://localhost:3000/interview
[2025-09-13T18:16:20.232Z] [LOG] [Nav] did-navigate-in-page http://localhost:3000/interview
[2025-09-13T18:16:22.025Z] [LOG] [Nav] did-navigate-in-page http://localhost:3000/interview
[2025-09-13T18:16:24.402Z] [LOG] [Nav] did-navigate-in-page http://localhost:3000/interview
[2025-09-13T18:16:26.756Z] [LOG] [Nav] did-navigate-in-page http://localhost:3000/interview
[2025-09-13T18:16:28.923Z] [LOG] [Nav] did-navigate-in-page http://localhost:3000/interview
[2025-09-13T18:16:30.628Z] [LOG] [Nav] did-navigate-in-page http://localhost:3000/interview
[2025-09-13T18:16:32.409Z] [LOG] [Nav] did-navigate-in-page http://localhost:3000/interview
[2025-09-13T18:16:34.024Z] [LOG] [Nav] did-navigate-in-page http://localhost:3000/interview
[2025-09-13T18:16:35.694Z] [LOG] [Nav] did-navigate-in-page http://localhost:3000/interview
[2025-09-13T18:16:37.461Z] [LOG] [Nav] did-navigate-in-page http://localhost:3000/interview
[2025-09-13T18:16:39.062Z] [LOG] [Nav] did-navigate-in-page http://localhost:3000/interview
[2025-09-13T18:16:40.571Z] [LOG] [Nav] did-navigate-in-page http://localhost:3000/interview
[2025-09-13T18:16:42.348Z] [LOG] [Nav] did-navigate-in-page http://localhost:3000/interview
[2025-09-13T18:16:44.158Z] [LOG] [Nav] did-navigate-in-page http://localhost:3000/interview
[2025-09-13T18:16:46.670Z] [LOG] [Nav] did-navigate-in-page http://localhost:3000/interview
[2025-09-13T18:16:49.154Z] [LOG] [Nav] did-navigate-in-page http://localhost:3000/interview
[2025-09-13T18:16:54.390Z] [LOG] [Nav] did-navigate-in-page http://localhost:3000/interview
[2025-09-13T18:16:59.594Z] [LOG] [Nav] did-navigate-in-page http://localhost:3000/interview
[2025-09-13T18:17:03.437Z] [LOG] [Nav] did-navigate-in-page http://localhost:3000/interview
[2025-09-13T18:17:06.570Z] [LOG] [Nav] did-navigate-in-page http://localhost:3000/interview
[2025-09-13T18:17:09.785Z] [LOG] [Nav] did-navigate-in-page http://localhost:3000/interview
[2025-09-13T18:17:13.487Z] [LOG] [Nav] did-navigate-in-page http://localhost:3000/interview
[2025-09-13T18:17:20.256Z] [LOG] [Nav] did-navigate-in-page http://localhost:3000/interview
[2025-09-13T18:17:28.250Z] [LOG] [Nav] did-navigate-in-page http://localhost:3000/interview
[2025-09-13T18:17:34.668Z] [LOG] [Nav] did-navigate-in-page http://localhost:3000/interview
[2025-09-13T18:17:38.915Z] [LOG] [Nav] did-navigate-in-page http://localhost:3000/interview
[2025-09-13T18:17:43.320Z] [LOG] [Diag] Process exiting with code 0
